{"total": {"lines":{"total":4521,"covered":1132,"skipped":0,"pct":25.03},"statements":{"total":5870,"covered":1344,"skipped":0,"pct":22.89},"functions":{"total":1384,"covered":283,"skipped":0,"pct":20.44},"branches":{"total":5262,"covered":994,"skipped":0,"pct":18.89},"branchesTrue":{"total":0,"covered":0,"skipped":0,"pct":100}}
,"/workspaces/financia/src/App.jsx": {"lines":{"total":170,"covered":0,"skipped":0,"pct":0},"functions":{"total":48,"covered":0,"skipped":0,"pct":0},"statements":{"total":224,"covered":0,"skipped":0,"pct":0},"branches":{"total":124,"covered":0,"skipped":0,"pct":0}}
,"/workspaces/financia/src/main.jsx": {"lines":{"total":2,"covered":0,"skipped":0,"pct":0},"functions":{"total":0,"covered":0,"skipped":0,"pct":100},"statements":{"total":2,"covered":0,"skipped":0,"pct":0},"branches":{"total":0,"covered":0,"skipped":0,"pct":100}}
,"/workspaces/financia/src/core/boot.js": {"lines":{"total":1,"covered":0,"skipped":0,"pct":0},"functions":{"total":1,"covered":0,"skipped":0,"pct":0},"statements":{"total":1,"covered":0,"skipped":0,"pct":0},"branches":{"total":0,"covered":0,"skipped":0,"pct":100}}
,"/workspaces/financia/src/core/providers.jsx": {"lines":{"total":2,"covered":0,"skipped":0,"pct":0},"functions":{"total":1,"covered":0,"skipped":0,"pct":0},"statements":{"total":2,"covered":0,"skipped":0,"pct":0},"branches":{"total":0,"covered":0,"skipped":0,"pct":100}}
,"/workspaces/financia/src/features/admin/AdminPanel.jsx": {"lines":{"total":221,"covered":0,"skipped":0,"pct":0},"functions":{"total":69,"covered":0,"skipped":0,"pct":0},"statements":{"total":321,"covered":0,"skipped":0,"pct":0},"branches":{"total":302,"covered":0,"skipped":0,"pct":0}}
,"/workspaces/financia/src/features/admin/ClientEditModal.jsx": {"lines":{"total":186,"covered":0,"skipped":0,"pct":0},"functions":{"total":44,"covered":0,"skipped":0,"pct":0},"statements":{"total":244,"covered":0,"skipped":0,"pct":0},"branches":{"total":209,"covered":0,"skipped":0,"pct":0}}
,"/workspaces/financia/src/features/admin/GhTokenCard.jsx": {"lines":{"total":6,"covered":0,"skipped":0,"pct":0},"functions":{"total":4,"covered":0,"skipped":0,"pct":0},"statements":{"total":8,"covered":0,"skipped":0,"pct":0},"branches":{"total":20,"covered":0,"skipped":0,"pct":0}}
,"/workspaces/financia/src/features/auth/Login.jsx": {"lines":{"total":100,"covered":0,"skipped":0,"pct":0},"functions":{"total":27,"covered":0,"skipped":0,"pct":0},"statements":{"total":138,"covered":0,"skipped":0,"pct":0},"branches":{"total":145,"covered":0,"skipped":0,"pct":0}}
,"/workspaces/financia/src/features/auth/useAuthBootstrap.js": {"lines":{"total":30,"covered":0,"skipped":0,"pct":0},"functions":{"total":8,"covered":0,"skipped":0,"pct":0},"statements":{"total":36,"covered":0,"skipped":0,"pct":0},"branches":{"total":16,"covered":0,"skipped":0,"pct":0}}
,"/workspaces/financia/src/features/auth/useImpersonation.js": {"lines":{"total":31,"covered":0,"skipped":0,"pct":0},"functions":{"total":11,"covered":0,"skipped":0,"pct":0},"statements":{"total":41,"covered":0,"skipped":0,"pct":0},"branches":{"total":19,"covered":0,"skipped":0,"pct":0}}
,"/workspaces/financia/src/features/auth/useSession.js": {"lines":{"total":98,"covered":0,"skipped":0,"pct":0},"functions":{"total":13,"covered":0,"skipped":0,"pct":0},"statements":{"total":130,"covered":0,"skipped":0,"pct":0},"branches":{"total":78,"covered":0,"skipped":0,"pct":0}}
,"/workspaces/financia/src/features/branding/BrandGlobalEditor.jsx": {"lines":{"total":19,"covered":7,"skipped":0,"pct":36.84},"functions":{"total":11,"covered":5,"skipped":0,"pct":45.45},"statements":{"total":24,"covered":8,"skipped":0,"pct":33.33},"branches":{"total":17,"covered":8,"skipped":0,"pct":47.05}}
,"/workspaces/financia/src/features/branding/BrandStudioView.jsx": {"lines":{"total":65,"covered":31,"skipped":0,"pct":47.69},"functions":{"total":23,"covered":8,"skipped":0,"pct":34.78},"statements":{"total":77,"covered":32,"skipped":0,"pct":41.55},"branches":{"total":81,"covered":42,"skipped":0,"pct":51.85}}
,"/workspaces/financia/src/features/branding/LogoSchemes.jsx": {"lines":{"total":69,"covered":19,"skipped":0,"pct":27.53},"functions":{"total":28,"covered":4,"skipped":0,"pct":14.28},"statements":{"total":83,"covered":19,"skipped":0,"pct":22.89},"branches":{"total":34,"covered":2,"skipped":0,"pct":5.88}}
,"/workspaces/financia/src/features/branding/ModuleEditor.jsx": {"lines":{"total":87,"covered":56,"skipped":0,"pct":64.36},"functions":{"total":29,"covered":16,"skipped":0,"pct":55.17},"statements":{"total":99,"covered":60,"skipped":0,"pct":60.6},"branches":{"total":100,"covered":55,"skipped":0,"pct":55}}
,"/workspaces/financia/src/features/branding/PlanTabsEditor.jsx": {"lines":{"total":60,"covered":57,"skipped":0,"pct":95},"functions":{"total":25,"covered":24,"skipped":0,"pct":96},"statements":{"total":75,"covered":71,"skipped":0,"pct":94.66},"branches":{"total":82,"covered":58,"skipped":0,"pct":70.73}}
,"/workspaces/financia/src/features/branding/PreviewGeral.jsx": {"lines":{"total":49,"covered":48,"skipped":0,"pct":97.95},"functions":{"total":4,"covered":4,"skipped":0,"pct":100},"statements":{"total":51,"covered":50,"skipped":0,"pct":98.03},"branches":{"total":68,"covered":65,"skipped":0,"pct":95.58}}
,"/workspaces/financia/src/features/branding/defaults.js": {"lines":{"total":29,"covered":27,"skipped":0,"pct":93.1},"functions":{"total":4,"covered":1,"skipped":0,"pct":25},"statements":{"total":30,"covered":27,"skipped":0,"pct":90},"branches":{"total":2,"covered":1,"skipped":0,"pct":50}}
,"/workspaces/financia/src/features/branding/logoUtils.js": {"lines":{"total":5,"covered":5,"skipped":0,"pct":100},"functions":{"total":4,"covered":4,"skipped":0,"pct":100},"statements":{"total":6,"covered":6,"skipped":0,"pct":100},"branches":{"total":10,"covered":10,"skipped":0,"pct":100}}
,"/workspaces/financia/src/features/branding/planThemes.js": {"lines":{"total":32,"covered":1,"skipped":0,"pct":3.12},"functions":{"total":6,"covered":0,"skipped":0,"pct":0},"statements":{"total":42,"covered":1,"skipped":0,"pct":2.38},"branches":{"total":60,"covered":0,"skipped":0,"pct":0}}
,"/workspaces/financia/src/features/branding/presets.js": {"lines":{"total":82,"covered":66,"skipped":0,"pct":80.48},"functions":{"total":29,"covered":24,"skipped":0,"pct":82.75},"statements":{"total":94,"covered":76,"skipped":0,"pct":80.85},"branches":{"total":58,"covered":35,"skipped":0,"pct":60.34}}
,"/workspaces/financia/src/features/branding/previewValidator.js": {"lines":{"total":71,"covered":0,"skipped":0,"pct":0},"functions":{"total":9,"covered":0,"skipped":0,"pct":0},"statements":{"total":82,"covered":0,"skipped":0,"pct":0},"branches":{"total":68,"covered":0,"skipped":0,"pct":0}}
,"/workspaces/financia/src/features/branding/responseProcessor.js": {"lines":{"total":15,"covered":13,"skipped":0,"pct":86.66},"functions":{"total":3,"covered":2,"skipped":0,"pct":66.66},"statements":{"total":15,"covered":13,"skipped":0,"pct":86.66},"branches":{"total":32,"covered":24,"skipped":0,"pct":75}}
,"/workspaces/financia/src/features/branding/schemaRegistry.js": {"lines":{"total":113,"covered":77,"skipped":0,"pct":68.14},"functions":{"total":12,"covered":9,"skipped":0,"pct":75},"statements":{"total":116,"covered":78,"skipped":0,"pct":67.24},"branches":{"total":131,"covered":88,"skipped":0,"pct":67.17}}
,"/workspaces/financia/src/features/branding/schemaVersion.js": {"lines":{"total":1,"covered":0,"skipped":0,"pct":0},"functions":{"total":0,"covered":0,"skipped":0,"pct":100},"statements":{"total":1,"covered":0,"skipped":0,"pct":0},"branches":{"total":0,"covered":0,"skipped":0,"pct":100}}
,"/workspaces/financia/src/features/branding/useBrandStudio.js": {"lines":{"total":92,"covered":38,"skipped":0,"pct":41.3},"functions":{"total":33,"covered":9,"skipped":0,"pct":27.27},"statements":{"total":130,"covered":43,"skipped":0,"pct":33.07},"branches":{"total":113,"covered":27,"skipped":0,"pct":23.89}}
,"/workspaces/financia/src/features/dashboard/Dashboard.jsx": {"lines":{"total":63,"covered":0,"skipped":0,"pct":0},"functions":{"total":32,"covered":0,"skipped":0,"pct":0},"statements":{"total":88,"covered":0,"skipped":0,"pct":0},"branches":{"total":83,"covered":0,"skipped":0,"pct":0}}
,"/workspaces/financia/src/features/email/EmailView.jsx": {"lines":{"total":58,"covered":0,"skipped":0,"pct":0},"functions":{"total":13,"covered":0,"skipped":0,"pct":0},"statements":{"total":66,"covered":0,"skipped":0,"pct":0},"branches":{"total":53,"covered":0,"skipped":0,"pct":0}}
,"/workspaces/financia/src/features/inventory/InventoryView.jsx": {"lines":{"total":158,"covered":0,"skipped":0,"pct":0},"functions":{"total":67,"covered":0,"skipped":0,"pct":0},"statements":{"total":206,"covered":0,"skipped":0,"pct":0},"branches":{"total":204,"covered":0,"skipped":0,"pct":0}}
,"/workspaces/financia/src/features/inventory/useLosses.js": {"lines":{"total":26,"covered":26,"skipped":0,"pct":100},"functions":{"total":8,"covered":8,"skipped":0,"pct":100},"statements":{"total":42,"covered":42,"skipped":0,"pct":100},"branches":{"total":28,"covered":26,"skipped":0,"pct":92.85}}
,"/workspaces/financia/src/features/inventory/useProducts.js": {"lines":{"total":36,"covered":36,"skipped":0,"pct":100},"functions":{"total":11,"covered":11,"skipped":0,"pct":100},"statements":{"total":56,"covered":55,"skipped":0,"pct":98.21},"branches":{"total":46,"covered":35,"skipped":0,"pct":76.08}}
,"/workspaces/financia/src/features/landing/Landing.jsx": {"lines":{"total":83,"covered":0,"skipped":0,"pct":0},"functions":{"total":29,"covered":0,"skipped":0,"pct":0},"statements":{"total":97,"covered":0,"skipped":0,"pct":0},"branches":{"total":68,"covered":0,"skipped":0,"pct":0}}
,"/workspaces/financia/src/features/landing/PrivacyPolicy.jsx": {"lines":{"total":12,"covered":0,"skipped":0,"pct":0},"functions":{"total":4,"covered":0,"skipped":0,"pct":0},"statements":{"total":13,"covered":0,"skipped":0,"pct":0},"branches":{"total":6,"covered":0,"skipped":0,"pct":0}}
,"/workspaces/financia/src/features/landing/TermsOfService.jsx": {"lines":{"total":11,"covered":0,"skipped":0,"pct":0},"functions":{"total":4,"covered":0,"skipped":0,"pct":0},"statements":{"total":12,"covered":0,"skipped":0,"pct":0},"branches":{"total":4,"covered":0,"skipped":0,"pct":0}}
,"/workspaces/financia/src/features/plans/PlansView.jsx": {"lines":{"total":125,"covered":0,"skipped":0,"pct":0},"functions":{"total":26,"covered":0,"skipped":0,"pct":0},"statements":{"total":151,"covered":0,"skipped":0,"pct":0},"branches":{"total":189,"covered":0,"skipped":0,"pct":0}}
,"/workspaces/financia/src/features/reports/ReportView.jsx": {"lines":{"total":55,"covered":0,"skipped":0,"pct":0},"functions":{"total":33,"covered":0,"skipped":0,"pct":0},"statements":{"total":81,"covered":0,"skipped":0,"pct":0},"branches":{"total":78,"covered":0,"skipped":0,"pct":0}}
,"/workspaces/financia/src/features/settings/SettingsView.jsx": {"lines":{"total":152,"covered":0,"skipped":0,"pct":0},"functions":{"total":54,"covered":0,"skipped":0,"pct":0},"statements":{"total":210,"covered":0,"skipped":0,"pct":0},"branches":{"total":260,"covered":0,"skipped":0,"pct":0}}
,"/workspaces/financia/src/features/transactions/TxView.jsx": {"lines":{"total":133,"covered":0,"skipped":0,"pct":0},"functions":{"total":69,"covered":0,"skipped":0,"pct":0},"statements":{"total":180,"covered":0,"skipped":0,"pct":0},"branches":{"total":154,"covered":0,"skipped":0,"pct":0}}
,"/workspaces/financia/src/features/transactions/useTx.js": {"lines":{"total":40,"covered":28,"skipped":0,"pct":70},"functions":{"total":11,"covered":8,"skipped":0,"pct":72.72},"statements":{"total":66,"covered":44,"skipped":0,"pct":66.66},"branches":{"total":56,"covered":32,"skipped":0,"pct":57.14}}
,"/workspaces/financia/src/lib/aiClient.js": {"lines":{"total":81,"covered":0,"skipped":0,"pct":0},"functions":{"total":14,"covered":0,"skipped":0,"pct":0},"statements":{"total":100,"covered":0,"skipped":0,"pct":0},"branches":{"total":92,"covered":0,"skipped":0,"pct":0}}
,"/workspaces/financia/src/lib/auth.js": {"lines":{"total":17,"covered":12,"skipped":0,"pct":70.58},"functions":{"total":8,"covered":5,"skipped":0,"pct":62.5},"statements":{"total":19,"covered":12,"skipped":0,"pct":63.15},"branches":{"total":4,"covered":2,"skipped":0,"pct":50}}
,"/workspaces/financia/src/lib/constants.js": {"lines":{"total":54,"covered":54,"skipped":0,"pct":100},"functions":{"total":10,"covered":10,"skipped":0,"pct":100},"statements":{"total":65,"covered":65,"skipped":0,"pct":100},"branches":{"total":42,"covered":38,"skipped":0,"pct":90.47}}
,"/workspaces/financia/src/lib/crud.js": {"lines":{"total":28,"covered":24,"skipped":0,"pct":85.71},"functions":{"total":13,"covered":13,"skipped":0,"pct":100},"statements":{"total":42,"covered":38,"skipped":0,"pct":90.47},"branches":{"total":22,"covered":18,"skipped":0,"pct":81.81}}
,"/workspaces/financia/src/lib/dexie.js": {"lines":{"total":23,"covered":12,"skipped":0,"pct":52.17},"functions":{"total":5,"covered":0,"skipped":0,"pct":0},"statements":{"total":26,"covered":12,"skipped":0,"pct":46.15},"branches":{"total":13,"covered":0,"skipped":0,"pct":0}}
,"/workspaces/financia/src/lib/exporters.js": {"lines":{"total":27,"covered":0,"skipped":0,"pct":0},"functions":{"total":11,"covered":0,"skipped":0,"pct":0},"statements":{"total":35,"covered":0,"skipped":0,"pct":0},"branches":{"total":30,"covered":0,"skipped":0,"pct":0}}
,"/workspaces/financia/src/lib/pwa.js": {"lines":{"total":78,"covered":0,"skipped":0,"pct":0},"functions":{"total":34,"covered":0,"skipped":0,"pct":0},"statements":{"total":109,"covered":0,"skipped":0,"pct":0},"branches":{"total":50,"covered":0,"skipped":0,"pct":0}}
,"/workspaces/financia/src/lib/recurring.js": {"lines":{"total":40,"covered":23,"skipped":0,"pct":57.5},"functions":{"total":16,"covered":9,"skipped":0,"pct":56.25},"statements":{"total":54,"covered":25,"skipped":0,"pct":46.29},"branches":{"total":41,"covered":18,"skipped":0,"pct":43.9}}
,"/workspaces/financia/src/lib/stripe.js": {"lines":{"total":63,"covered":45,"skipped":0,"pct":71.42},"functions":{"total":14,"covered":7,"skipped":0,"pct":50},"statements":{"total":83,"covered":57,"skipped":0,"pct":68.67},"branches":{"total":116,"covered":66,"skipped":0,"pct":56.89}}
,"/workspaces/financia/src/lib/supabase.js": {"lines":{"total":79,"covered":14,"skipped":0,"pct":17.72},"functions":{"total":54,"covered":16,"skipped":0,"pct":29.62},"statements":{"total":89,"covered":14,"skipped":0,"pct":15.73},"branches":{"total":36,"covered":12,"skipped":0,"pct":33.33}}
,"/workspaces/financia/src/lib/sync.js": {"lines":{"total":134,"covered":101,"skipped":0,"pct":75.37},"functions":{"total":23,"covered":13,"skipped":0,"pct":56.52},"statements":{"total":168,"covered":113,"skipped":0,"pct":67.26},"branches":{"total":135,"covered":73,"skipped":0,"pct":54.07}}
,"/workspaces/financia/src/lib/utils.js": {"lines":{"total":143,"covered":135,"skipped":0,"pct":94.4},"functions":{"total":33,"covered":30,"skipped":0,"pct":90.9},"statements":{"total":200,"covered":188,"skipped":0,"pct":94},"branches":{"total":136,"covered":124,"skipped":0,"pct":91.17}}
,"/workspaces/financia/src/routes/routes.jsx": {"lines":{"total":13,"covered":0,"skipped":0,"pct":0},"functions":{"total":12,"covered":0,"skipped":0,"pct":0},"statements":{"total":21,"covered":0,"skipped":0,"pct":0},"branches":{"total":0,"covered":0,"skipped":0,"pct":100}}
,"/workspaces/financia/src/shared/FeatureErrorBoundary.jsx": {"lines":{"total":10,"covered":0,"skipped":0,"pct":0},"functions":{"total":6,"covered":0,"skipped":0,"pct":0},"statements":{"total":10,"covered":0,"skipped":0,"pct":0},"branches":{"total":6,"covered":0,"skipped":0,"pct":0}}
,"/workspaces/financia/src/shared/GlobalErrorBoundary.jsx": {"lines":{"total":8,"covered":0,"skipped":0,"pct":0},"functions":{"total":5,"covered":0,"skipped":0,"pct":0},"statements":{"total":8,"covered":0,"skipped":0,"pct":0},"branches":{"total":2,"covered":0,"skipped":0,"pct":0}}
,"/workspaces/financia/src/shared/WidgetErrorBoundary.jsx": {"lines":{"total":7,"covered":0,"skipped":0,"pct":0},"functions":{"total":4,"covered":0,"skipped":0,"pct":0},"statements":{"total":7,"covered":0,"skipped":0,"pct":0},"branches":{"total":2,"covered":0,"skipped":0,"pct":0}}
,"/workspaces/financia/src/shared/hooks/useBrandAppearance.js": {"lines":{"total":142,"covered":53,"skipped":0,"pct":37.32},"functions":{"total":20,"covered":14,"skipped":0,"pct":70},"statements":{"total":202,"covered":56,"skipped":0,"pct":27.72},"branches":{"total":237,"covered":61,"skipped":0,"pct":25.73}}
,"/workspaces/financia/src/shared/hooks/useBrandManager.js": {"lines":{"total":45,"covered":0,"skipped":0,"pct":0},"functions":{"total":4,"covered":0,"skipped":0,"pct":0},"statements":{"total":58,"covered":0,"skipped":0,"pct":0},"branches":{"total":93,"covered":0,"skipped":0,"pct":0}}
,"/workspaces/financia/src/shared/hooks/useDataLoader.js": {"lines":{"total":35,"covered":0,"skipped":0,"pct":0},"functions":{"total":12,"covered":0,"skipped":0,"pct":0},"statements":{"total":45,"covered":0,"skipped":0,"pct":0},"branches":{"total":51,"covered":0,"skipped":0,"pct":0}}
,"/workspaces/financia/src/shared/hooks/useRealtime.js": {"lines":{"total":22,"covered":0,"skipped":0,"pct":0},"functions":{"total":6,"covered":0,"skipped":0,"pct":0},"statements":{"total":28,"covered":0,"skipped":0,"pct":0},"branches":{"total":30,"covered":0,"skipped":0,"pct":0}}
,"/workspaces/financia/src/shared/hooks/useScrollReveal.js": {"lines":{"total":39,"covered":0,"skipped":0,"pct":0},"functions":{"total":18,"covered":0,"skipped":0,"pct":0},"statements":{"total":47,"covered":0,"skipped":0,"pct":0},"branches":{"total":13,"covered":0,"skipped":0,"pct":0}}
,"/workspaces/financia/src/shared/hooks/useStripeCheckoutInit.js": {"lines":{"total":173,"covered":0,"skipped":0,"pct":0},"functions":{"total":40,"covered":0,"skipped":0,"pct":0},"statements":{"total":247,"covered":0,"skipped":0,"pct":0},"branches":{"total":230,"covered":0,"skipped":0,"pct":0}}
,"/workspaces/financia/src/shared/hooks/useSyncLoop.js": {"lines":{"total":39,"covered":0,"skipped":0,"pct":0},"functions":{"total":15,"covered":0,"skipped":0,"pct":0},"statements":{"total":52,"covered":0,"skipped":0,"pct":0},"branches":{"total":29,"covered":0,"skipped":0,"pct":0}}
,"/workspaces/financia/src/shared/ui/AiInsightsCard.jsx": {"lines":{"total":20,"covered":0,"skipped":0,"pct":0},"functions":{"total":8,"covered":0,"skipped":0,"pct":0},"statements":{"total":28,"covered":0,"skipped":0,"pct":0},"branches":{"total":38,"covered":0,"skipped":0,"pct":0}}
,"/workspaces/financia/src/shared/ui/BottomNav.jsx": {"lines":{"total":5,"covered":0,"skipped":0,"pct":0},"functions":{"total":3,"covered":0,"skipped":0,"pct":0},"statements":{"total":5,"covered":0,"skipped":0,"pct":0},"branches":{"total":12,"covered":0,"skipped":0,"pct":0}}
,"/workspaces/financia/src/shared/ui/CardBrandIcon.jsx": {"lines":{"total":10,"covered":0,"skipped":0,"pct":0},"functions":{"total":1,"covered":0,"skipped":0,"pct":0},"statements":{"total":10,"covered":0,"skipped":0,"pct":0},"branches":{"total":8,"covered":0,"skipped":0,"pct":0}}
,"/workspaces/financia/src/shared/ui/CardPreview.jsx": {"lines":{"total":8,"covered":0,"skipped":0,"pct":0},"functions":{"total":1,"covered":0,"skipped":0,"pct":0},"statements":{"total":9,"covered":0,"skipped":0,"pct":0},"branches":{"total":11,"covered":0,"skipped":0,"pct":0}}
,"/workspaces/financia/src/shared/ui/ColorField.jsx": {"lines":{"total":5,"covered":3,"skipped":0,"pct":60},"functions":{"total":4,"covered":4,"skipped":0,"pct":100},"statements":{"total":6,"covered":3,"skipped":0,"pct":50},"branches":{"total":4,"covered":2,"skipped":0,"pct":50}}
,"/workspaces/financia/src/shared/ui/Confirm.jsx": {"lines":{"total":1,"covered":0,"skipped":0,"pct":0},"functions":{"total":1,"covered":0,"skipped":0,"pct":0},"statements":{"total":1,"covered":0,"skipped":0,"pct":0},"branches":{"total":0,"covered":0,"skipped":0,"pct":100}}
,"/workspaces/financia/src/shared/ui/ExportButtons.jsx": {"lines":{"total":3,"covered":0,"skipped":0,"pct":0},"functions":{"total":1,"covered":0,"skipped":0,"pct":0},"statements":{"total":3,"covered":0,"skipped":0,"pct":0},"branches":{"total":2,"covered":0,"skipped":0,"pct":0}}
,"/workspaces/financia/src/shared/ui/Header.jsx": {"lines":{"total":6,"covered":0,"skipped":0,"pct":0},"functions":{"total":2,"covered":0,"skipped":0,"pct":0},"statements":{"total":11,"covered":0,"skipped":0,"pct":0},"branches":{"total":22,"covered":0,"skipped":0,"pct":0}}
,"/workspaces/financia/src/shared/ui/InstallButton.jsx": {"lines":{"total":10,"covered":0,"skipped":0,"pct":0},"functions":{"total":4,"covered":0,"skipped":0,"pct":0},"statements":{"total":12,"covered":0,"skipped":0,"pct":0},"branches":{"total":5,"covered":0,"skipped":0,"pct":0}}
,"/workspaces/financia/src/shared/ui/Offline.jsx": {"lines":{"total":10,"covered":10,"skipped":0,"pct":100},"functions":{"total":5,"covered":3,"skipped":0,"pct":60},"statements":{"total":12,"covered":10,"skipped":0,"pct":83.33},"branches":{"total":2,"covered":1,"skipped":0,"pct":50}}
,"/workspaces/financia/src/shared/ui/Onboarding.jsx": {"lines":{"total":21,"covered":0,"skipped":0,"pct":0},"functions":{"total":4,"covered":0,"skipped":0,"pct":0},"statements":{"total":28,"covered":0,"skipped":0,"pct":0},"branches":{"total":27,"covered":0,"skipped":0,"pct":0}}
,"/workspaces/financia/src/shared/ui/PhoneInput.jsx": {"lines":{"total":97,"covered":66,"skipped":0,"pct":68.04},"functions":{"total":23,"covered":18,"skipped":0,"pct":78.26},"statements":{"total":128,"covered":81,"skipped":0,"pct":63.28},"branches":{"total":96,"covered":49,"skipped":0,"pct":51.04}}
,"/workspaces/financia/src/shared/ui/PlanStatusCard.jsx": {"lines":{"total":8,"covered":0,"skipped":0,"pct":0},"functions":{"total":4,"covered":0,"skipped":0,"pct":0},"statements":{"total":8,"covered":0,"skipped":0,"pct":0},"branches":{"total":12,"covered":0,"skipped":0,"pct":0}}
,"/workspaces/financia/src/shared/ui/SaleForm.jsx": {"lines":{"total":45,"covered":0,"skipped":0,"pct":0},"functions":{"total":33,"covered":0,"skipped":0,"pct":0},"statements":{"total":61,"covered":0,"skipped":0,"pct":0},"branches":{"total":64,"covered":0,"skipped":0,"pct":0}}
,"/workspaces/financia/src/shared/ui/Sidebar.jsx": {"lines":{"total":17,"covered":0,"skipped":0,"pct":0},"functions":{"total":11,"covered":0,"skipped":0,"pct":0},"statements":{"total":30,"covered":0,"skipped":0,"pct":0},"branches":{"total":38,"covered":0,"skipped":0,"pct":0}}
,"/workspaces/financia/src/shared/ui/StripeCheckout.jsx": {"lines":{"total":34,"covered":0,"skipped":0,"pct":0},"functions":{"total":6,"covered":0,"skipped":0,"pct":0},"statements":{"total":48,"covered":0,"skipped":0,"pct":0},"branches":{"total":68,"covered":0,"skipped":0,"pct":0}}
,"/workspaces/financia/src/shared/ui/SyncBadge.jsx": {"lines":{"total":5,"covered":0,"skipped":0,"pct":0},"functions":{"total":1,"covered":0,"skipped":0,"pct":0},"statements":{"total":7,"covered":0,"skipped":0,"pct":0},"branches":{"total":6,"covered":0,"skipped":0,"pct":0}}
,"/workspaces/financia/src/shared/ui/ThemeToggle.jsx": {"lines":{"total":8,"covered":8,"skipped":0,"pct":100},"functions":{"total":1,"covered":1,"skipped":0,"pct":100},"statements":{"total":8,"covered":8,"skipped":0,"pct":100},"branches":{"total":14,"covered":10,"skipped":0,"pct":71.42}}
,"/workspaces/financia/src/shared/ui/Toast.jsx": {"lines":{"total":24,"covered":0,"skipped":0,"pct":0},"functions":{"total":9,"covered":0,"skipped":0,"pct":0},"statements":{"total":31,"covered":0,"skipped":0,"pct":0},"branches":{"total":17,"covered":0,"skipped":0,"pct":0}}
,"/workspaces/financia/src/shared/ui/UpdateBanner.jsx": {"lines":{"total":11,"covered":0,"skipped":0,"pct":0},"functions":{"total":4,"covered":0,"skipped":0,"pct":0},"statements":{"total":14,"covered":0,"skipped":0,"pct":0},"branches":{"total":17,"covered":0,"skipped":0,"pct":0}}
,"/workspaces/financia/src/shared/ui/UpdateCardModal.jsx": {"lines":{"total":128,"covered":0,"skipped":0,"pct":0},"functions":{"total":28,"covered":0,"skipped":0,"pct":0},"statements":{"total":165,"covered":0,"skipped":0,"pct":0},"branches":{"total":138,"covered":0,"skipped":0,"pct":0}}
,"/workspaces/financia/src/shared/ui/UpgradeModal.jsx": {"lines":{"total":12,"covered":0,"skipped":0,"pct":0},"functions":{"total":6,"covered":0,"skipped":0,"pct":0},"statements":{"total":15,"covered":0,"skipped":0,"pct":0},"branches":{"total":21,"covered":0,"skipped":0,"pct":0}}
,"/workspaces/financia/src/shared/ui/UsageBar.jsx": {"lines":{"total":38,"covered":0,"skipped":0,"pct":0},"functions":{"total":11,"covered":0,"skipped":0,"pct":0},"statements":{"total":50,"covered":0,"skipped":0,"pct":0},"branches":{"total":82,"covered":0,"skipped":0,"pct":0}}
,"/workspaces/financia/src/shared/ui/button.jsx": {"lines":{"total":5,"covered":3,"skipped":0,"pct":60},"functions":{"total":1,"covered":0,"skipped":0,"pct":0},"statements":{"total":5,"covered":3,"skipped":0,"pct":60},"branches":{"total":2,"covered":0,"skipped":0,"pct":0}}
,"/workspaces/financia/src/shared/ui/input.jsx": {"lines":{"total":3,"covered":2,"skipped":0,"pct":66.66},"functions":{"total":1,"covered":0,"skipped":0,"pct":0},"statements":{"total":3,"covered":2,"skipped":0,"pct":66.66},"branches":{"total":0,"covered":0,"skipped":0,"pct":100}}
,"/workspaces/financia/src/shared/ui/label.jsx": {"lines":{"total":4,"covered":3,"skipped":0,"pct":75},"functions":{"total":1,"covered":0,"skipped":0,"pct":0},"statements":{"total":4,"covered":3,"skipped":0,"pct":75},"branches":{"total":0,"covered":0,"skipped":0,"pct":100}}
,"/workspaces/financia/src/shared/ui/spinner.jsx": {"lines":{"total":4,"covered":2,"skipped":0,"pct":50},"functions":{"total":1,"covered":0,"skipped":0,"pct":0},"statements":{"total":4,"covered":2,"skipped":0,"pct":50},"branches":{"total":4,"covered":0,"skipped":0,"pct":0}}
,"/workspaces/financia/src/shared/ui/textarea.jsx": {"lines":{"total":3,"covered":2,"skipped":0,"pct":66.66},"functions":{"total":1,"covered":0,"skipped":0,"pct":0},"statements":{"total":3,"covered":2,"skipped":0,"pct":66.66},"branches":{"total":0,"covered":0,"skipped":0,"pct":100}}
,"/workspaces/financia/src/shared/ui/ui.jsx": {"lines":{"total":88,"covered":25,"skipped":0,"pct":28.4},"functions":{"total":24,"covered":3,"skipped":0,"pct":12.5},"statements":{"total":106,"covered":25,"skipped":0,"pct":23.58},"branches":{"total":144,"covered":12,"skipped":0,"pct":8.33}}
}
