TN:
SF:src/App.jsx
FN:26,(anonymous_0)
FN:27,(anonymous_1)
FN:28,(anonymous_2)
FN:30,Loader
FN:39,App
FN:68,(anonymous_5)
FN:69,(anonymous_6)
FN:71,(anonymous_7)
FN:77,(anonymous_8)
FN:95,(anonymous_9)
FN:99,(anonymous_10)
FN:101,(anonymous_11)
FN:102,(anonymous_12)
FN:105,(anonymous_13)
FN:110,help
FN:116,onKeyDown
FN:134,(anonymous_16)
FN:149,(anonymous_17)
FN:152,(anonymous_18)
FN:169,(anonymous_19)
FN:170,(anonymous_20)
FN:170,(anonymous_21)
FN:173,(anonymous_22)
FN:176,(anonymous_23)
FN:177,(anonymous_24)
FN:178,(anonymous_25)
FN:179,(anonymous_26)
FN:179,(anonymous_27)
FN:184,(anonymous_28)
FN:185,(anonymous_29)
FN:186,(anonymous_30)
FN:191,(anonymous_31)
FN:193,(anonymous_32)
FN:216,(anonymous_33)
FN:218,(anonymous_34)
FN:223,(anonymous_35)
FN:226,(anonymous_36)
FN:227,(anonymous_37)
FN:228,(anonymous_38)
FN:229,(anonymous_39)
FN:230,(anonymous_40)
FN:231,(anonymous_41)
FN:232,(anonymous_42)
FN:253,onEnter
FN:265,onEnter_2
FN:278,onClick
FN:287,(anonymous_46)
FN:294,(anonymous_47)
FNF:48
FNH:0
FNDA:0,(anonymous_0)
FNDA:0,(anonymous_1)
FNDA:0,(anonymous_2)
FNDA:0,Loader
FNDA:0,App
FNDA:0,(anonymous_5)
FNDA:0,(anonymous_6)
FNDA:0,(anonymous_7)
FNDA:0,(anonymous_8)
FNDA:0,(anonymous_9)
FNDA:0,(anonymous_10)
FNDA:0,(anonymous_11)
FNDA:0,(anonymous_12)
FNDA:0,(anonymous_13)
FNDA:0,help
FNDA:0,onKeyDown
FNDA:0,(anonymous_16)
FNDA:0,(anonymous_17)
FNDA:0,(anonymous_18)
FNDA:0,(anonymous_19)
FNDA:0,(anonymous_20)
FNDA:0,(anonymous_21)
FNDA:0,(anonymous_22)
FNDA:0,(anonymous_23)
FNDA:0,(anonymous_24)
FNDA:0,(anonymous_25)
FNDA:0,(anonymous_26)
FNDA:0,(anonymous_27)
FNDA:0,(anonymous_28)
FNDA:0,(anonymous_29)
FNDA:0,(anonymous_30)
FNDA:0,(anonymous_31)
FNDA:0,(anonymous_32)
FNDA:0,(anonymous_33)
FNDA:0,(anonymous_34)
FNDA:0,(anonymous_35)
FNDA:0,(anonymous_36)
FNDA:0,(anonymous_37)
FNDA:0,(anonymous_38)
FNDA:0,(anonymous_39)
FNDA:0,(anonymous_40)
FNDA:0,(anonymous_41)
FNDA:0,(anonymous_42)
FNDA:0,onEnter
FNDA:0,onEnter_2
FNDA:0,onClick
FNDA:0,(anonymous_46)
FNDA:0,(anonymous_47)
DA:26,0
DA:27,0
DA:28,0
DA:31,0
DA:40,0
DA:41,0
DA:42,0
DA:43,0
DA:44,0
DA:46,0
DA:47,0
DA:48,0
DA:49,0
DA:50,0
DA:51,0
DA:52,0
DA:53,0
DA:54,0
DA:55,0
DA:56,0
DA:57,0
DA:58,0
DA:59,0
DA:60,0
DA:61,0
DA:62,0
DA:63,0
DA:64,0
DA:66,0
DA:68,0
DA:69,0
DA:70,0
DA:71,0
DA:73,0
DA:77,0
DA:78,0
DA:79,0
DA:80,0
DA:81,0
DA:82,0
DA:83,0
DA:84,0
DA:87,0
DA:89,0
DA:91,0
DA:95,0
DA:96,0
DA:99,0
DA:100,0
DA:101,0
DA:102,0
DA:105,0
DA:106,0
DA:107,0
DA:108,0
DA:111,0
DA:112,0
DA:113,0
DA:117,0
DA:118,0
DA:120,0
DA:121,0
DA:122,0
DA:123,0
DA:124,0
DA:125,0
DA:126,0
DA:128,0
DA:130,0
DA:131,0
DA:132,0
DA:133,0
DA:134,0
DA:135,0
DA:138,0
DA:139,0
DA:140,0
DA:141,0
DA:142,0
DA:143,0
DA:145,0
DA:148,0
DA:149,0
DA:152,0
DA:153,0
DA:154,0
DA:155,0
DA:156,0
DA:157,0
DA:158,0
DA:159,0
DA:160,0
DA:161,0
DA:162,0
DA:163,0
DA:164,0
DA:165,0
DA:169,0
DA:170,0
DA:173,0
DA:174,0
DA:175,0
DA:176,0
DA:177,0
DA:178,0
DA:179,0
DA:181,0
DA:184,0
DA:185,0
DA:186,0
DA:187,0
DA:191,0
DA:193,0
DA:194,0
DA:195,0
DA:196,0
DA:198,0
DA:201,0
DA:202,0
DA:203,0
DA:205,0
DA:213,0
DA:214,0
DA:216,0
DA:217,0
DA:218,0
DA:219,0
DA:220,0
DA:223,0
DA:226,0
DA:227,0
DA:228,0
DA:229,0
DA:230,0
DA:231,0
DA:232,0
DA:234,0
DA:235,0
DA:237,0
DA:239,0
DA:240,0
DA:249,0
DA:250,0
DA:253,0
DA:259,0
DA:260,0
DA:261,0
DA:262,0
DA:265,0
DA:270,0
DA:273,0
DA:274,0
DA:278,0
DA:282,0
DA:283,0
DA:284,0
DA:285,0
DA:286,0
DA:287,0
DA:288,0
DA:289,0
DA:290,0
DA:291,0
DA:293,0
DA:294,0
DA:295,0
DA:296,0
DA:297,0
DA:300,0
DA:303,0
LF:170
LH:0
BRDA:34,0,0,0
BRDA:34,0,1,0
BRDA:43,1,0,0
BRDA:43,1,1,0
BRDA:70,2,0,0
BRDA:70,2,1,0
BRDA:70,3,0,0
BRDA:70,3,1,0
BRDA:81,4,0,0
BRDA:81,4,1,0
BRDA:81,5,0,0
BRDA:81,5,1,0
BRDA:83,6,0,0
BRDA:83,6,1,0
BRDA:83,7,0,0
BRDA:83,7,1,0
BRDA:84,8,0,0
BRDA:84,8,1,0
BRDA:96,9,0,0
BRDA:96,9,1,0
BRDA:100,10,0,0
BRDA:100,10,1,0
BRDA:112,11,0,0
BRDA:112,11,1,0
BRDA:117,12,0,0
BRDA:117,12,1,0
BRDA:117,13,0,0
BRDA:117,13,1,0
BRDA:117,13,2,0
BRDA:117,13,3,0
BRDA:120,14,0,0
BRDA:120,14,1,0
BRDA:122,15,0,0
BRDA:122,15,1,0
BRDA:123,16,0,0
BRDA:123,16,1,0
BRDA:124,17,0,0
BRDA:124,17,1,0
BRDA:125,18,0,0
BRDA:125,18,1,0
BRDA:128,19,0,0
BRDA:128,19,1,0
BRDA:130,20,0,0
BRDA:130,20,1,0
BRDA:138,21,0,0
BRDA:138,21,1,0
BRDA:138,22,0,0
BRDA:138,22,1,0
BRDA:142,23,0,0
BRDA:142,23,1,0
BRDA:153,24,0,0
BRDA:153,24,1,0
BRDA:154,25,0,0
BRDA:154,25,1,0
BRDA:155,26,0,0
BRDA:155,26,1,0
BRDA:156,27,0,0
BRDA:156,27,1,0
BRDA:156,27,2,0
BRDA:158,28,0,0
BRDA:158,28,1,0
BRDA:159,29,0,0
BRDA:159,29,1,0
BRDA:160,30,0,0
BRDA:160,30,1,0
BRDA:163,31,0,0
BRDA:163,31,1,0
BRDA:163,32,0,0
BRDA:163,32,1,0
BRDA:174,33,0,0
BRDA:174,33,1,0
BRDA:180,34,0,0
BRDA:180,34,1,0
BRDA:194,35,0,0
BRDA:194,35,1,0
BRDA:217,36,0,0
BRDA:217,36,1,0
BRDA:219,37,0,0
BRDA:219,37,1,0
BRDA:219,38,0,0
BRDA:219,38,1,0
BRDA:219,38,2,0
BRDA:219,38,3,0
BRDA:235,39,0,0
BRDA:235,39,1,0
BRDA:237,40,0,0
BRDA:237,40,1,0
BRDA:239,41,0,0
BRDA:239,41,1,0
BRDA:243,42,0,0
BRDA:243,42,1,0
BRDA:249,43,0,0
BRDA:249,43,1,0
BRDA:259,44,0,0
BRDA:259,44,1,0
BRDA:261,45,0,0
BRDA:261,45,1,0
BRDA:261,46,0,0
BRDA:261,46,1,0
BRDA:273,47,0,0
BRDA:273,47,1,0
BRDA:274,48,0,0
BRDA:274,48,1,0
BRDA:282,49,0,0
BRDA:282,49,1,0
BRDA:283,50,0,0
BRDA:283,50,1,0
BRDA:283,50,2,0
BRDA:284,51,0,0
BRDA:284,51,1,0
BRDA:286,52,0,0
BRDA:286,52,1,0
BRDA:289,53,0,0
BRDA:289,53,1,0
BRDA:289,54,0,0
BRDA:289,54,1,0
BRDA:293,55,0,0
BRDA:293,55,1,0
BRDA:329,56,0,0
BRDA:329,56,1,0
BRDA:330,57,0,0
BRDA:330,57,1,0
BRDA:330,58,0,0
BRDA:330,58,1,0
BRF:124
BRH:0
end_of_record
TN:
SF:src/main.jsx
FNF:0
FNH:0
DA:8,0
DA:14,0
LF:2
LH:0
BRF:0
BRH:0
end_of_record
TN:
SF:src/core/boot.js
FN:3,bootApp
FNF:1
FNH:0
FNDA:0,bootApp
DA:4,0
LF:1
LH:0
BRF:0
BRH:0
end_of_record
TN:
SF:src/core/providers.jsx
FN:12,Providers
FNF:1
FNH:0
FNDA:0,Providers
DA:5,0
DA:13,0
LF:2
LH:0
BRF:0
BRH:0
end_of_record
TN:
SF:src/features/admin/AdminPanel.jsx
FN:13,SectionHead
FN:25,planLogoSvg
FN:35,AdminPanel
FN:54,(anonymous_3)
FN:54,(anonymous_4)
FN:57,(anonymous_5)
FN:58,(anonymous_6)
FN:60,(anonymous_7)
FN:65,(anonymous_8)
FN:68,(anonymous_9)
FN:69,(anonymous_10)
FN:76,(anonymous_11)
FN:78,(anonymous_12)
FN:82,(anonymous_13)
FN:87,(anonymous_14)
FN:91,(anonymous_15)
FN:94,(anonymous_16)
FN:97,(anonymous_17)
FN:102,(anonymous_18)
FN:105,(anonymous_19)
FN:114,(anonymous_20)
FN:120,(anonymous_21)
FN:134,(anonymous_22)
FN:135,(anonymous_23)
FN:142,(anonymous_24)
FN:145,(anonymous_25)
FN:149,(anonymous_26)
FN:152,(anonymous_27)
FN:165,(anonymous_28)
FN:166,(anonymous_29)
FN:168,(anonymous_30)
FN:180,(anonymous_31)
FN:184,(anonymous_32)
FN:197,(anonymous_33)
FN:199,(anonymous_34)
FN:205,(anonymous_35)
FN:248,(anonymous_36)
FN:253,(anonymous_37)
FN:257,(anonymous_38)
FN:258,(anonymous_39)
FN:265,(anonymous_40)
FN:271,(anonymous_41)
FN:275,(anonymous_42)
FN:276,(anonymous_43)
FN:282,(anonymous_44)
FN:293,(anonymous_45)
FN:302,(anonymous_46)
FN:341,(anonymous_47)
FN:374,(anonymous_48)
FN:386,(anonymous_49)
FN:386,(anonymous_50)
FN:399,(anonymous_51)
FN:405,(anonymous_52)
FN:419,(anonymous_53)
FN:423,onClick
FN:438,onChange
FN:441,(anonymous_56)
FN:443,onClick_2
FN:449,(anonymous_58)
FN:453,onAction
FN:456,(anonymous_60)
FN:462,(anonymous_61)
FN:471,(anonymous_62)
FN:490,onClick_3
FN:494,onClick_4
FN:521,onSave
FN:521,(anonymous_66)
FN:521,(anonymous_67)
FN:522,onClose
FNF:69
FNH:0
FNDA:0,SectionHead
FNDA:0,planLogoSvg
FNDA:0,AdminPanel
FNDA:0,(anonymous_3)
FNDA:0,(anonymous_4)
FNDA:0,(anonymous_5)
FNDA:0,(anonymous_6)
FNDA:0,(anonymous_7)
FNDA:0,(anonymous_8)
FNDA:0,(anonymous_9)
FNDA:0,(anonymous_10)
FNDA:0,(anonymous_11)
FNDA:0,(anonymous_12)
FNDA:0,(anonymous_13)
FNDA:0,(anonymous_14)
FNDA:0,(anonymous_15)
FNDA:0,(anonymous_16)
FNDA:0,(anonymous_17)
FNDA:0,(anonymous_18)
FNDA:0,(anonymous_19)
FNDA:0,(anonymous_20)
FNDA:0,(anonymous_21)
FNDA:0,(anonymous_22)
FNDA:0,(anonymous_23)
FNDA:0,(anonymous_24)
FNDA:0,(anonymous_25)
FNDA:0,(anonymous_26)
FNDA:0,(anonymous_27)
FNDA:0,(anonymous_28)
FNDA:0,(anonymous_29)
FNDA:0,(anonymous_30)
FNDA:0,(anonymous_31)
FNDA:0,(anonymous_32)
FNDA:0,(anonymous_33)
FNDA:0,(anonymous_34)
FNDA:0,(anonymous_35)
FNDA:0,(anonymous_36)
FNDA:0,(anonymous_37)
FNDA:0,(anonymous_38)
FNDA:0,(anonymous_39)
FNDA:0,(anonymous_40)
FNDA:0,(anonymous_41)
FNDA:0,(anonymous_42)
FNDA:0,(anonymous_43)
FNDA:0,(anonymous_44)
FNDA:0,(anonymous_45)
FNDA:0,(anonymous_46)
FNDA:0,(anonymous_47)
FNDA:0,(anonymous_48)
FNDA:0,(anonymous_49)
FNDA:0,(anonymous_50)
FNDA:0,(anonymous_51)
FNDA:0,(anonymous_52)
FNDA:0,(anonymous_53)
FNDA:0,onClick
FNDA:0,onChange
FNDA:0,(anonymous_56)
FNDA:0,onClick_2
FNDA:0,(anonymous_58)
FNDA:0,onAction
FNDA:0,(anonymous_60)
FNDA:0,(anonymous_61)
FNDA:0,(anonymous_62)
FNDA:0,onClick_3
FNDA:0,onClick_4
FNDA:0,onSave
FNDA:0,(anonymous_66)
FNDA:0,(anonymous_67)
FNDA:0,onClose
DA:10,0
DA:14,0
DA:26,0
DA:27,0
DA:28,0
DA:29,0
DA:30,0
DA:31,0
DA:32,0
DA:36,0
DA:37,0
DA:38,0
DA:39,0
DA:40,0
DA:41,0
DA:42,0
DA:43,0
DA:44,0
DA:45,0
DA:46,0
DA:47,0
DA:48,0
DA:49,0
DA:50,0
DA:51,0
DA:52,0
DA:53,0
DA:54,0
DA:55,0
DA:57,0
DA:58,0
DA:59,0
DA:61,0
DA:62,0
DA:65,0
DA:68,0
DA:69,0
DA:70,0
DA:71,0
DA:72,0
DA:73,0
DA:74,0
DA:75,0
DA:76,0
DA:77,0
DA:78,0
DA:79,0
DA:80,0
DA:81,0
DA:83,0
DA:87,0
DA:91,0
DA:92,0
DA:93,0
DA:94,0
DA:95,0
DA:96,0
DA:98,0
DA:99,0
DA:100,0
DA:102,0
DA:105,0
DA:106,0
DA:107,0
DA:108,0
DA:110,0
DA:111,0
DA:112,0
DA:114,0
DA:115,0
DA:117,0
DA:120,0
DA:121,0
DA:122,0
DA:123,0
DA:125,0
DA:126,0
DA:127,0
DA:129,0
DA:130,0
DA:131,0
DA:133,0
DA:134,0
DA:135,0
DA:138,0
DA:139,0
DA:140,0
DA:141,0
DA:142,0
DA:143,0
DA:145,0
DA:146,0
DA:147,0
DA:148,0
DA:149,0
DA:152,0
DA:153,0
DA:154,0
DA:155,0
DA:156,0
DA:157,0
DA:158,0
DA:159,0
DA:160,0
DA:161,0
DA:162,0
DA:164,0
DA:165,0
DA:167,0
DA:168,0
DA:170,0
DA:171,0
DA:172,0
DA:173,0
DA:174,0
DA:175,0
DA:177,0
DA:178,0
DA:179,0
DA:180,0
DA:181,0
DA:184,0
DA:185,0
DA:186,0
DA:187,0
DA:188,0
DA:189,0
DA:190,0
DA:191,0
DA:192,0
DA:193,0
DA:194,0
DA:195,0
DA:196,0
DA:197,0
DA:198,0
DA:199,0
DA:200,0
DA:201,0
DA:202,0
DA:205,0
DA:206,0
DA:207,0
DA:208,0
DA:209,0
DA:210,0
DA:211,0
DA:212,0
DA:223,0
DA:225,0
DA:226,0
DA:227,0
DA:228,0
DA:230,0
DA:231,0
DA:232,0
DA:233,0
DA:235,0
DA:236,0
DA:237,0
DA:239,0
DA:240,0
DA:241,0
DA:242,0
DA:243,0
DA:244,0
DA:245,0
DA:248,0
DA:249,0
DA:250,0
DA:251,0
DA:252,0
DA:253,0
DA:254,0
DA:257,0
DA:258,0
DA:259,0
DA:260,0
DA:261,0
DA:265,0
DA:266,0
DA:270,0
DA:271,0
DA:272,0
DA:275,0
DA:276,0
DA:277,0
DA:278,0
DA:279,0
DA:280,0
DA:281,0
DA:282,0
DA:285,0
DA:293,0
DA:303,0
DA:342,0
DA:343,0
DA:375,0
DA:376,0
DA:386,0
DA:387,0
DA:400,0
DA:401,0
DA:405,0
DA:420,0
DA:423,0
DA:438,0
DA:442,0
DA:443,0
DA:449,0
DA:453,0
DA:457,0
DA:458,0
DA:462,0
DA:472,0
DA:473,0
DA:474,0
DA:490,0
DA:494,0
DA:521,0
DA:522,0
LF:221
LH:0
BRDA:26,0,0,0
BRDA:26,0,1,0
BRDA:26,1,0,0
BRDA:26,1,1,0
BRDA:27,2,0,0
BRDA:27,2,1,0
BRDA:28,3,0,0
BRDA:28,3,1,0
BRDA:30,4,0,0
BRDA:30,4,1,0
BRDA:30,4,2,0
BRDA:31,5,0,0
BRDA:31,5,1,0
BRDA:31,6,0,0
BRDA:31,6,1,0
BRDA:36,7,0,0
BRDA:36,7,1,0
BRDA:36,8,0,0
BRDA:36,8,1,0
BRDA:59,9,0,0
BRDA:59,9,1,0
BRDA:62,10,0,0
BRDA:62,10,1,0
BRDA:70,11,0,0
BRDA:70,11,1,0
BRDA:77,12,0,0
BRDA:77,12,1,0
BRDA:79,13,0,0
BRDA:79,13,1,0
BRDA:79,14,0,0
BRDA:79,14,1,0
BRDA:80,15,0,0
BRDA:80,15,1,0
BRDA:80,16,0,0
BRDA:80,16,1,0
BRDA:81,17,0,0
BRDA:81,17,1,0
BRDA:81,18,0,0
BRDA:81,18,1,0
BRDA:81,18,2,0
BRDA:83,19,0,0
BRDA:83,19,1,0
BRDA:95,20,0,0
BRDA:95,20,1,0
BRDA:98,21,0,0
BRDA:98,21,1,0
BRDA:100,22,0,0
BRDA:100,22,1,0
BRDA:106,23,0,0
BRDA:106,23,1,0
BRDA:108,24,0,0
BRDA:108,24,1,0
BRDA:110,25,0,0
BRDA:110,25,1,0
BRDA:112,26,0,0
BRDA:112,26,1,0
BRDA:115,27,0,0
BRDA:115,27,1,0
BRDA:123,28,0,0
BRDA:123,28,1,0
BRDA:127,29,0,0
BRDA:127,29,1,0
BRDA:129,30,0,0
BRDA:129,30,1,0
BRDA:130,31,0,0
BRDA:130,31,1,0
BRDA:130,32,0,0
BRDA:130,32,1,0
BRDA:134,33,0,0
BRDA:134,33,1,0
BRDA:138,34,0,0
BRDA:138,34,1,0
BRDA:138,35,0,0
BRDA:138,35,1,0
BRDA:140,36,0,0
BRDA:140,36,1,0
BRDA:140,37,0,0
BRDA:140,37,1,0
BRDA:142,38,0,0
BRDA:142,38,1,0
BRDA:146,39,0,0
BRDA:146,39,1,0
BRDA:146,40,0,0
BRDA:146,40,1,0
BRDA:147,41,0,0
BRDA:147,41,1,0
BRDA:149,42,0,0
BRDA:149,42,1,0
BRDA:149,43,0,0
BRDA:149,43,1,0
BRDA:149,44,0,0
BRDA:149,44,1,0
BRDA:159,45,0,0
BRDA:159,45,1,0
BRDA:161,46,0,0
BRDA:161,46,1,0
BRDA:161,47,0,0
BRDA:161,47,1,0
BRDA:161,47,2,0
BRDA:162,48,0,0
BRDA:162,48,1,0
BRDA:173,49,0,0
BRDA:173,49,1,0
BRDA:173,50,0,0
BRDA:173,50,1,0
BRDA:174,51,0,0
BRDA:174,51,1,0
BRDA:174,52,0,0
BRDA:174,52,1,0
BRDA:174,52,2,0
BRDA:175,53,0,0
BRDA:175,53,1,0
BRDA:175,54,0,0
BRDA:175,54,1,0
BRDA:177,55,0,0
BRDA:177,55,1,0
BRDA:177,55,2,0
BRDA:178,56,0,0
BRDA:178,56,1,0
BRDA:179,57,0,0
BRDA:179,57,1,0
BRDA:185,58,0,0
BRDA:185,58,1,0
BRDA:187,59,0,0
BRDA:187,59,1,0
BRDA:188,60,0,0
BRDA:188,60,1,0
BRDA:191,61,0,0
BRDA:191,61,1,0
BRDA:191,62,0,0
BRDA:191,62,1,0
BRDA:192,63,0,0
BRDA:192,63,1,0
BRDA:194,64,0,0
BRDA:194,64,1,0
BRDA:206,65,0,0
BRDA:206,65,1,0
BRDA:206,66,0,0
BRDA:206,66,1,0
BRDA:207,67,0,0
BRDA:207,67,1,0
BRDA:208,68,0,0
BRDA:208,68,1,0
BRDA:216,69,0,0
BRDA:216,69,1,0
BRDA:217,70,0,0
BRDA:217,70,1,0
BRDA:218,71,0,0
BRDA:218,71,1,0
BRDA:219,72,0,0
BRDA:219,72,1,0
BRDA:220,73,0,0
BRDA:220,73,1,0
BRDA:225,74,0,0
BRDA:225,74,1,0
BRDA:226,75,0,0
BRDA:226,75,1,0
BRDA:226,76,0,0
BRDA:226,76,1,0
BRDA:227,77,0,0
BRDA:227,77,1,0
BRDA:227,78,0,0
BRDA:227,78,1,0
BRDA:230,79,0,0
BRDA:230,79,1,0
BRDA:231,80,0,0
BRDA:231,80,1,0
BRDA:232,81,0,0
BRDA:232,81,1,0
BRDA:235,82,0,0
BRDA:235,82,1,0
BRDA:236,83,0,0
BRDA:236,83,1,0
BRDA:245,84,0,0
BRDA:245,84,1,0
BRDA:245,85,0,0
BRDA:245,85,1,0
BRDA:245,85,2,0
BRDA:245,86,0,0
BRDA:245,86,1,0
BRDA:249,87,0,0
BRDA:249,87,1,0
BRDA:250,88,0,0
BRDA:250,88,1,0
BRDA:250,88,2,0
BRDA:250,89,0,0
BRDA:250,89,1,0
BRDA:252,90,0,0
BRDA:252,90,1,0
BRDA:258,91,0,0
BRDA:258,91,1,0
BRDA:260,92,0,0
BRDA:260,92,1,0
BRDA:277,93,0,0
BRDA:277,93,1,0
BRDA:278,94,0,0
BRDA:278,94,1,0
BRDA:279,95,0,0
BRDA:279,95,1,0
BRDA:279,96,0,0
BRDA:279,96,1,0
BRDA:280,97,0,0
BRDA:280,97,1,0
BRDA:280,98,0,0
BRDA:280,98,1,0
BRDA:281,99,0,0
BRDA:281,99,1,0
BRDA:291,100,0,0
BRDA:291,100,1,0
BRDA:292,101,0,0
BRDA:292,101,1,0
BRDA:294,102,0,0
BRDA:294,102,1,0
BRDA:312,103,0,0
BRDA:312,103,1,0
BRDA:323,104,0,0
BRDA:323,104,1,0
BRDA:324,105,0,0
BRDA:324,105,1,0
BRDA:324,106,0,0
BRDA:324,106,1,0
BRDA:326,107,0,0
BRDA:326,107,1,0
BRDA:335,108,0,0
BRDA:335,108,1,0
BRDA:337,109,0,0
BRDA:337,109,1,0
BRDA:342,110,0,0
BRDA:342,110,1,0
BRDA:353,111,0,0
BRDA:353,111,1,0
BRDA:378,112,0,0
BRDA:378,112,1,0
BRDA:380,113,0,0
BRDA:380,113,1,0
BRDA:391,114,0,0
BRDA:391,114,1,0
BRDA:404,115,0,0
BRDA:404,115,1,0
BRDA:405,116,0,0
BRDA:405,116,1,0
BRDA:407,117,0,0
BRDA:407,117,1,0
BRDA:409,118,0,0
BRDA:409,118,1,0
BRDA:412,119,0,0
BRDA:412,119,1,0
BRDA:413,120,0,0
BRDA:413,120,1,0
BRDA:413,120,2,0
BRDA:415,121,0,0
BRDA:415,121,1,0
BRDA:415,122,0,0
BRDA:415,122,1,0
BRDA:415,123,0,0
BRDA:415,123,1,0
BRDA:418,124,0,0
BRDA:418,124,1,0
BRDA:443,125,0,0
BRDA:443,125,1,0
BRDA:443,126,0,0
BRDA:443,126,1,0
BRDA:448,127,0,0
BRDA:448,127,1,0
BRDA:450,128,0,0
BRDA:450,128,1,0
BRDA:452,129,0,0
BRDA:452,129,1,0
BRDA:461,130,0,0
BRDA:461,130,1,0
BRDA:462,131,0,0
BRDA:462,131,1,0
BRDA:464,132,0,0
BRDA:464,132,1,0
BRDA:466,133,0,0
BRDA:466,133,1,0
BRDA:470,134,0,0
BRDA:470,134,1,0
BRDA:471,135,0,0
BRDA:471,135,1,0
BRDA:472,136,0,0
BRDA:472,136,1,0
BRDA:473,137,0,0
BRDA:473,137,1,0
BRDA:474,138,0,0
BRDA:474,138,1,0
BRDA:476,139,0,0
BRDA:476,139,1,0
BRDA:476,140,0,0
BRDA:476,140,1,0
BRDA:479,141,0,0
BRDA:479,141,1,0
BRDA:481,142,0,0
BRDA:481,142,1,0
BRDA:484,143,0,0
BRDA:484,143,1,0
BRDA:500,144,0,0
BRDA:500,144,1,0
BRDA:515,145,0,0
BRDA:515,145,1,0
BRDA:521,146,0,0
BRDA:521,146,1,0
BRF:302
BRH:0
end_of_record
TN:
SF:src/features/admin/ClientEditModal.jsx
FN:9,PreviewPaleta
FN:50,ClientEditModal
FN:72,(anonymous_2)
FN:84,(anonymous_3)
FN:95,(anonymous_4)
FN:112,(anonymous_5)
FN:117,(anonymous_6)
FN:122,(anonymous_7)
FN:125,(anonymous_8)
FN:141,(anonymous_9)
FN:142,(anonymous_10)
FN:144,(anonymous_11)
FN:170,(anonymous_12)
FN:188,(anonymous_13)
FN:194,(anonymous_14)
FN:196,(anonymous_15)
FN:252,onChange
FN:257,onClick
FN:262,onClick_2
FN:289,onChange_2
FN:290,onClick_3
FN:294,onClick_4
FN:300,(anonymous_22)
FN:301,(anonymous_23)
FN:302,(anonymous_24)
FN:303,(anonymous_25)
FN:319,onClick_5
FN:336,onChange_3
FN:354,(anonymous_28)
FN:358,onClick_6
FN:387,onChange_4
FN:390,onClick_7
FN:398,onChange_5
FN:401,onClick_8
FN:418,(anonymous_34)
FN:421,onClick_9
FN:435,onClick_10
FN:446,onChange_6
FN:451,onClick_11
FN:455,onClick_12
FN:477,(anonymous_40)
FN:489,onChange_7
FN:495,onClick_13
FN:499,onClick_14
FNF:44
FNH:0
FNDA:0,PreviewPaleta
FNDA:0,ClientEditModal
FNDA:0,(anonymous_2)
FNDA:0,(anonymous_3)
FNDA:0,(anonymous_4)
FNDA:0,(anonymous_5)
FNDA:0,(anonymous_6)
FNDA:0,(anonymous_7)
FNDA:0,(anonymous_8)
FNDA:0,(anonymous_9)
FNDA:0,(anonymous_10)
FNDA:0,(anonymous_11)
FNDA:0,(anonymous_12)
FNDA:0,(anonymous_13)
FNDA:0,(anonymous_14)
FNDA:0,(anonymous_15)
FNDA:0,onChange
FNDA:0,onClick
FNDA:0,onClick_2
FNDA:0,onChange_2
FNDA:0,onClick_3
FNDA:0,onClick_4
FNDA:0,(anonymous_22)
FNDA:0,(anonymous_23)
FNDA:0,(anonymous_24)
FNDA:0,(anonymous_25)
FNDA:0,onClick_5
FNDA:0,onChange_3
FNDA:0,(anonymous_28)
FNDA:0,onClick_6
FNDA:0,onChange_4
FNDA:0,onClick_7
FNDA:0,onChange_5
FNDA:0,onClick_8
FNDA:0,(anonymous_34)
FNDA:0,onClick_9
FNDA:0,onClick_10
FNDA:0,onChange_6
FNDA:0,onClick_11
FNDA:0,onClick_12
FNDA:0,(anonymous_40)
FNDA:0,onChange_7
FNDA:0,onClick_13
FNDA:0,onClick_14
DA:10,0
DA:11,0
DA:12,0
DA:51,0
DA:52,0
DA:53,0
DA:54,0
DA:55,0
DA:56,0
DA:57,0
DA:58,0
DA:59,0
DA:60,0
DA:61,0
DA:62,0
DA:63,0
DA:64,0
DA:65,0
DA:66,0
DA:67,0
DA:68,0
DA:70,0
DA:72,0
DA:73,0
DA:74,0
DA:75,0
DA:76,0
DA:77,0
DA:78,0
DA:79,0
DA:80,0
DA:81,0
DA:84,0
DA:85,0
DA:86,0
DA:87,0
DA:88,0
DA:89,0
DA:90,0
DA:91,0
DA:92,0
DA:95,0
DA:96,0
DA:97,0
DA:98,0
DA:99,0
DA:100,0
DA:101,0
DA:102,0
DA:103,0
DA:104,0
DA:105,0
DA:108,0
DA:109,0
DA:110,0
DA:112,0
DA:113,0
DA:114,0
DA:117,0
DA:118,0
DA:119,0
DA:122,0
DA:123,0
DA:124,0
DA:125,0
DA:126,0
DA:127,0
DA:128,0
DA:129,0
DA:130,0
DA:131,0
DA:132,0
DA:133,0
DA:134,0
DA:135,0
DA:136,0
DA:137,0
DA:138,0
DA:140,0
DA:141,0
DA:143,0
DA:144,0
DA:146,0
DA:147,0
DA:148,0
DA:149,0
DA:150,0
DA:152,0
DA:154,0
DA:155,0
DA:156,0
DA:157,0
DA:158,0
DA:159,0
DA:161,0
DA:162,0
DA:163,0
DA:164,0
DA:165,0
DA:167,0
DA:170,0
DA:171,0
DA:172,0
DA:173,0
DA:174,0
DA:175,0
DA:176,0
DA:177,0
DA:178,0
DA:179,0
DA:180,0
DA:181,0
DA:182,0
DA:183,0
DA:184,0
DA:185,0
DA:188,0
DA:189,0
DA:190,0
DA:191,0
DA:194,0
DA:196,0
DA:197,0
DA:198,0
DA:199,0
DA:200,0
DA:201,0
DA:202,0
DA:203,0
DA:210,0
DA:211,0
DA:212,0
DA:213,0
DA:214,0
DA:216,0
DA:217,0
DA:218,0
DA:220,0
DA:221,0
DA:222,0
DA:223,0
DA:224,0
DA:225,0
DA:226,0
DA:228,0
DA:230,0
DA:232,0
DA:236,0
DA:252,0
DA:257,0
DA:262,0
DA:289,0
DA:290,0
DA:294,0
DA:300,0
DA:301,0
DA:302,0
DA:304,0
DA:305,0
DA:306,0
DA:307,0
DA:319,0
DA:336,0
DA:355,0
DA:356,0
DA:358,0
DA:387,0
DA:390,0
DA:398,0
DA:401,0
DA:419,0
DA:420,0
DA:421,0
DA:435,0
DA:446,0
DA:451,0
DA:455,0
DA:478,0
DA:479,0
DA:480,0
DA:481,0
DA:482,0
DA:483,0
DA:489,0
DA:495,0
DA:499,0
LF:186
LH:0
BRDA:10,0,0,0
BRDA:10,0,1,0
BRDA:14,1,0,0
BRDA:14,1,1,0
BRDA:20,2,0,0
BRDA:20,2,1,0
BRDA:23,3,0,0
BRDA:23,3,1,0
BRDA:23,4,0,0
BRDA:23,4,1,0
BRDA:28,5,0,0
BRDA:28,5,1,0
BRDA:29,6,0,0
BRDA:29,6,1,0
BRDA:29,7,0,0
BRDA:29,7,1,0
BRDA:37,8,0,0
BRDA:37,8,1,0
BRDA:37,8,2,0
BRDA:41,9,0,0
BRDA:41,9,1,0
BRDA:51,10,0,0
BRDA:51,10,1,0
BRDA:52,11,0,0
BRDA:52,11,1,0
BRDA:53,12,0,0
BRDA:53,12,1,0
BRDA:54,13,0,0
BRDA:54,13,1,0
BRDA:55,14,0,0
BRDA:55,14,1,0
BRDA:59,15,0,0
BRDA:59,15,1,0
BRDA:61,16,0,0
BRDA:61,16,1,0
BRDA:64,17,0,0
BRDA:64,17,1,0
BRDA:65,18,0,0
BRDA:65,18,1,0
BRDA:66,19,0,0
BRDA:66,19,1,0
BRDA:74,20,0,0
BRDA:74,20,1,0
BRDA:75,21,0,0
BRDA:75,21,1,0
BRDA:75,22,0,0
BRDA:75,22,1,0
BRDA:75,22,2,0
BRDA:79,23,0,0
BRDA:79,23,1,0
BRDA:80,24,0,0
BRDA:80,24,1,0
BRDA:81,25,0,0
BRDA:81,25,1,0
BRDA:88,26,0,0
BRDA:88,26,1,0
BRDA:89,27,0,0
BRDA:89,27,1,0
BRDA:90,28,0,0
BRDA:90,28,1,0
BRDA:91,29,0,0
BRDA:91,29,1,0
BRDA:100,30,0,0
BRDA:100,30,1,0
BRDA:102,31,0,0
BRDA:102,31,1,0
BRDA:103,32,0,0
BRDA:103,32,1,0
BRDA:104,33,0,0
BRDA:104,33,1,0
BRDA:109,34,0,0
BRDA:109,34,1,0
BRDA:110,35,0,0
BRDA:110,35,1,0
BRDA:114,36,0,0
BRDA:114,36,1,0
BRDA:132,37,0,0
BRDA:132,37,1,0
BRDA:136,38,0,0
BRDA:136,38,1,0
BRDA:136,39,0,0
BRDA:136,39,1,0
BRDA:136,39,2,0
BRDA:138,40,0,0
BRDA:138,40,1,0
BRDA:150,41,0,0
BRDA:150,41,1,0
BRDA:152,42,0,0
BRDA:152,42,1,0
BRDA:157,43,0,0
BRDA:157,43,1,0
BRDA:157,44,0,0
BRDA:157,44,1,0
BRDA:158,45,0,0
BRDA:158,45,1,0
BRDA:158,46,0,0
BRDA:158,46,1,0
BRDA:158,46,2,0
BRDA:159,47,0,0
BRDA:159,47,1,0
BRDA:159,48,0,0
BRDA:159,48,1,0
BRDA:161,49,0,0
BRDA:161,49,1,0
BRDA:161,49,2,0
BRDA:162,50,0,0
BRDA:162,50,1,0
BRDA:163,51,0,0
BRDA:163,51,1,0
BRDA:171,52,0,0
BRDA:171,52,1,0
BRDA:173,53,0,0
BRDA:173,53,1,0
BRDA:174,54,0,0
BRDA:174,54,1,0
BRDA:179,55,0,0
BRDA:179,55,1,0
BRDA:189,56,0,0
BRDA:189,56,1,0
BRDA:190,57,0,0
BRDA:190,57,1,0
BRDA:191,58,0,0
BRDA:191,58,1,0
BRDA:194,59,0,0
BRDA:194,59,1,0
BRDA:199,60,0,0
BRDA:199,60,1,0
BRDA:200,61,0,0
BRDA:200,61,1,0
BRDA:201,62,0,0
BRDA:201,62,1,0
BRDA:202,63,0,0
BRDA:202,63,1,0
BRDA:208,64,0,0
BRDA:208,64,1,0
BRDA:211,65,0,0
BRDA:211,65,1,0
BRDA:212,66,0,0
BRDA:212,66,1,0
BRDA:213,67,0,0
BRDA:213,67,1,0
BRDA:214,68,0,0
BRDA:214,68,1,0
BRDA:214,69,0,0
BRDA:214,69,1,0
BRDA:216,70,0,0
BRDA:216,70,1,0
BRDA:218,71,0,0
BRDA:218,71,1,0
BRDA:223,72,0,0
BRDA:223,72,1,0
BRDA:226,73,0,0
BRDA:226,73,1,0
BRDA:226,74,0,0
BRDA:226,74,1,0
BRDA:257,75,0,0
BRDA:257,75,1,0
BRDA:262,76,0,0
BRDA:262,76,1,0
BRDA:268,77,0,0
BRDA:268,77,1,0
BRDA:274,78,0,0
BRDA:274,78,1,0
BRDA:279,79,0,0
BRDA:279,79,1,0
BRDA:284,80,0,0
BRDA:284,80,1,0
BRDA:286,81,0,0
BRDA:286,81,1,0
BRDA:292,82,0,0
BRDA:292,82,1,0
BRDA:294,83,0,0
BRDA:294,83,1,0
BRDA:297,84,0,0
BRDA:297,84,1,0
BRDA:306,85,0,0
BRDA:306,85,1,0
BRDA:342,86,0,0
BRDA:342,86,1,0
BRDA:344,87,0,0
BRDA:344,87,1,0
BRDA:355,88,0,0
BRDA:355,88,1,0
BRDA:360,89,0,0
BRDA:360,89,1,0
BRDA:386,90,0,0
BRDA:386,90,1,0
BRDA:389,91,0,0
BRDA:389,91,1,0
BRDA:397,92,0,0
BRDA:397,92,1,0
BRDA:400,93,0,0
BRDA:400,93,1,0
BRDA:422,94,0,0
BRDA:422,94,1,0
BRDA:423,95,0,0
BRDA:423,95,1,0
BRDA:436,96,0,0
BRDA:436,96,1,0
BRDA:437,97,0,0
BRDA:437,97,1,0
BRDA:440,98,0,0
BRDA:440,98,1,0
BRDA:457,99,0,0
BRDA:457,99,1,0
BRDA:501,100,0,0
BRDA:501,100,1,0
BRDA:517,101,0,0
BRDA:517,101,1,0
BRF:209
BRH:0
end_of_record
TN:
SF:src/features/admin/GhTokenCard.jsx
FN:5,GhTokenCard
FN:7,(anonymous_1)
FN:8,(anonymous_2)
FN:10,(anonymous_3)
FNF:4
FNH:0
FNDA:0,GhTokenCard
FNDA:0,(anonymous_1)
FNDA:0,(anonymous_2)
FNDA:0,(anonymous_3)
DA:6,0
DA:7,0
DA:8,0
DA:9,0
DA:10,0
DA:12,0
LF:6
LH:0
BRDA:9,0,0,0
BRDA:9,0,1,0
BRDA:9,1,0,0
BRDA:9,1,1,0
BRDA:9,1,2,0
BRDA:9,1,3,0
BRDA:10,2,0,0
BRDA:10,2,1,0
BRDA:23,3,0,0
BRDA:23,3,1,0
BRDA:23,4,0,0
BRDA:23,4,1,0
BRDA:24,5,0,0
BRDA:24,5,1,0
BRDA:24,6,0,0
BRDA:24,6,1,0
BRDA:25,7,0,0
BRDA:25,7,1,0
BRDA:25,8,0,0
BRDA:25,8,1,0
BRF:20
BRH:0
end_of_record
TN:
SF:src/features/auth/Login.jsx
FN:10,GoogleBtn
FN:21,Login
FN:41,(anonymous_2)
FN:43,(anonymous_3)
FN:65,(anonymous_4)
FN:67,(anonymous_5)
FN:68,(anonymous_6)
FN:74,(anonymous_7)
FN:84,(anonymous_8)
FN:102,(anonymous_9)
FN:111,(anonymous_10)
FN:120,(anonymous_11)
FN:142,(anonymous_12)
FN:146,(anonymous_13)
FN:149,(anonymous_14)
FN:164,(anonymous_15)
FN:192,(anonymous_16)
FN:195,onClick
FN:208,onClick_2
FN:216,onClick_3
FN:221,onChange
FN:224,onClick_4
FN:247,onChange_2
FN:252,onChange_3
FN:262,onChange_4
FN:282,onClick_5
FN:287,onChange_5
FNF:27
FNH:0
FNDA:0,GoogleBtn
FNDA:0,Login
FNDA:0,(anonymous_2)
FNDA:0,(anonymous_3)
FNDA:0,(anonymous_4)
FNDA:0,(anonymous_5)
FNDA:0,(anonymous_6)
FNDA:0,(anonymous_7)
FNDA:0,(anonymous_8)
FNDA:0,(anonymous_9)
FNDA:0,(anonymous_10)
FNDA:0,(anonymous_11)
FNDA:0,(anonymous_12)
FNDA:0,(anonymous_13)
FNDA:0,(anonymous_14)
FNDA:0,(anonymous_15)
FNDA:0,(anonymous_16)
FNDA:0,onClick
FNDA:0,onClick_2
FNDA:0,onClick_3
FNDA:0,onChange
FNDA:0,onClick_4
FNDA:0,onChange_2
FNDA:0,onChange_3
FNDA:0,onChange_4
FNDA:0,onClick_5
FNDA:0,onChange_5
DA:8,0
DA:11,0
DA:22,0
DA:23,0
DA:24,0
DA:25,0
DA:26,0
DA:27,0
DA:28,0
DA:29,0
DA:30,0
DA:31,0
DA:32,0
DA:33,0
DA:34,0
DA:35,0
DA:37,0
DA:38,0
DA:39,0
DA:41,0
DA:42,0
DA:43,0
DA:44,0
DA:45,0
DA:46,0
DA:51,0
DA:52,0
DA:53,0
DA:54,0
DA:57,0
DA:58,0
DA:59,0
DA:60,0
DA:61,0
DA:62,0
DA:63,0
DA:64,0
DA:65,0
DA:67,0
DA:68,0
DA:69,0
DA:70,0
DA:74,0
DA:75,0
DA:76,0
DA:77,0
DA:78,0
DA:79,0
DA:80,0
DA:81,0
DA:84,0
DA:85,0
DA:86,0
DA:87,0
DA:88,0
DA:89,0
DA:90,0
DA:91,0
DA:92,0
DA:93,0
DA:94,0
DA:95,0
DA:96,0
DA:98,0
DA:99,0
DA:102,0
DA:103,0
DA:104,0
DA:105,0
DA:106,0
DA:107,0
DA:108,0
DA:111,0
DA:112,0
DA:113,0
DA:114,0
DA:115,0
DA:116,0
DA:117,0
DA:120,0
DA:121,0
DA:122,0
DA:123,0
DA:126,0
DA:142,0
DA:146,0
DA:149,0
DA:165,0
DA:193,0
DA:194,0
DA:195,0
DA:208,0
DA:216,0
DA:221,0
DA:224,0
DA:247,0
DA:252,0
DA:262,0
DA:282,0
DA:287,0
LF:100
LH:0
BRDA:42,0,0,0
BRDA:42,0,1,0
BRDA:44,1,0,0
BRDA:44,1,1,0
BRDA:44,2,0,0
BRDA:44,2,1,0
BRDA:45,3,0,0
BRDA:45,3,1,0
BRDA:45,4,0,0
BRDA:45,4,1,0
BRDA:46,5,0,0
BRDA:46,5,1,0
BRDA:46,6,0,0
BRDA:46,6,1,0
BRDA:51,7,0,0
BRDA:51,7,1,0
BRDA:51,7,2,0
BRDA:52,8,0,0
BRDA:52,8,1,0
BRDA:52,8,2,0
BRDA:53,9,0,0
BRDA:53,9,1,0
BRDA:53,9,2,0
BRDA:59,10,0,0
BRDA:59,10,1,0
BRDA:60,11,0,0
BRDA:60,11,1,0
BRDA:61,12,0,0
BRDA:61,12,1,0
BRDA:62,13,0,0
BRDA:62,13,1,0
BRDA:63,14,0,0
BRDA:63,14,1,0
BRDA:69,15,0,0
BRDA:69,15,1,0
BRDA:69,16,0,0
BRDA:69,16,1,0
BRDA:70,17,0,0
BRDA:70,17,1,0
BRDA:70,18,0,0
BRDA:70,18,1,0
BRDA:75,19,0,0
BRDA:75,19,1,0
BRDA:75,20,0,0
BRDA:75,20,1,0
BRDA:79,21,0,0
BRDA:79,21,1,0
BRDA:79,22,0,0
BRDA:79,22,1,0
BRDA:85,23,0,0
BRDA:85,23,1,0
BRDA:86,24,0,0
BRDA:86,24,1,0
BRDA:87,25,0,0
BRDA:87,25,1,0
BRDA:88,26,0,0
BRDA:88,26,1,0
BRDA:89,27,0,0
BRDA:89,27,1,0
BRDA:92,28,0,0
BRDA:92,28,1,0
BRDA:93,29,0,0
BRDA:93,29,1,0
BRDA:94,30,0,0
BRDA:94,30,1,0
BRDA:95,31,0,0
BRDA:95,31,1,0
BRDA:95,32,0,0
BRDA:95,32,1,0
BRDA:103,33,0,0
BRDA:103,33,1,0
BRDA:103,34,0,0
BRDA:103,34,1,0
BRDA:107,35,0,0
BRDA:107,35,1,0
BRDA:107,36,0,0
BRDA:107,36,1,0
BRDA:112,37,0,0
BRDA:112,37,1,0
BRDA:116,38,0,0
BRDA:116,38,1,0
BRDA:122,39,0,0
BRDA:122,39,1,0
BRDA:122,40,0,0
BRDA:122,40,1,0
BRDA:123,41,0,0
BRDA:123,41,1,0
BRDA:154,42,0,0
BRDA:154,42,1,0
BRDA:184,43,0,0
BRDA:184,43,1,0
BRDA:193,44,0,0
BRDA:193,44,1,0
BRDA:196,45,0,0
BRDA:196,45,1,0
BRDA:197,46,0,0
BRDA:197,46,1,0
BRDA:204,47,0,0
BRDA:204,47,1,0
BRDA:210,48,0,0
BRDA:210,48,1,0
BRDA:211,49,0,0
BRDA:211,49,1,0
BRDA:222,50,0,0
BRDA:222,50,1,0
BRDA:228,51,0,0
BRDA:228,51,1,0
BRDA:228,52,0,0
BRDA:228,52,1,0
BRDA:235,53,0,0
BRDA:235,53,1,0
BRDA:238,54,0,0
BRDA:238,54,1,0
BRDA:246,55,0,0
BRDA:246,55,1,0
BRDA:251,56,0,0
BRDA:251,56,1,0
BRDA:252,57,0,0
BRDA:252,57,1,0
BRDA:255,58,0,0
BRDA:255,58,1,0
BRDA:256,59,0,0
BRDA:256,59,1,0
BRDA:261,60,0,0
BRDA:261,60,1,0
BRDA:262,61,0,0
BRDA:262,61,1,0
BRDA:263,62,0,0
BRDA:263,62,1,0
BRDA:264,63,0,0
BRDA:264,63,1,0
BRDA:264,63,2,0
BRDA:274,64,0,0
BRDA:274,64,1,0
BRDA:281,65,0,0
BRDA:281,65,1,0
BRDA:285,66,0,0
BRDA:285,66,1,0
BRDA:295,67,0,0
BRDA:295,67,1,0
BRDA:295,67,2,0
BRDA:296,68,0,0
BRDA:296,68,1,0
BRDA:296,69,0,0
BRDA:296,69,1,0
BRF:145
BRH:0
end_of_record
TN:
SF:src/features/auth/useAuthBootstrap.js
FN:5,useAuthBootstrap
FN:8,(anonymous_1)
FN:10,(anonymous_2)
FN:12,(anonymous_3)
FN:13,(anonymous_4)
FN:26,(anonymous_5)
FN:28,(anonymous_6)
FN:44,(anonymous_7)
FNF:8
FNH:0
FNDA:0,useAuthBootstrap
FNDA:0,(anonymous_1)
FNDA:0,(anonymous_2)
FNDA:0,(anonymous_3)
FNDA:0,(anonymous_4)
FNDA:0,(anonymous_5)
FNDA:0,(anonymous_6)
FNDA:0,(anonymous_7)
DA:6,0
DA:8,0
DA:9,0
DA:10,0
DA:12,0
DA:13,0
DA:14,0
DA:15,0
DA:16,0
DA:17,0
DA:18,0
DA:19,0
DA:20,0
DA:22,0
DA:23,0
DA:25,0
DA:26,0
DA:28,0
DA:29,0
DA:30,0
DA:31,0
DA:32,0
DA:33,0
DA:34,0
DA:35,0
DA:36,0
DA:39,0
DA:40,0
DA:44,0
DA:45,0
LF:30
LH:0
BRDA:10,0,0,0
BRDA:10,0,1,0
BRDA:17,1,0,0
BRDA:17,1,1,0
BRDA:23,2,0,0
BRDA:23,2,1,0
BRDA:29,3,0,0
BRDA:29,3,1,0
BRDA:30,4,0,0
BRDA:30,4,1,0
BRDA:30,5,0,0
BRDA:30,5,1,0
BRDA:32,6,0,0
BRDA:32,6,1,0
BRDA:35,7,0,0
BRDA:35,7,1,0
BRF:16
BRH:0
end_of_record
TN:
SF:src/features/auth/useImpersonation.js
FN:4,useImpersonation
FN:7,(anonymous_1)
FN:18,(anonymous_2)
FN:23,(anonymous_3)
FN:27,(anonymous_4)
FN:28,(anonymous_5)
FN:33,(anonymous_6)
FN:36,(anonymous_7)
FN:38,(anonymous_8)
FN:42,(anonymous_9)
FN:45,(anonymous_10)
FNF:11
FNH:0
FNDA:0,useImpersonation
FNDA:0,(anonymous_1)
FNDA:0,(anonymous_2)
FNDA:0,(anonymous_3)
FNDA:0,(anonymous_4)
FNDA:0,(anonymous_5)
FNDA:0,(anonymous_6)
FNDA:0,(anonymous_7)
FNDA:0,(anonymous_8)
FNDA:0,(anonymous_9)
FNDA:0,(anonymous_10)
DA:5,0
DA:7,0
DA:8,0
DA:9,0
DA:10,0
DA:11,0
DA:12,0
DA:13,0
DA:14,0
DA:15,0
DA:16,0
DA:18,0
DA:19,0
DA:20,0
DA:21,0
DA:24,0
DA:27,0
DA:28,0
DA:29,0
DA:30,0
DA:32,0
DA:33,0
DA:36,0
DA:37,0
DA:38,0
DA:39,0
DA:40,0
DA:41,0
DA:42,0
DA:44,0
DA:45,0
LF:31
LH:0
BRDA:9,0,0,0
BRDA:9,0,1,0
BRDA:11,1,0,0
BRDA:11,1,1,0
BRDA:14,2,0,0
BRDA:14,2,1,0
BRDA:19,3,0,0
BRDA:19,3,1,0
BRDA:19,4,0,0
BRDA:19,4,1,0
BRDA:19,4,2,0
BRDA:30,5,0,0
BRDA:30,5,1,0
BRDA:37,6,0,0
BRDA:37,6,1,0
BRDA:39,7,0,0
BRDA:39,7,1,0
BRDA:39,8,0,0
BRDA:39,8,1,0
BRF:19
BRH:0
end_of_record
TN:
SF:src/features/auth/useSession.js
FN:14,useSession
FN:33,(anonymous_1)
FN:48,loadData
FN:58,(anonymous_3)
FN:64,(anonymous_4)
FN:87,(anonymous_5)
FN:92,(anonymous_6)
FN:103,(anonymous_7)
FN:129,(anonymous_8)
FN:132,(anonymous_9)
FN:134,(anonymous_10)
FN:137,(anonymous_11)
FN:139,(anonymous_12)
FNF:13
FNH:0
FNDA:0,useSession
FNDA:0,(anonymous_1)
FNDA:0,loadData
FNDA:0,(anonymous_3)
FNDA:0,(anonymous_4)
FNDA:0,(anonymous_5)
FNDA:0,(anonymous_6)
FNDA:0,(anonymous_7)
FNDA:0,(anonymous_8)
FNDA:0,(anonymous_9)
FNDA:0,(anonymous_10)
FNDA:0,(anonymous_11)
FNDA:0,(anonymous_12)
DA:15,0
DA:16,0
DA:17,0
DA:18,0
DA:19,0
DA:20,0
DA:21,0
DA:23,0
DA:24,0
DA:26,0
DA:27,0
DA:28,0
DA:30,0
DA:31,0
DA:33,0
DA:34,0
DA:35,0
DA:36,0
DA:37,0
DA:38,0
DA:39,0
DA:40,0
DA:41,0
DA:42,0
DA:45,0
DA:48,0
DA:52,0
DA:54,0
DA:56,0
DA:58,0
DA:59,0
DA:60,0
DA:61,0
DA:62,0
DA:63,0
DA:64,0
DA:65,0
DA:67,0
DA:68,0
DA:69,0
DA:70,0
DA:71,0
DA:72,0
DA:73,0
DA:74,0
DA:75,0
DA:76,0
DA:77,0
DA:78,0
DA:79,0
DA:80,0
DA:81,0
DA:82,0
DA:83,0
DA:84,0
DA:85,0
DA:86,0
DA:87,0
DA:89,0
DA:90,0
DA:91,0
DA:92,0
DA:96,0
DA:97,0
DA:98,0
DA:99,0
DA:100,0
DA:101,0
DA:102,0
DA:103,0
DA:104,0
DA:105,0
DA:106,0
DA:113,0
DA:114,0
DA:115,0
DA:116,0
DA:117,0
DA:125,0
DA:127,0
DA:128,0
DA:129,0
DA:131,0
DA:132,0
DA:133,0
DA:134,0
DA:136,0
DA:137,0
DA:138,0
DA:139,0
DA:141,0
DA:142,0
DA:143,0
DA:144,0
DA:146,0
DA:149,0
DA:150,0
DA:154,0
LF:98
LH:0
BRDA:37,0,0,0
BRDA:37,0,1,0
BRDA:38,1,0,0
BRDA:38,1,1,0
BRDA:39,2,0,0
BRDA:39,2,1,0
BRDA:65,3,0,0
BRDA:65,3,1,0
BRDA:65,4,0,0
BRDA:65,4,1,0
BRDA:71,5,0,0
BRDA:71,5,1,0
BRDA:73,6,0,0
BRDA:73,6,1,0
BRDA:74,7,0,0
BRDA:74,7,1,0
BRDA:77,8,0,0
BRDA:77,8,1,0
BRDA:80,9,0,0
BRDA:80,9,1,0
BRDA:81,10,0,0
BRDA:81,10,1,0
BRDA:83,11,0,0
BRDA:83,11,1,0
BRDA:87,12,0,0
BRDA:87,12,1,0
BRDA:92,13,0,0
BRDA:92,13,1,0
BRDA:98,14,0,0
BRDA:98,14,1,0
BRDA:103,15,0,0
BRDA:103,15,1,0
BRDA:104,16,0,0
BRDA:104,16,1,0
BRDA:114,17,0,0
BRDA:114,17,1,0
BRDA:116,18,0,0
BRDA:116,18,1,0
BRDA:116,19,0,0
BRDA:116,19,1,0
BRDA:116,20,0,0
BRDA:116,20,1,0
BRDA:116,21,0,0
BRDA:116,21,1,0
BRDA:116,22,0,0
BRDA:116,22,1,0
BRDA:116,23,0,0
BRDA:116,23,1,0
BRDA:116,24,0,0
BRDA:116,24,1,0
BRDA:116,25,0,0
BRDA:116,25,1,0
BRDA:118,26,0,0
BRDA:118,26,1,0
BRDA:119,27,0,0
BRDA:119,27,1,0
BRDA:120,28,0,0
BRDA:120,28,1,0
BRDA:121,29,0,0
BRDA:121,29,1,0
BRDA:122,30,0,0
BRDA:122,30,1,0
BRDA:123,31,0,0
BRDA:123,31,1,0
BRDA:127,32,0,0
BRDA:127,32,1,0
BRDA:131,33,0,0
BRDA:131,33,1,0
BRDA:136,34,0,0
BRDA:136,34,1,0
BRDA:141,35,0,0
BRDA:141,35,1,0
BRDA:141,36,0,0
BRDA:141,36,1,0
BRDA:142,37,0,0
BRDA:142,37,1,0
BRDA:150,38,0,0
BRDA:150,38,1,0
BRF:78
BRH:0
end_of_record
TN:
SF:src/features/branding/BrandGlobalEditor.jsx
FN:3,BrandGlobalEditor
FN:4,(anonymous_1)
FN:4,(anonymous_2)
FN:11,(anonymous_3)
FN:15,(anonymous_4)
FN:30,(anonymous_5)
FN:43,(anonymous_6)
FN:48,(anonymous_7)
FN:53,(anonymous_8)
FN:74,(anonymous_9)
FN:82,(anonymous_10)
FNF:11
FNH:5
FNDA:13,BrandGlobalEditor
FNDA:52,(anonymous_1)
FNDA:0,(anonymous_2)
FNDA:0,(anonymous_3)
FNDA:52,(anonymous_4)
FNDA:1,(anonymous_5)
FNDA:1,(anonymous_6)
FNDA:0,(anonymous_7)
FNDA:0,(anonymous_8)
FNDA:0,(anonymous_9)
FNDA:0,(anonymous_10)
DA:4,52
DA:5,0
DA:6,0
DA:7,0
DA:8,0
DA:9,0
DA:10,0
DA:11,0
DA:12,0
DA:15,13
DA:16,52
DA:17,52
DA:30,1
DA:36,13
DA:43,1
DA:48,0
DA:53,0
DA:74,0
DA:82,0
LF:19
LH:7
BRDA:5,0,0,0
BRDA:5,0,1,0
BRDA:5,0,2,0
BRDA:6,1,0,0
BRDA:6,1,1,0
BRDA:8,2,0,0
BRDA:8,2,1,0
BRDA:9,3,0,0
BRDA:9,3,1,0
BRDA:19,4,0,2
BRDA:19,4,1,50
BRDA:30,5,0,52
BRDA:30,5,1,2
BRDA:82,6,0,13
BRDA:82,6,1,6
BRDA:84,7,0,13
BRDA:84,7,1,6
BRF:17
BRH:8
end_of_record
TN:
SF:src/features/branding/BrandStudioView.jsx
FN:21,usePlanLogoSync
FN:27,(anonymous_1)
FN:30,(anonymous_2)
FN:36,(anonymous_3)
FN:37,(anonymous_4)
FN:38,(anonymous_5)
FN:43,(anonymous_6)
FN:50,(anonymous_7)
FN:51,(anonymous_8)
FN:59,LogoTabContent
FN:64,(anonymous_10)
FN:74,(anonymous_11)
FN:105,(anonymous_12)
FN:110,(anonymous_13)
FN:111,(anonymous_14)
FN:133,(anonymous_15)
FN:137,(anonymous_16)
FN:139,(anonymous_17)
FN:149,(anonymous_18)
FN:176,BrandStudioView
FN:181,(anonymous_20)
FN:219,(anonymous_21)
FN:222,(anonymous_22)
FNF:23
FNH:8
FNDA:12,usePlanLogoSync
FNDA:6,(anonymous_1)
FNDA:6,(anonymous_2)
FNDA:0,(anonymous_3)
FNDA:0,(anonymous_4)
FNDA:0,(anonymous_5)
FNDA:0,(anonymous_6)
FNDA:0,(anonymous_7)
FNDA:0,(anonymous_8)
FNDA:12,LogoTabContent
FNDA:0,(anonymous_10)
FNDA:0,(anonymous_11)
FNDA:0,(anonymous_12)
FNDA:48,(anonymous_13)
FNDA:0,(anonymous_14)
FNDA:48,(anonymous_15)
FNDA:0,(anonymous_16)
FNDA:0,(anonymous_17)
FNDA:0,(anonymous_18)
FNDA:6,BrandStudioView
FNDA:0,(anonymous_20)
FNDA:12,(anonymous_21)
FNDA:0,(anonymous_22)
DA:9,1
DA:14,1
DA:22,12
DA:23,12
DA:24,12
DA:25,12
DA:27,12
DA:28,12
DA:30,12
DA:31,6
DA:32,6
DA:33,6
DA:36,12
DA:37,0
DA:38,0
DA:39,0
DA:43,12
DA:44,0
DA:45,0
DA:46,0
DA:47,0
DA:48,0
DA:49,0
DA:50,0
DA:51,0
DA:53,0
DA:56,12
DA:60,12
DA:61,12
DA:62,12
DA:64,12
DA:65,0
DA:66,0
DA:67,0
DA:68,0
DA:70,0
DA:74,12
DA:75,0
DA:76,0
DA:77,0
DA:78,0
DA:80,0
DA:84,12
DA:86,12
DA:105,0
DA:111,48
DA:134,48
DA:137,0
DA:139,0
DA:149,0
DA:177,6
DA:178,6
DA:179,6
DA:181,6
DA:182,0
DA:183,0
DA:184,0
DA:185,0
DA:190,0
DA:191,0
DA:193,0
DA:197,6
DA:220,12
DA:221,12
DA:222,0
LF:65
LH:31
BRDA:22,0,0,12
BRDA:22,0,1,12
BRDA:22,0,2,12
BRDA:22,0,3,12
BRDA:23,1,0,12
BRDA:23,1,1,12
BRDA:23,1,2,12
BRDA:23,1,3,12
BRDA:24,2,0,12
BRDA:24,2,1,0
BRDA:27,3,0,6
BRDA:27,3,1,6
BRDA:28,4,0,12
BRDA:28,4,1,12
BRDA:31,5,0,6
BRDA:31,5,1,6
BRDA:47,6,0,0
BRDA:47,6,1,0
BRDA:47,7,0,0
BRDA:47,7,1,0
BRDA:50,8,0,0
BRDA:50,8,1,0
BRDA:65,9,0,0
BRDA:65,9,1,0
BRDA:75,10,0,0
BRDA:75,10,1,0
BRDA:84,11,0,12
BRDA:84,11,1,0
BRDA:88,12,0,12
BRDA:88,12,1,12
BRDA:88,12,2,12
BRDA:106,13,0,12
BRDA:106,13,1,0
BRDA:107,14,0,12
BRDA:107,14,1,0
BRDA:112,15,0,0
BRDA:112,15,1,48
BRDA:113,16,0,0
BRDA:113,16,1,48
BRDA:124,17,0,12
BRDA:124,17,1,0
BRDA:125,18,0,12
BRDA:125,18,1,0
BRDA:126,19,0,12
BRDA:126,19,1,0
BRDA:127,20,0,12
BRDA:127,20,1,0
BRDA:135,21,0,48
BRDA:135,21,1,0
BRDA:137,22,0,48
BRDA:137,22,1,0
BRDA:139,23,0,48
BRDA:139,23,1,0
BRDA:158,24,0,12
BRDA:158,24,1,0
BRDA:163,25,0,12
BRDA:163,25,1,0
BRDA:167,26,0,12
BRDA:167,26,1,0
BRDA:167,26,2,0
BRDA:178,27,0,6
BRDA:178,27,1,6
BRDA:178,27,2,0
BRDA:184,28,0,0
BRDA:184,28,1,0
BRDA:184,29,0,0
BRDA:184,29,1,0
BRDA:191,30,0,0
BRDA:191,30,1,0
BRDA:193,31,0,0
BRDA:193,31,1,0
BRDA:193,32,0,0
BRDA:193,32,1,0
BRDA:223,33,0,6
BRDA:223,33,1,6
BRDA:224,34,0,6
BRDA:224,34,1,6
BRDA:232,35,0,6
BRDA:232,35,1,6
BRDA:234,36,0,6
BRDA:234,36,1,0
BRF:81
BRH:42
end_of_record
TN:
SF:src/features/branding/LogoSchemes.jsx
FN:6,genId
FN:10,LogoSchemes
FN:16,(anonymous_2)
FN:17,(anonymous_3)
FN:25,(anonymous_4)
FN:26,(anonymous_5)
FN:27,(anonymous_6)
FN:38,(anonymous_7)
FN:44,(anonymous_8)
FN:45,(anonymous_9)
FN:46,(anonymous_10)
FN:51,(anonymous_11)
FN:66,(anonymous_12)
FN:71,(anonymous_13)
FN:72,(anonymous_14)
FN:77,(anonymous_15)
FN:82,(anonymous_16)
FN:116,(anonymous_17)
FN:120,(anonymous_18)
FN:122,(anonymous_19)
FN:130,(anonymous_20)
FN:136,(anonymous_21)
FN:153,(anonymous_22)
FN:173,(anonymous_23)
FN:186,(anonymous_24)
FN:192,(anonymous_25)
FN:204,(anonymous_26)
FN:210,(anonymous_27)
FNF:28
FNH:4
FNDA:0,genId
FNDA:6,LogoSchemes
FNDA:6,(anonymous_2)
FNDA:6,(anonymous_3)
FNDA:0,(anonymous_4)
FNDA:0,(anonymous_5)
FNDA:0,(anonymous_6)
FNDA:0,(anonymous_7)
FNDA:0,(anonymous_8)
FNDA:0,(anonymous_9)
FNDA:0,(anonymous_10)
FNDA:0,(anonymous_11)
FNDA:0,(anonymous_12)
FNDA:0,(anonymous_13)
FNDA:0,(anonymous_14)
FNDA:0,(anonymous_15)
FNDA:0,(anonymous_16)
FNDA:24,(anonymous_17)
FNDA:0,(anonymous_18)
FNDA:0,(anonymous_19)
FNDA:0,(anonymous_20)
FNDA:0,(anonymous_21)
FNDA:0,(anonymous_22)
FNDA:0,(anonymous_23)
FNDA:0,(anonymous_24)
FNDA:0,(anonymous_25)
FNDA:0,(anonymous_26)
FNDA:0,(anonymous_27)
DA:7,0
DA:11,6
DA:12,6
DA:13,6
DA:14,6
DA:16,6
DA:17,6
DA:18,6
DA:19,6
DA:20,6
DA:22,6
DA:25,6
DA:26,0
DA:27,0
DA:28,0
DA:29,0
DA:30,0
DA:31,0
DA:33,0
DA:38,6
DA:39,0
DA:40,0
DA:41,0
DA:42,0
DA:43,0
DA:44,0
DA:45,0
DA:46,0
DA:48,0
DA:51,6
DA:52,0
DA:53,0
DA:54,0
DA:55,0
DA:57,0
DA:58,0
DA:59,0
DA:60,0
DA:61,0
DA:62,0
DA:63,0
DA:66,6
DA:67,0
DA:68,0
DA:71,6
DA:72,0
DA:73,0
DA:74,0
DA:77,6
DA:78,0
DA:79,0
DA:82,6
DA:83,0
DA:84,0
DA:85,0
DA:86,0
DA:89,6
DA:117,24
DA:120,0
DA:122,0
DA:130,0
DA:136,0
DA:153,0
DA:173,0
DA:187,0
DA:189,0
DA:192,0
DA:204,0
DA:210,0
LF:69
LH:19
BRDA:42,0,0,0
BRDA:42,0,1,0
BRDA:42,1,0,0
BRDA:42,1,1,0
BRDA:45,2,0,0
BRDA:45,2,1,0
BRDA:53,3,0,0
BRDA:53,3,1,0
BRDA:54,4,0,0
BRDA:54,4,1,0
BRDA:63,5,0,0
BRDA:63,5,1,0
BRDA:68,6,0,0
BRDA:68,6,1,0
BRDA:79,7,0,0
BRDA:79,7,1,0
BRDA:83,8,0,0
BRDA:83,8,1,0
BRDA:167,9,0,6
BRDA:167,9,1,6
BRDA:187,10,0,0
BRDA:187,10,1,0
BRDA:187,10,2,0
BRDA:187,10,3,0
BRDA:190,11,0,0
BRDA:190,11,1,0
BRDA:194,12,0,0
BRDA:194,12,1,0
BRDA:195,13,0,0
BRDA:195,13,1,0
BRDA:196,14,0,0
BRDA:196,14,1,0
BRDA:197,15,0,0
BRDA:197,15,1,0
BRF:34
BRH:2
end_of_record
TN:
SF:src/features/branding/ModuleEditor.jsx
FN:3,ModuleEditor
FN:6,(anonymous_1)
FN:9,(anonymous_2)
FN:15,(anonymous_3)
FN:21,(anonymous_4)
FN:22,(anonymous_5)
FN:31,(anonymous_6)
FN:36,(anonymous_7)
FN:49,(anonymous_8)
FN:51,(anonymous_9)
FN:58,(anonymous_10)
FN:72,renderField
FN:84,(anonymous_12)
FN:86,(anonymous_13)
FN:106,(anonymous_14)
FN:113,(anonymous_15)
FN:120,(anonymous_16)
FN:129,(anonymous_17)
FN:137,(anonymous_18)
FN:147,(anonymous_19)
FN:158,(anonymous_20)
FN:166,labelFromKey
FN:167,(anonymous_22)
FN:170,defaultsFromSchema
FN:172,(anonymous_24)
FN:187,deepMerge
FN:189,(anonymous_26)
FN:199,setNested
FN:209,getNested
FNF:29
FNH:16
FNDA:12,ModuleEditor
FNDA:11,(anonymous_1)
FNDA:12,(anonymous_2)
FNDA:0,(anonymous_3)
FNDA:1,(anonymous_4)
FNDA:1,(anonymous_5)
FNDA:16,(anonymous_6)
FNDA:0,(anonymous_7)
FNDA:0,(anonymous_8)
FNDA:0,(anonymous_9)
FNDA:1,(anonymous_10)
FNDA:14,renderField
FNDA:1,(anonymous_12)
FNDA:0,(anonymous_13)
FNDA:0,(anonymous_14)
FNDA:0,(anonymous_15)
FNDA:0,(anonymous_16)
FNDA:0,(anonymous_17)
FNDA:0,(anonymous_18)
FNDA:0,(anonymous_19)
FNDA:0,(anonymous_20)
FNDA:21,labelFromKey
FNDA:21,(anonymous_22)
FNDA:13,defaultsFromSchema
FNDA:19,(anonymous_24)
FNDA:11,deepMerge
FNDA:5,(anonymous_26)
FNDA:1,setNested
FNDA:0,getNested
DA:4,12
DA:5,12
DA:6,12
DA:7,12
DA:9,12
DA:10,12
DA:11,12
DA:12,12
DA:15,12
DA:16,0
DA:17,0
DA:18,0
DA:21,12
DA:22,1
DA:23,1
DA:24,1
DA:25,1
DA:29,12
DA:32,16
DA:33,16
DA:34,2
DA:36,0
DA:50,0
DA:51,0
DA:58,14
DA:73,14
DA:74,14
DA:75,14
DA:76,14
DA:78,14
DA:80,14
DA:81,7
DA:84,1
DA:86,0
DA:94,7
DA:95,0
DA:106,0
DA:112,7
DA:113,1
DA:114,0
DA:115,0
DA:116,0
DA:117,0
DA:118,0
DA:119,0
DA:120,0
DA:121,0
DA:123,1
DA:124,1
DA:129,0
DA:137,0
DA:143,6
DA:144,1
DA:147,0
DA:155,5
DA:158,0
DA:167,21
DA:171,13
DA:172,13
DA:173,19
DA:174,19
DA:175,2
DA:176,17
DA:177,15
DA:178,2
DA:179,0
DA:180,2
DA:181,1
DA:184,13
DA:188,11
DA:189,11
DA:190,5
DA:191,0
DA:193,5
DA:196,11
DA:200,1
DA:201,1
DA:202,1
DA:203,0
DA:204,0
DA:206,1
DA:210,0
DA:211,0
DA:212,0
DA:213,0
DA:214,0
DA:216,0
LF:87
LH:56
BRDA:4,0,0,12
BRDA:4,0,1,12
BRDA:4,0,2,12
BRDA:4,0,3,8
BRDA:5,1,0,12
BRDA:5,1,1,12
BRDA:5,1,2,0
BRDA:33,2,0,2
BRDA:33,2,1,14
BRDA:33,3,0,16
BRDA:33,3,1,2
BRDA:36,4,0,0
BRDA:36,4,1,0
BRDA:42,5,0,0
BRDA:42,5,1,2
BRDA:47,6,0,2
BRDA:47,6,1,0
BRDA:61,7,0,12
BRDA:61,7,1,8
BRDA:73,8,0,14
BRDA:73,8,1,7
BRDA:74,9,0,14
BRDA:74,9,1,7
BRDA:74,9,2,7
BRDA:76,10,0,14
BRDA:76,10,1,13
BRDA:80,11,0,7
BRDA:80,11,1,7
BRDA:84,12,0,7
BRDA:84,12,1,2
BRDA:86,13,0,7
BRDA:86,13,1,2
BRDA:94,14,0,0
BRDA:94,14,1,7
BRDA:94,15,0,7
BRDA:94,15,1,0
BRDA:99,16,0,0
BRDA:99,16,1,0
BRDA:102,17,0,0
BRDA:102,17,1,0
BRDA:103,18,0,0
BRDA:103,18,1,0
BRDA:104,19,0,0
BRDA:104,19,1,0
BRDA:105,20,0,0
BRDA:105,20,1,0
BRDA:106,21,0,0
BRDA:106,21,1,0
BRDA:112,22,0,1
BRDA:112,22,1,6
BRDA:112,23,0,7
BRDA:112,23,1,7
BRDA:112,23,2,5
BRDA:112,23,3,4
BRDA:114,24,0,0
BRDA:114,24,1,0
BRDA:114,24,2,0
BRDA:115,25,0,0
BRDA:115,25,1,0
BRDA:117,26,0,0
BRDA:117,26,1,0
BRDA:118,27,0,0
BRDA:118,27,1,0
BRDA:128,28,0,1
BRDA:128,28,1,0
BRDA:129,29,0,1
BRDA:129,29,1,1
BRDA:137,30,0,1
BRDA:137,30,1,0
BRDA:143,31,0,1
BRDA:143,31,1,5
BRDA:158,32,0,4
BRDA:158,32,1,1
BRDA:174,33,0,2
BRDA:174,33,1,17
BRDA:174,34,0,19
BRDA:174,34,1,2
BRDA:176,35,0,15
BRDA:176,35,1,2
BRDA:178,36,0,0
BRDA:178,36,1,2
BRDA:179,37,0,0
BRDA:179,37,1,0
BRDA:180,38,0,1
BRDA:180,38,1,1
BRDA:181,39,0,0
BRDA:181,39,1,1
BRDA:190,40,0,0
BRDA:190,40,1,5
BRDA:190,41,0,5
BRDA:190,41,1,0
BRDA:190,41,2,0
BRDA:190,41,3,0
BRDA:190,41,4,0
BRDA:203,42,0,0
BRDA:203,42,1,0
BRDA:213,43,0,0
BRDA:213,43,1,0
BRDA:213,44,0,0
BRDA:213,44,1,0
BRF:100
BRH:55
end_of_record
TN:
SF:src/features/branding/PlanTabsEditor.jsx
FN:12,PlanTabsEditor
FN:14,(anonymous_1)
FN:17,(anonymous_2)
FN:22,(anonymous_3)
FN:29,(anonymous_4)
FN:30,(anonymous_5)
FN:32,(anonymous_6)
FN:37,(anonymous_7)
FN:43,(anonymous_8)
FN:44,(anonymous_9)
FN:45,(anonymous_10)
FN:51,(anonymous_11)
FN:55,(anonymous_12)
FN:68,(anonymous_13)
FN:72,(anonymous_14)
FN:99,(anonymous_15)
FN:110,(anonymous_16)
FN:111,(anonymous_17)
FN:118,(anonymous_18)
FN:135,(anonymous_19)
FN:179,(anonymous_20)
FN:183,(anonymous_21)
FN:187,ColorInput
FN:196,(anonymous_23)
FN:197,(anonymous_24)
FNF:25
FNH:24
FNDA:42,PlanTabsEditor
FNDA:17,(anonymous_1)
FNDA:17,(anonymous_2)
FNDA:18,(anonymous_3)
FNDA:3,(anonymous_4)
FNDA:3,(anonymous_5)
FNDA:3,(anonymous_6)
FNDA:1,(anonymous_7)
FNDA:16,(anonymous_8)
FNDA:16,(anonymous_9)
FNDA:1,(anonymous_10)
FNDA:1,(anonymous_11)
FNDA:16,(anonymous_12)
FNDA:168,(anonymous_13)
FNDA:1,(anonymous_14)
FNDA:126,(anonymous_15)
FNDA:672,(anonymous_16)
FNDA:3,(anonymous_17)
FNDA:1,(anonymous_18)
FNDA:168,(anonymous_19)
FNDA:35,(anonymous_20)
FNDA:560,(anonymous_21)
FNDA:672,ColorInput
FNDA:3,(anonymous_23)
FNDA:0,(anonymous_24)
DA:4,2
DA:13,42
DA:14,42
DA:15,42
DA:17,42
DA:18,42
DA:19,42
DA:20,42
DA:22,42
DA:23,18
DA:24,18
DA:25,18
DA:26,18
DA:29,42
DA:30,3
DA:31,3
DA:32,3
DA:33,3
DA:37,42
DA:38,1
DA:39,1
DA:40,1
DA:41,1
DA:42,1
DA:43,16
DA:44,16
DA:45,1
DA:46,1
DA:48,0
DA:51,42
DA:52,1
DA:53,1
DA:54,1
DA:55,16
DA:56,1
DA:57,1
DA:58,1
DA:59,0
DA:60,1
DA:63,42
DA:65,42
DA:69,168
DA:70,168
DA:71,168
DA:72,1
DA:100,126
DA:101,126
DA:111,672
DA:118,1
DA:136,168
DA:179,2
DA:180,35
DA:181,35
DA:182,35
DA:183,560
DA:184,35
DA:188,672
DA:189,672
DA:196,3
DA:197,0
LF:60
LH:57
BRDA:14,0,0,17
BRDA:14,0,1,17
BRDA:14,0,2,16
BRDA:14,0,3,17
BRDA:41,1,0,1
BRDA:41,1,1,0
BRDA:41,2,0,1
BRDA:41,2,1,1
BRDA:44,3,0,16
BRDA:44,3,1,0
BRDA:55,4,0,16
BRDA:55,4,1,4
BRDA:58,5,0,1
BRDA:58,5,1,0
BRDA:73,6,0,42
BRDA:73,6,1,126
BRDA:74,7,0,42
BRDA:74,7,1,126
BRDA:111,8,0,672
BRDA:111,8,1,164
BRDA:125,9,0,42
BRDA:125,9,1,0
BRDA:125,10,0,42
BRDA:125,10,1,0
BRDA:126,11,0,42
BRDA:126,11,1,0
BRDA:134,12,0,42
BRDA:134,12,1,0
BRDA:136,13,0,42
BRDA:136,13,1,126
BRDA:137,14,0,42
BRDA:137,14,1,126
BRDA:143,15,0,42
BRDA:143,15,1,0
BRDA:144,16,0,42
BRDA:144,16,1,0
BRDA:144,17,0,42
BRDA:144,17,1,0
BRDA:147,18,0,42
BRDA:147,18,1,0
BRDA:147,19,0,42
BRDA:147,19,1,0
BRDA:148,20,0,42
BRDA:148,20,1,0
BRDA:149,21,0,42
BRDA:149,21,1,0
BRDA:150,22,0,42
BRDA:150,22,1,0
BRDA:153,23,0,42
BRDA:153,23,1,0
BRDA:153,24,0,42
BRDA:153,24,1,0
BRDA:154,25,0,42
BRDA:154,25,1,0
BRDA:156,26,0,42
BRDA:156,26,1,0
BRDA:157,27,0,42
BRDA:157,27,1,0
BRDA:162,28,0,42
BRDA:162,28,1,0
BRDA:163,29,0,42
BRDA:163,29,1,0
BRDA:163,30,0,42
BRDA:163,30,1,0
BRDA:170,31,0,42
BRDA:170,31,1,41
BRDA:173,32,0,1
BRDA:173,32,1,41
BRDA:180,33,0,35
BRDA:180,33,1,35
BRDA:181,34,0,35
BRDA:181,34,1,0
BRDA:181,34,2,35
BRDA:183,35,0,560
BRDA:183,35,1,560
BRDA:183,35,2,140
BRDA:193,36,0,672
BRDA:193,36,1,672
BRDA:196,37,0,672
BRDA:196,37,1,164
BRDA:197,38,0,672
BRDA:197,38,1,164
BRF:82
BRH:58
end_of_record
TN:
SF:src/features/branding/PreviewGeral.jsx
FN:6,PreviewGeral
FN:44,(anonymous_1)
FN:120,(anonymous_2)
FN:164,(anonymous_3)
FNF:4
FNH:4
FNDA:6,PreviewGeral
FNDA:24,(anonymous_1)
FNDA:24,(anonymous_2)
FNDA:78,(anonymous_3)
DA:4,1
DA:7,6
DA:8,6
DA:9,6
DA:10,6
DA:11,6
DA:12,6
DA:14,6
DA:15,6
DA:16,6
DA:17,6
DA:18,6
DA:19,6
DA:20,6
DA:21,6
DA:22,6
DA:23,6
DA:24,6
DA:25,6
DA:26,6
DA:27,6
DA:28,6
DA:29,6
DA:30,6
DA:32,6
DA:37,6
DA:41,6
DA:44,24
DA:48,6
DA:52,6
DA:57,6
DA:62,6
DA:65,6
DA:69,6
DA:72,6
DA:75,6
DA:80,6
DA:83,6
DA:86,6
DA:89,6
DA:93,6
DA:96,6
DA:99,6
DA:102,6
DA:106,6
DA:121,24
DA:165,78
DA:166,78
DA:167,0
LF:49
LH:48
BRDA:7,0,0,6
BRDA:7,0,1,6
BRDA:7,0,2,6
BRDA:7,0,3,6
BRDA:7,0,4,6
BRDA:8,1,0,6
BRDA:8,1,1,6
BRDA:8,1,2,6
BRDA:8,1,3,6
BRDA:9,2,0,6
BRDA:9,2,1,6
BRDA:9,2,2,6
BRDA:9,2,3,6
BRDA:10,3,0,6
BRDA:10,3,1,6
BRDA:10,3,2,6
BRDA:10,3,3,6
BRDA:11,4,0,6
BRDA:11,4,1,6
BRDA:11,4,2,6
BRDA:11,4,3,6
BRDA:12,5,0,6
BRDA:12,5,1,6
BRDA:12,5,2,6
BRDA:12,5,3,6
BRDA:14,6,0,6
BRDA:14,6,1,6
BRDA:14,6,2,0
BRDA:15,7,0,6
BRDA:15,7,1,6
BRDA:16,8,0,6
BRDA:16,8,1,6
BRDA:17,9,0,6
BRDA:17,9,1,6
BRDA:18,10,0,6
BRDA:18,10,1,6
BRDA:19,11,0,6
BRDA:19,11,1,6
BRDA:20,12,0,6
BRDA:20,12,1,6
BRDA:21,13,0,6
BRDA:21,13,1,6
BRDA:22,14,0,6
BRDA:22,14,1,6
BRDA:23,15,0,6
BRDA:23,15,1,6
BRDA:24,16,0,6
BRDA:24,16,1,6
BRDA:25,17,0,6
BRDA:25,17,1,6
BRDA:26,18,0,6
BRDA:26,18,1,6
BRDA:27,19,0,6
BRDA:27,19,1,6
BRDA:28,20,0,6
BRDA:28,20,1,6
BRDA:29,21,0,6
BRDA:29,21,1,6
BRDA:30,22,0,6
BRDA:30,22,1,6
BRDA:35,23,0,6
BRDA:35,23,1,6
BRDA:45,24,0,6
BRDA:45,24,1,18
BRDA:166,25,0,78
BRDA:166,25,1,0
BRDA:178,26,0,0
BRDA:178,26,1,6
BRF:68
BRH:65
end_of_record
TN:
SF:src/features/branding/defaults.js
FN:236,getDefaultPaletteForPlan
FN:240,getAllPaletteKeys
FN:241,(anonymous_2)
FN:244,getDefaults
FNF:4
FNH:1
FNDA:42,getDefaultPaletteForPlan
FNDA:0,getAllPaletteKeys
FNDA:0,(anonymous_2)
FNDA:0,getDefaults
DA:1,3
DA:3,3
DA:23,3
DA:30,3
DA:36,3
DA:44,3
DA:50,3
DA:56,3
DA:63,3
DA:70,3
DA:79,3
DA:86,3
DA:93,3
DA:98,3
DA:102,3
DA:104,3
DA:124,3
DA:143,3
DA:145,3
DA:152,3
DA:159,3
DA:166,3
DA:171,3
DA:198,3
DA:214,3
DA:234,3
DA:237,42
DA:241,0
DA:245,0
LF:29
LH:27
BRDA:237,0,0,42
BRDA:237,0,1,0
BRF:2
BRH:1
end_of_record
TN:
SF:src/features/branding/logoUtils.js
FN:9,buildCheckPath
FN:10,(anonymous_1)
FN:19,generateLogoSvg
FN:35,logoSvgToDataUrl
FNF:4
FNH:4
FNDA:52,buildCheckPath
FNDA:416,(anonymous_1)
FNDA:20,generateLogoSvg
FNDA:8,logoSvgToDataUrl
DA:10,416
DA:11,52
DA:20,20
DA:21,20
DA:36,8
LF:5
LH:5
BRDA:20,0,0,20
BRDA:20,0,1,8
BRDA:23,1,0,20
BRDA:23,1,1,6
BRDA:24,2,0,20
BRDA:24,2,1,9
BRDA:25,3,0,20
BRDA:25,3,1,9
BRDA:26,4,0,20
BRDA:26,4,1,8
BRF:10
BRH:10
end_of_record
TN:
SF:src/features/branding/planThemes.js
FN:27,getPlanTheme
FN:31,getPlanThemeConfig
FN:36,listPlanThemes
FN:37,(anonymous_3)
FN:42,resolveBrandForPlan
FN:89,applyPlanOverride
FNF:6
FNH:0
FNDA:0,getPlanTheme
FNDA:0,getPlanThemeConfig
FNDA:0,listPlanThemes
FNDA:0,(anonymous_3)
FNDA:0,resolveBrandForPlan
FNDA:0,applyPlanOverride
DA:4,1
DA:28,0
DA:32,0
DA:33,0
DA:37,0
DA:43,0
DA:44,0
DA:46,0
DA:47,0
DA:48,0
DA:50,0
DA:51,0
DA:53,0
DA:54,0
DA:55,0
DA:58,0
DA:60,0
DA:61,0
DA:62,0
DA:63,0
DA:64,0
DA:65,0
DA:68,0
DA:69,0
DA:73,0
DA:74,0
DA:76,0
DA:90,0
DA:91,0
DA:92,0
DA:93,0
DA:94,0
LF:32
LH:1
BRDA:28,0,0,0
BRDA:28,0,1,0
BRDA:33,1,0,0
BRDA:33,1,1,0
BRDA:43,2,0,0
BRDA:43,2,1,0
BRDA:43,3,0,0
BRDA:43,3,1,0
BRDA:44,4,0,0
BRDA:44,4,1,0
BRDA:48,5,0,0
BRDA:48,5,1,0
BRDA:51,6,0,0
BRDA:51,6,1,0
BRDA:53,7,0,0
BRDA:53,7,1,0
BRDA:53,7,2,0
BRDA:54,8,0,0
BRDA:54,8,1,0
BRDA:54,9,0,0
BRDA:54,9,1,0
BRDA:60,10,0,0
BRDA:60,10,1,0
BRDA:60,11,0,0
BRDA:60,11,1,0
BRDA:60,11,2,0
BRDA:62,12,0,0
BRDA:62,12,1,0
BRDA:64,13,0,0
BRDA:64,13,1,0
BRDA:65,14,0,0
BRDA:65,14,1,0
BRDA:68,15,0,0
BRDA:68,15,1,0
BRDA:73,16,0,0
BRDA:73,16,1,0
BRDA:74,17,0,0
BRDA:74,17,1,0
BRDA:78,18,0,0
BRDA:78,18,1,0
BRDA:78,18,2,0
BRDA:79,19,0,0
BRDA:79,19,1,0
BRDA:79,19,2,0
BRDA:80,20,0,0
BRDA:80,20,1,0
BRDA:80,20,2,0
BRDA:81,21,0,0
BRDA:81,21,1,0
BRDA:81,21,2,0
BRDA:83,22,0,0
BRDA:83,22,1,0
BRDA:85,23,0,0
BRDA:85,23,1,0
BRDA:91,24,0,0
BRDA:91,24,1,0
BRDA:91,25,0,0
BRDA:91,25,1,0
BRDA:92,26,0,0
BRDA:92,26,1,0
BRF:60
BRH:0
end_of_record
TN:
SF:src/features/branding/presets.js
FN:4,loadPresetsFromDb
FN:7,(anonymous_1)
FN:23,dbRow
FN:36,persistPreset
FN:44,deletePresetFromDb
FN:52,genId
FN:58,loadLogoSchemesFromDb
FN:61,(anonymous_7)
FN:72,logoSchemeDbRow
FN:81,persistLogoScheme
FN:89,deleteLogoSchemeFromDb
FN:97,migrateLogoSchemesFromLocalStorage
FN:327,createPresetStore
FN:331,notifyChange
FN:336,setOnChange
FN:340,listPresets
FN:341,(anonymous_16)
FN:353,getPreset
FN:354,(anonymous_18)
FN:358,savePreset
FN:376,deletePreset
FN:377,(anonymous_21)
FN:385,duplicatePreset
FN:391,toggleFavoritePreset
FN:404,exportPreset
FN:413,importPreset
FN:428,getPresetCategories
FN:430,(anonymous_27)
FN:434,(anonymous_28)
FNF:29
FNH:24
FNDA:7,loadPresetsFromDb
FNDA:0,(anonymous_1)
FNDA:11,dbRow
FNDA:11,persistPreset
FNDA:1,deletePresetFromDb
FNDA:9,genId
FNDA:6,loadLogoSchemesFromDb
FNDA:0,(anonymous_7)
FNDA:0,logoSchemeDbRow
FNDA:0,persistLogoScheme
FNDA:0,deleteLogoSchemeFromDb
FNDA:6,migrateLogoSchemesFromLocalStorage
FNDA:2,createPresetStore
FNDA:12,notifyChange
FNDA:30,setOnChange
FNDA:7,listPresets
FNDA:56,(anonymous_16)
FNDA:10,getPreset
FNDA:114,(anonymous_18)
FNDA:9,savePreset
FNDA:2,deletePreset
FNDA:5,(anonymous_21)
FNDA:2,duplicatePreset
FNDA:3,toggleFavoritePreset
FNDA:2,exportPreset
FNDA:2,importPreset
FNDA:7,getPresetCategories
FNDA:63,(anonymous_27)
FNDA:44,(anonymous_28)
DA:5,7
DA:6,7
DA:7,7
DA:19,0
DA:24,11
DA:37,11
DA:38,11
DA:40,0
DA:45,1
DA:46,1
DA:48,0
DA:53,9
DA:59,6
DA:60,6
DA:61,6
DA:68,0
DA:73,0
DA:82,0
DA:83,0
DA:85,0
DA:90,0
DA:91,0
DA:93,0
DA:98,6
DA:99,6
DA:100,6
DA:101,0
DA:102,0
DA:103,0
DA:105,0
DA:108,0
DA:114,2
DA:328,2
DA:329,2
DA:332,12
DA:335,2
DA:337,30
DA:341,56
DA:354,114
DA:355,10
DA:359,9
DA:370,9
DA:371,9
DA:372,9
DA:373,9
DA:377,5
DA:378,2
DA:379,1
DA:380,1
DA:381,1
DA:382,1
DA:386,2
DA:387,2
DA:388,1
DA:392,3
DA:393,15
DA:394,2
DA:395,2
DA:396,2
DA:397,2
DA:398,2
DA:401,1
DA:405,2
DA:406,2
DA:407,1
DA:414,2
DA:415,2
DA:416,2
DA:417,2
DA:418,2
DA:419,2
DA:420,2
DA:421,2
DA:422,2
DA:424,1
DA:429,7
DA:430,7
DA:431,63
DA:432,63
DA:434,44
DA:439,2
DA:452,2
LF:82
LH:66
BRDA:10,0,0,0
BRDA:10,0,1,0
BRDA:11,1,0,0
BRDA:11,1,1,0
BRDA:12,2,0,0
BRDA:12,2,1,0
BRDA:16,3,0,0
BRDA:16,3,1,0
BRDA:16,4,0,0
BRDA:16,4,1,0
BRDA:27,5,0,11
BRDA:27,5,1,5
BRDA:28,6,0,11
BRDA:28,6,1,0
BRDA:29,7,0,11
BRDA:29,7,1,0
BRDA:30,8,0,1
BRDA:30,8,1,10
BRDA:31,9,0,0
BRDA:31,9,1,11
BRDA:100,10,0,0
BRDA:100,10,1,6
BRDA:332,11,0,1
BRDA:332,11,1,11
BRDA:349,12,0,56
BRDA:349,12,1,56
BRDA:355,13,0,7
BRDA:355,13,1,3
BRDA:362,14,0,9
BRDA:362,14,1,3
BRDA:363,15,0,9
BRDA:363,15,1,0
BRDA:365,16,0,9
BRDA:365,16,1,0
BRDA:368,17,0,0
BRDA:368,17,1,9
BRDA:378,18,0,1
BRDA:378,18,1,1
BRDA:387,19,0,1
BRDA:387,19,1,1
BRDA:393,20,0,2
BRDA:393,20,1,13
BRDA:406,21,0,1
BRDA:406,21,1,1
BRDA:416,22,0,2
BRDA:416,22,1,0
BRDA:417,23,0,2
BRDA:417,23,1,0
BRDA:418,24,0,2
BRDA:418,24,1,0
BRDA:419,25,0,2
BRDA:419,25,1,0
BRDA:420,26,0,2
BRDA:420,26,1,0
BRDA:421,27,0,2
BRDA:421,27,1,0
BRDA:431,28,0,44
BRDA:431,28,1,19
BRF:58
BRH:35
end_of_record
TN:
SF:src/features/branding/previewValidator.js
FN:9,previewValidate
FN:69,(anonymous_1)
FN:74,(anonymous_2)
FN:79,(anonymous_3)
FN:81,(anonymous_4)
FN:85,(anonymous_5)
FN:93,(anonymous_6)
FN:100,(anonymous_7)
FN:116,(anonymous_8)
FNF:9
FNH:0
FNDA:0,previewValidate
FNDA:0,(anonymous_1)
FNDA:0,(anonymous_2)
FNDA:0,(anonymous_3)
FNDA:0,(anonymous_4)
FNDA:0,(anonymous_5)
FNDA:0,(anonymous_6)
FNDA:0,(anonymous_7)
FNDA:0,(anonymous_8)
DA:1,0
DA:10,0
DA:11,0
DA:12,0
DA:14,0
DA:17,0
DA:18,0
DA:21,0
DA:23,0
DA:24,0
DA:25,0
DA:26,0
DA:27,0
DA:31,0
DA:32,0
DA:33,0
DA:34,0
DA:35,0
DA:39,0
DA:40,0
DA:41,0
DA:42,0
DA:46,0
DA:47,0
DA:50,0
DA:51,0
DA:52,0
DA:53,0
DA:57,0
DA:58,0
DA:62,0
DA:69,0
DA:70,0
DA:71,0
DA:74,0
DA:75,0
DA:76,0
DA:79,0
DA:80,0
DA:81,0
DA:82,0
DA:85,0
DA:86,0
DA:87,0
DA:88,0
DA:89,0
DA:90,0
DA:93,0
DA:94,0
DA:95,0
DA:96,0
DA:97,0
DA:100,0
DA:101,0
DA:102,0
DA:103,0
DA:104,0
DA:105,0
DA:106,0
DA:107,0
DA:108,0
DA:109,0
DA:110,0
DA:111,0
DA:113,0
DA:116,0
DA:117,0
DA:118,0
DA:119,0
DA:120,0
DA:122,0
LF:71
LH:0
BRDA:14,0,0,0
BRDA:14,0,1,0
BRDA:14,1,0,0
BRDA:14,1,1,0
BRDA:17,2,0,0
BRDA:17,2,1,0
BRDA:17,3,0,0
BRDA:17,3,1,0
BRDA:21,4,0,0
BRDA:21,4,1,0
BRDA:23,5,0,0
BRDA:23,5,1,0
BRDA:23,6,0,0
BRDA:23,6,1,0
BRDA:25,7,0,0
BRDA:25,7,1,0
BRDA:31,8,0,0
BRDA:31,8,1,0
BRDA:31,9,0,0
BRDA:31,9,1,0
BRDA:33,10,0,0
BRDA:33,10,1,0
BRDA:39,11,0,0
BRDA:39,11,1,0
BRDA:39,12,0,0
BRDA:39,12,1,0
BRDA:41,13,0,0
BRDA:41,13,1,0
BRDA:46,14,0,0
BRDA:46,14,1,0
BRDA:46,15,0,0
BRDA:46,15,1,0
BRDA:46,15,2,0
BRDA:50,16,0,0
BRDA:50,16,1,0
BRDA:50,17,0,0
BRDA:50,17,1,0
BRDA:50,17,2,0
BRDA:52,18,0,0
BRDA:52,18,1,0
BRDA:52,19,0,0
BRDA:52,19,1,0
BRDA:58,20,0,0
BRDA:58,20,1,0
BRDA:70,21,0,0
BRDA:70,21,1,0
BRDA:75,22,0,0
BRDA:75,22,1,0
BRDA:81,23,0,0
BRDA:81,23,1,0
BRDA:105,24,0,0
BRDA:105,24,1,0
BRDA:107,25,0,0
BRDA:107,25,1,0
BRDA:108,26,0,0
BRDA:108,26,1,0
BRDA:108,27,0,0
BRDA:108,27,1,0
BRDA:109,28,0,0
BRDA:109,28,1,0
BRDA:117,29,0,0
BRDA:117,29,1,0
BRDA:118,30,0,0
BRDA:118,30,1,0
BRDA:118,31,0,0
BRDA:118,31,1,0
BRDA:119,32,0,0
BRDA:119,32,1,0
BRF:68
BRH:0
end_of_record
TN:
SF:src/features/branding/responseProcessor.js
FN:9,processResponse
FN:37,buildProposedBrand
FN:58,requiresServiceRole
FNF:3
FNH:2
FNDA:14,processResponse
FNDA:10,buildProposedBrand
FNDA:0,requiresServiceRole
DA:10,14
DA:11,14
DA:15,14
DA:16,3
DA:19,10
DA:20,10
DA:21,10
DA:22,0
DA:25,10
DA:27,10
DA:33,1
DA:38,10
DA:39,10
DA:41,10
DA:59,0
LF:15
LH:13
BRDA:11,0,0,9
BRDA:11,0,1,5
BRDA:15,1,0,3
BRDA:15,1,1,11
BRDA:15,2,0,14
BRDA:15,2,1,12
BRDA:15,2,2,11
BRDA:21,3,0,0
BRDA:21,3,1,10
BRDA:33,4,0,1
BRDA:33,4,1,0
BRDA:38,5,0,10
BRDA:38,5,1,0
BRDA:39,6,0,10
BRDA:39,6,1,0
BRDA:42,7,0,10
BRDA:42,7,1,0
BRDA:43,8,0,10
BRDA:43,8,1,10
BRDA:44,9,0,10
BRDA:44,9,1,0
BRDA:45,10,0,10
BRDA:45,10,1,0
BRDA:46,11,0,10
BRDA:46,11,1,0
BRDA:47,12,0,10
BRDA:47,12,1,3
BRDA:47,12,2,3
BRDA:47,12,3,1
BRDA:49,13,0,10
BRDA:49,13,1,10
BRDA:49,13,2,9
BRF:32
BRH:24
end_of_record
TN:
SF:src/features/branding/schemaRegistry.js
FN:229,validateField
FN:308,validateAgainstModules
FN:346,createModuleRegistry
FN:350,registerModule
FN:357,getModule
FN:361,listModules
FN:362,(anonymous_6)
FN:365,getSchema
FN:397,normalizeModules
FN:421,getDefaults
FN:430,mergeWithDefaults
FN:466,createRegistry
FNF:12
FNH:9
FNDA:747,validateField
FNDA:10,validateAgainstModules
FNDA:1,createModuleRegistry
FNDA:0,registerModule
FNDA:420,getModule
FNDA:30,listModules
FNDA:420,(anonymous_6)
FNDA:0,getSchema
FNDA:10,normalizeModules
FNDA:10,getDefaults
FNDA:10,mergeWithDefaults
FNDA:0,createRegistry
DA:25,1
DA:230,747
DA:232,747
DA:234,747
DA:235,587
DA:236,10
DA:237,0
DA:239,10
DA:241,577
DA:242,0
DA:243,0
DA:245,577
DA:246,0
DA:248,577
DA:249,0
DA:251,577
DA:252,0
DA:254,577
DA:255,0
DA:257,160
DA:258,10
DA:259,0
DA:261,10
DA:262,0
DA:264,10
DA:265,0
DA:267,150
DA:268,10
DA:269,0
DA:271,140
DA:272,140
DA:273,0
DA:274,0
DA:276,140
DA:277,140
DA:278,40
DA:279,0
DA:282,140
DA:283,0
DA:284,0
DA:285,0
DA:286,0
DA:290,140
DA:291,140
DA:292,740
DA:293,607
DA:296,0
DA:297,0
DA:298,0
DA:309,10
DA:311,10
DA:312,0
DA:315,10
DA:316,0
DA:319,10
DA:320,0
DA:323,10
DA:324,140
DA:325,140
DA:326,140
DA:327,20
DA:328,20
DA:329,40
DA:330,0
DA:334,140
DA:335,140
DA:339,10
DA:340,0
DA:343,10
DA:347,1
DA:348,1
DA:351,0
DA:352,0
DA:354,0
DA:358,420
DA:362,420
DA:366,0
DA:387,0
DA:388,0
DA:389,0
DA:390,0
DA:394,0
DA:398,10
DA:400,10
DA:401,10
DA:402,140
DA:403,140
DA:404,140
DA:406,140
DA:407,130
DA:408,130
DA:409,130
DA:410,740
DA:411,740
DA:413,130
DA:415,10
DA:418,10
DA:422,10
DA:423,10
DA:424,140
DA:425,140
DA:427,10
DA:431,10
DA:432,10
DA:433,10
DA:434,10
DA:435,10
DA:436,10
DA:439,10
DA:442,1
DA:454,1
DA:464,1
DA:467,0
LF:113
LH:77
BRDA:230,0,0,0
BRDA:230,0,1,747
BRDA:234,1,0,587
BRDA:234,1,1,160
BRDA:235,2,0,10
BRDA:235,2,1,577
BRDA:236,3,0,0
BRDA:236,3,1,10
BRDA:241,4,0,0
BRDA:241,4,1,577
BRDA:245,5,0,0
BRDA:245,5,1,577
BRDA:245,6,0,577
BRDA:245,6,1,170
BRDA:248,7,0,0
BRDA:248,7,1,577
BRDA:248,8,0,577
BRDA:248,8,1,127
BRDA:251,9,0,0
BRDA:251,9,1,577
BRDA:251,10,0,577
BRDA:251,10,1,10
BRDA:254,11,0,0
BRDA:254,11,1,577
BRDA:254,12,0,577
BRDA:254,12,1,10
BRDA:257,13,0,10
BRDA:257,13,1,150
BRDA:258,14,0,0
BRDA:258,14,1,10
BRDA:258,15,0,10
BRDA:258,15,1,10
BRDA:261,16,0,0
BRDA:261,16,1,10
BRDA:261,17,0,10
BRDA:261,17,1,10
BRDA:264,18,0,0
BRDA:264,18,1,10
BRDA:264,19,0,10
BRDA:264,19,1,10
BRDA:267,20,0,10
BRDA:267,20,1,140
BRDA:268,21,0,0
BRDA:268,21,1,10
BRDA:271,22,0,140
BRDA:271,22,1,0
BRDA:272,23,0,0
BRDA:272,23,1,140
BRDA:272,24,0,140
BRDA:272,24,1,140
BRDA:272,24,2,140
BRDA:273,25,0,0
BRDA:273,25,1,0
BRDA:276,26,0,140
BRDA:276,26,1,120
BRDA:278,27,0,0
BRDA:278,27,1,40
BRDA:278,28,0,40
BRDA:278,28,1,40
BRDA:282,29,0,0
BRDA:282,29,1,140
BRDA:282,30,0,140
BRDA:282,30,1,0
BRDA:285,31,0,0
BRDA:285,31,1,0
BRDA:285,32,0,0
BRDA:285,32,1,0
BRDA:290,33,0,140
BRDA:290,33,1,10
BRDA:292,34,0,607
BRDA:292,34,1,133
BRDA:292,35,0,740
BRDA:292,35,1,740
BRDA:296,36,0,0
BRDA:296,36,1,0
BRDA:297,37,0,0
BRDA:297,37,1,0
BRDA:311,38,0,0
BRDA:311,38,1,10
BRDA:311,39,0,10
BRDA:311,39,1,10
BRDA:315,40,0,0
BRDA:315,40,1,10
BRDA:315,41,0,10
BRDA:315,41,1,10
BRDA:319,42,0,0
BRDA:319,42,1,10
BRDA:319,43,0,10
BRDA:319,43,1,10
BRDA:326,44,0,20
BRDA:326,44,1,120
BRDA:326,45,0,140
BRDA:326,45,1,140
BRDA:329,46,0,0
BRDA:329,46,1,40
BRDA:329,47,0,40
BRDA:329,47,1,40
BRDA:329,47,2,40
BRDA:334,48,0,140
BRDA:334,48,1,0
BRDA:339,49,0,0
BRDA:339,49,1,10
BRDA:351,50,0,0
BRDA:351,50,1,0
BRDA:358,51,0,420
BRDA:358,51,1,420
BRDA:358,51,2,0
BRDA:389,52,0,0
BRDA:389,52,1,0
BRDA:398,53,0,0
BRDA:398,53,1,10
BRDA:398,54,0,10
BRDA:398,54,1,10
BRDA:403,55,0,140
BRDA:403,55,1,0
BRDA:404,56,0,140
BRDA:404,56,1,131
BRDA:406,57,0,130
BRDA:406,57,1,10
BRDA:411,58,0,34
BRDA:411,58,1,706
BRDA:411,59,0,740
BRDA:411,59,1,34
BRDA:425,60,0,140
BRDA:425,60,1,0
BRDA:433,61,0,10
BRDA:433,61,1,0
BRDA:434,62,0,10
BRDA:434,62,1,0
BRDA:435,63,0,10
BRDA:435,63,1,0
BRF:131
BRH:88
end_of_record
TN:
SF:src/features/branding/schemaVersion.js
FNF:0
FNH:0
DA:1,0
LF:1
LH:0
BRF:0
BRH:0
end_of_record
TN:
SF:src/features/branding/useBrandStudio.js
FN:8,useBrandStudio
FN:9,(anonymous_1)
FN:21,(anonymous_2)
FN:33,(anonymous_3)
FN:34,(anonymous_4)
FN:35,(anonymous_5)
FN:36,(anonymous_6)
FN:39,(anonymous_7)
FN:41,(anonymous_8)
FN:45,(anonymous_9)
FN:47,(anonymous_10)
FN:49,(anonymous_11)
FN:55,(anonymous_12)
FN:58,(anonymous_13)
FN:59,(anonymous_14)
FN:62,(anonymous_15)
FN:63,(anonymous_16)
FN:66,(anonymous_17)
FN:74,(anonymous_18)
FN:78,(anonymous_19)
FN:95,(anonymous_20)
FN:101,(anonymous_21)
FN:110,(anonymous_22)
FN:116,(anonymous_23)
FN:124,(anonymous_24)
FN:126,(anonymous_25)
FN:127,(anonymous_26)
FN:130,(anonymous_27)
FN:146,(anonymous_28)
FN:152,(anonymous_29)
FN:153,(anonymous_30)
FN:156,(anonymous_31)
FN:160,(anonymous_32)
FNF:33
FNH:9
FNDA:6,useBrandStudio
FNDA:6,(anonymous_1)
FNDA:6,(anonymous_2)
FNDA:6,(anonymous_3)
FNDA:6,(anonymous_4)
FNDA:0,(anonymous_5)
FNDA:6,(anonymous_6)
FNDA:6,(anonymous_7)
FNDA:6,(anonymous_8)
FNDA:6,(anonymous_9)
FNDA:0,(anonymous_10)
FNDA:0,(anonymous_11)
FNDA:0,(anonymous_12)
FNDA:0,(anonymous_13)
FNDA:0,(anonymous_14)
FNDA:0,(anonymous_15)
FNDA:0,(anonymous_16)
FNDA:0,(anonymous_17)
FNDA:0,(anonymous_18)
FNDA:0,(anonymous_19)
FNDA:0,(anonymous_20)
FNDA:0,(anonymous_21)
FNDA:0,(anonymous_22)
FNDA:0,(anonymous_23)
FNDA:0,(anonymous_24)
FNDA:0,(anonymous_25)
FNDA:0,(anonymous_26)
FNDA:0,(anonymous_27)
FNDA:0,(anonymous_28)
FNDA:0,(anonymous_29)
FNDA:0,(anonymous_30)
FNDA:0,(anonymous_31)
FNDA:0,(anonymous_32)
DA:9,6
DA:10,6
DA:11,6
DA:12,6
DA:14,0
DA:17,6
DA:18,6
DA:19,6
DA:20,6
DA:21,6
DA:22,6
DA:23,6
DA:33,6
DA:34,6
DA:35,6
DA:36,6
DA:39,6
DA:40,6
DA:41,6
DA:45,6
DA:47,6
DA:48,0
DA:49,0
DA:50,0
DA:51,0
DA:52,0
DA:53,0
DA:55,0
DA:58,6
DA:59,0
DA:62,6
DA:63,0
DA:66,6
DA:67,0
DA:68,0
DA:69,0
DA:70,0
DA:71,0
DA:74,6
DA:75,0
DA:78,6
DA:80,0
DA:81,0
DA:82,0
DA:83,0
DA:84,0
DA:86,0
DA:87,0
DA:89,0
DA:90,0
DA:91,0
DA:92,0
DA:95,6
DA:96,0
DA:97,0
DA:98,0
DA:101,6
DA:102,0
DA:103,0
DA:104,0
DA:105,0
DA:106,0
DA:107,0
DA:110,6
DA:111,0
DA:112,0
DA:113,0
DA:116,6
DA:117,0
DA:118,0
DA:119,0
DA:120,0
DA:121,0
DA:124,6
DA:126,6
DA:127,0
DA:130,6
DA:131,0
DA:132,0
DA:142,0
DA:143,0
DA:146,6
DA:147,0
DA:148,0
DA:149,0
DA:152,6
DA:153,6
DA:156,6
DA:157,0
DA:160,6
DA:161,0
DA:164,6
LF:92
LH:38
BRDA:10,0,0,6
BRDA:10,0,1,6
BRDA:11,1,0,6
BRDA:11,1,1,0
BRDA:14,2,0,0
BRDA:14,2,1,0
BRDA:22,3,0,6
BRDA:22,3,1,0
BRDA:24,4,0,6
BRDA:24,4,1,6
BRDA:24,5,0,6
BRDA:24,5,1,6
BRDA:25,6,0,6
BRDA:25,6,1,0
BRDA:25,7,0,6
BRDA:25,7,1,6
BRDA:25,8,0,6
BRDA:25,8,1,6
BRDA:26,9,0,6
BRDA:26,9,1,6
BRDA:26,10,0,6
BRDA:26,10,1,6
BRDA:26,11,0,6
BRDA:26,11,1,6
BRDA:27,12,0,6
BRDA:27,12,1,6
BRDA:28,13,0,6
BRDA:28,13,1,6
BRDA:29,14,0,6
BRDA:29,14,1,6
BRDA:40,15,0,0
BRDA:40,15,1,6
BRDA:40,16,0,6
BRDA:40,16,1,0
BRDA:48,17,0,0
BRDA:48,17,1,0
BRDA:52,18,0,0
BRDA:52,18,1,0
BRDA:59,19,0,0
BRDA:59,19,1,0
BRDA:63,20,0,0
BRDA:63,20,1,0
BRDA:68,21,0,0
BRDA:68,21,1,0
BRDA:71,22,0,0
BRDA:71,22,1,0
BRDA:80,23,0,0
BRDA:80,23,1,0
BRDA:80,24,0,0
BRDA:80,24,1,0
BRDA:81,25,0,0
BRDA:81,25,1,0
BRDA:82,26,0,0
BRDA:82,26,1,0
BRDA:83,27,0,0
BRDA:83,27,1,0
BRDA:87,28,0,0
BRDA:87,28,1,0
BRDA:92,29,0,0
BRDA:92,29,1,0
BRDA:92,30,0,0
BRDA:92,30,1,0
BRDA:97,31,0,0
BRDA:97,31,1,0
BRDA:103,32,0,0
BRDA:103,32,1,0
BRDA:103,33,0,0
BRDA:103,33,1,0
BRDA:104,34,0,0
BRDA:104,34,1,0
BRDA:107,35,0,0
BRDA:107,35,1,0
BRDA:112,36,0,0
BRDA:112,36,1,0
BRDA:117,37,0,0
BRDA:117,37,1,0
BRDA:117,38,0,0
BRDA:117,38,1,0
BRDA:117,38,2,0
BRDA:121,39,0,0
BRDA:121,39,1,0
BRDA:134,40,0,0
BRDA:134,40,1,0
BRDA:134,41,0,0
BRDA:134,41,1,0
BRDA:135,42,0,0
BRDA:135,42,1,0
BRDA:135,43,0,0
BRDA:135,43,1,0
BRDA:136,44,0,0
BRDA:136,44,1,0
BRDA:136,45,0,0
BRDA:136,45,1,0
BRDA:137,46,0,0
BRDA:137,46,1,0
BRDA:137,47,0,0
BRDA:137,47,1,0
BRDA:138,48,0,0
BRDA:138,48,1,0
BRDA:139,49,0,0
BRDA:139,49,1,0
BRDA:140,50,0,0
BRDA:140,50,1,0
BRDA:143,51,0,0
BRDA:143,51,1,0
BRDA:148,52,0,0
BRDA:148,52,1,0
BRDA:148,53,0,0
BRDA:148,53,1,0
BRDA:157,54,0,0
BRDA:157,54,1,0
BRDA:161,55,0,0
BRDA:161,55,1,0
BRF:113
BRH:27
end_of_record
TN:
SF:src/features/dashboard/Dashboard.jsx
FN:9,Dashboard
FN:27,(anonymous_1)
FN:28,(anonymous_2)
FN:30,(anonymous_3)
FN:32,(anonymous_4)
FN:35,(anonymous_5)
FN:37,(anonymous_6)
FN:40,(anonymous_7)
FN:42,(anonymous_8)
FN:43,(anonymous_9)
FN:54,(anonymous_10)
FN:55,(anonymous_11)
FN:57,(anonymous_12)
FN:59,(anonymous_13)
FN:65,(anonymous_14)
FN:71,(anonymous_15)
FN:73,(anonymous_16)
FN:89,onChange
FN:92,(anonymous_18)
FN:117,(anonymous_19)
FN:128,onClick
FN:143,onClick_2
FN:147,(anonymous_22)
FN:169,(anonymous_23)
FN:177,onClick_3
FN:191,onClick_4
FN:199,onClick_5
FN:246,onClick_6
FN:261,onClick_7
FN:274,onClick_8
FN:275,onClick_9
FN:281,(anonymous_31)
FNF:32
FNH:0
FNDA:0,Dashboard
FNDA:0,(anonymous_1)
FNDA:0,(anonymous_2)
FNDA:0,(anonymous_3)
FNDA:0,(anonymous_4)
FNDA:0,(anonymous_5)
FNDA:0,(anonymous_6)
FNDA:0,(anonymous_7)
FNDA:0,(anonymous_8)
FNDA:0,(anonymous_9)
FNDA:0,(anonymous_10)
FNDA:0,(anonymous_11)
FNDA:0,(anonymous_12)
FNDA:0,(anonymous_13)
FNDA:0,(anonymous_14)
FNDA:0,(anonymous_15)
FNDA:0,(anonymous_16)
FNDA:0,onChange
FNDA:0,(anonymous_18)
FNDA:0,(anonymous_19)
FNDA:0,onClick
FNDA:0,onClick_2
FNDA:0,(anonymous_22)
FNDA:0,(anonymous_23)
FNDA:0,onClick_3
FNDA:0,onClick_4
FNDA:0,onClick_5
FNDA:0,onClick_6
FNDA:0,onClick_7
FNDA:0,onClick_8
FNDA:0,onClick_9
FNDA:0,(anonymous_31)
DA:10,0
DA:11,0
DA:18,0
DA:19,0
DA:22,0
DA:23,0
DA:24,0
DA:25,0
DA:27,0
DA:28,0
DA:30,0
DA:31,0
DA:32,0
DA:33,0
DA:35,0
DA:36,0
DA:37,0
DA:38,0
DA:40,0
DA:41,0
DA:42,0
DA:43,0
DA:44,0
DA:46,0
DA:48,0
DA:49,0
DA:50,0
DA:51,0
DA:52,0
DA:54,0
DA:55,0
DA:56,0
DA:57,0
DA:58,0
DA:59,0
DA:60,0
DA:64,0
DA:65,0
DA:66,0
DA:71,0
DA:72,0
DA:73,0
DA:74,0
DA:75,0
DA:77,0
DA:79,0
DA:89,0
DA:92,0
DA:118,0
DA:119,0
DA:128,0
DA:143,0
DA:148,0
DA:170,0
DA:177,0
DA:191,0
DA:199,0
DA:246,0
DA:261,0
DA:274,0
DA:275,0
DA:282,0
DA:283,0
LF:63
LH:0
BRDA:19,0,0,0
BRDA:19,0,1,0
BRDA:22,1,0,0
BRDA:22,1,1,0
BRDA:28,2,0,0
BRDA:28,2,1,0
BRDA:32,3,0,0
BRDA:32,3,1,0
BRDA:37,4,0,0
BRDA:37,4,1,0
BRDA:43,5,0,0
BRDA:43,5,1,0
BRDA:48,6,0,0
BRDA:48,6,1,0
BRDA:49,7,0,0
BRDA:49,7,1,0
BRDA:52,8,0,0
BRDA:52,8,1,0
BRDA:59,9,0,0
BRDA:59,9,1,0
BRDA:65,10,0,0
BRDA:65,10,1,0
BRDA:69,11,0,0
BRDA:69,11,1,0
BRDA:72,12,0,0
BRDA:72,12,1,0
BRDA:75,13,0,0
BRDA:75,13,1,0
BRDA:75,14,0,0
BRDA:75,14,1,0
BRDA:77,15,0,0
BRDA:77,15,1,0
BRDA:96,16,0,0
BRDA:96,16,1,0
BRDA:96,16,2,0
BRDA:120,17,0,0
BRDA:120,17,1,0
BRDA:121,18,0,0
BRDA:121,18,1,0
BRDA:122,19,0,0
BRDA:122,19,1,0
BRDA:136,20,0,0
BRDA:136,20,1,0
BRDA:151,21,0,0
BRDA:151,21,1,0
BRDA:152,22,0,0
BRDA:152,22,1,0
BRDA:157,23,0,0
BRDA:157,23,1,0
BRDA:162,24,0,0
BRDA:162,24,1,0
BRDA:162,25,0,0
BRDA:162,25,1,0
BRDA:192,26,0,0
BRDA:192,26,1,0
BRDA:200,27,0,0
BRDA:200,27,1,0
BRDA:206,28,0,0
BRDA:206,28,1,0
BRDA:211,29,0,0
BRDA:211,29,1,0
BRDA:211,30,0,0
BRDA:211,30,1,0
BRDA:235,31,0,0
BRDA:235,31,1,0
BRDA:260,32,0,0
BRDA:260,32,1,0
BRDA:266,33,0,0
BRDA:266,33,1,0
BRDA:287,34,0,0
BRDA:287,34,1,0
BRDA:289,35,0,0
BRDA:289,35,1,0
BRDA:290,36,0,0
BRDA:290,36,1,0
BRDA:295,37,0,0
BRDA:295,37,1,0
BRDA:295,38,0,0
BRDA:295,38,1,0
BRDA:298,39,0,0
BRDA:298,39,1,0
BRDA:299,40,0,0
BRDA:299,40,1,0
BRF:83
BRH:0
end_of_record
TN:
SF:src/features/email/EmailView.jsx
FN:8,EmailView
FN:18,(anonymous_1)
FN:36,(anonymous_2)
FN:38,(anonymous_3)
FN:41,(anonymous_4)
FN:65,(anonymous_5)
FN:68,(anonymous_6)
FN:87,onChange
FN:100,(anonymous_8)
FN:102,onClick
FN:109,onChange_2
FN:110,onChange_3
FN:111,onChange_4
FNF:13
FNH:0
FNDA:0,EmailView
FNDA:0,(anonymous_1)
FNDA:0,(anonymous_2)
FNDA:0,(anonymous_3)
FNDA:0,(anonymous_4)
FNDA:0,(anonymous_5)
FNDA:0,(anonymous_6)
FNDA:0,onChange
FNDA:0,(anonymous_8)
FNDA:0,onClick
FNDA:0,onChange_2
FNDA:0,onChange_3
FNDA:0,onChange_4
DA:9,0
DA:10,0
DA:11,0
DA:12,0
DA:13,0
DA:14,0
DA:15,0
DA:16,0
DA:18,0
DA:19,0
DA:20,0
DA:21,0
DA:22,0
DA:23,0
DA:24,0
DA:25,0
DA:26,0
DA:27,0
DA:28,0
DA:29,0
DA:31,0
DA:32,0
DA:33,0
DA:36,0
DA:37,0
DA:38,0
DA:39,0
DA:41,0
DA:42,0
DA:43,0
DA:44,0
DA:45,0
DA:46,0
DA:47,0
DA:48,0
DA:49,0
DA:50,0
DA:52,0
DA:53,0
DA:54,0
DA:55,0
DA:56,0
DA:57,0
DA:59,0
DA:61,0
DA:63,0
DA:65,0
DA:66,0
DA:67,0
DA:68,0
DA:69,0
DA:72,0
DA:87,0
DA:101,0
DA:102,0
DA:109,0
DA:110,0
DA:111,0
LF:58
LH:0
BRDA:19,0,0,0
BRDA:19,0,1,0
BRDA:21,1,0,0
BRDA:21,1,1,0
BRDA:24,2,0,0
BRDA:24,2,1,0
BRDA:27,3,0,0
BRDA:27,3,1,0
BRDA:27,4,0,0
BRDA:27,4,1,0
BRDA:39,5,0,0
BRDA:39,5,1,0
BRDA:42,6,0,0
BRDA:42,6,1,0
BRDA:42,7,0,0
BRDA:42,7,1,0
BRDA:42,7,2,0
BRDA:46,8,0,0
BRDA:46,8,1,0
BRDA:46,9,0,0
BRDA:46,9,1,0
BRDA:47,10,0,0
BRDA:47,10,1,0
BRDA:47,11,0,0
BRDA:47,11,1,0
BRDA:52,12,0,0
BRDA:52,12,1,0
BRDA:52,13,0,0
BRDA:52,13,1,0
BRDA:53,14,0,0
BRDA:53,14,1,0
BRDA:53,15,0,0
BRDA:53,15,1,0
BRDA:54,16,0,0
BRDA:54,16,1,0
BRDA:54,17,0,0
BRDA:54,17,1,0
BRDA:91,18,0,0
BRDA:91,18,1,0
BRDA:94,19,0,0
BRDA:94,19,1,0
BRDA:102,20,0,0
BRDA:102,20,1,0
BRDA:102,21,0,0
BRDA:102,21,1,0
BRDA:116,22,0,0
BRDA:116,22,1,0
BRDA:118,23,0,0
BRDA:118,23,1,0
BRDA:118,23,2,0
BRDA:118,23,3,0
BRDA:120,24,0,0
BRDA:120,24,1,0
BRF:53
BRH:0
end_of_record
TN:
SF:src/features/inventory/InventoryView.jsx
FN:11,initState
FN:28,reducer
FN:54,InventoryView
FN:59,(anonymous_3)
FN:61,(anonymous_4)
FN:69,(anonymous_5)
FN:81,(anonymous_6)
FN:93,(anonymous_7)
FN:98,(anonymous_8)
FN:98,(anonymous_9)
FN:110,(anonymous_10)
FN:122,(anonymous_11)
FN:134,(anonymous_12)
FN:138,(anonymous_13)
FN:140,(anonymous_14)
FN:140,(anonymous_15)
FN:143,(anonymous_16)
FN:144,(anonymous_17)
FN:154,(anonymous_18)
FN:171,onPDF
FN:172,onXLS
FN:173,onLocked
FN:176,onClick
FN:182,onClick_2
FN:191,(anonymous_24)
FN:194,onClick_3
FN:212,onChange
FN:241,onClick_4
FN:246,(anonymous_28)
FN:251,onClick_5
FN:261,(anonymous_30)
FN:287,onClick_6
FN:292,onClick_7
FN:293,onClick_8
FN:293,(anonymous_34)
FN:319,onClick_9
FN:325,(anonymous_36)
FN:325,(anonymous_37)
FN:340,onClick_10
FN:341,onClick_11
FN:341,(anonymous_40)
FN:352,onClose
FN:353,onChange_2
FN:354,onChange_3
FN:356,onChange_4
FN:357,onChange_5
FN:359,onChange_6
FN:363,onClose_2
FN:364,onChange_7
FN:365,onChange_8
FN:367,onChange_9
FN:368,onChange_10
FN:370,onChange_11
FN:374,onClose_3
FN:375,onSelect
FN:375,onChange_12
FN:376,onChange_13
FN:377,onChange_14
FN:378,onChange_15
FN:382,onClose_4
FN:383,onSelect_2
FN:383,onChange_16
FN:384,onChange_17
FN:385,onChange_18
FN:386,onChange_19
FN:390,onClose_5
FN:392,onChange_20
FNF:67
FNH:0
FNDA:0,initState
FNDA:0,reducer
FNDA:0,InventoryView
FNDA:0,(anonymous_3)
FNDA:0,(anonymous_4)
FNDA:0,(anonymous_5)
FNDA:0,(anonymous_6)
FNDA:0,(anonymous_7)
FNDA:0,(anonymous_8)
FNDA:0,(anonymous_9)
FNDA:0,(anonymous_10)
FNDA:0,(anonymous_11)
FNDA:0,(anonymous_12)
FNDA:0,(anonymous_13)
FNDA:0,(anonymous_14)
FNDA:0,(anonymous_15)
FNDA:0,(anonymous_16)
FNDA:0,(anonymous_17)
FNDA:0,(anonymous_18)
FNDA:0,onPDF
FNDA:0,onXLS
FNDA:0,onLocked
FNDA:0,onClick
FNDA:0,onClick_2
FNDA:0,(anonymous_24)
FNDA:0,onClick_3
FNDA:0,onChange
FNDA:0,onClick_4
FNDA:0,(anonymous_28)
FNDA:0,onClick_5
FNDA:0,(anonymous_30)
FNDA:0,onClick_6
FNDA:0,onClick_7
FNDA:0,onClick_8
FNDA:0,(anonymous_34)
FNDA:0,onClick_9
FNDA:0,(anonymous_36)
FNDA:0,(anonymous_37)
FNDA:0,onClick_10
FNDA:0,onClick_11
FNDA:0,(anonymous_40)
FNDA:0,onClose
FNDA:0,onChange_2
FNDA:0,onChange_3
FNDA:0,onChange_4
FNDA:0,onChange_5
FNDA:0,onChange_6
FNDA:0,onClose_2
FNDA:0,onChange_7
FNDA:0,onChange_8
FNDA:0,onChange_9
FNDA:0,onChange_10
FNDA:0,onChange_11
FNDA:0,onClose_3
FNDA:0,onSelect
FNDA:0,onChange_12
FNDA:0,onChange_13
FNDA:0,onChange_14
FNDA:0,onChange_15
FNDA:0,onClose_4
FNDA:0,onSelect_2
FNDA:0,onChange_16
FNDA:0,onChange_17
FNDA:0,onChange_18
FNDA:0,onChange_19
FNDA:0,onClose_5
FNDA:0,onChange_20
DA:9,0
DA:12,0
DA:29,0
DA:30,0
DA:31,0
DA:33,0
DA:34,0
DA:35,0
DA:37,0
DA:38,0
DA:39,0
DA:40,0
DA:41,0
DA:42,0
DA:43,0
DA:44,0
DA:45,0
DA:46,0
DA:47,0
DA:48,0
DA:49,0
DA:50,0
DA:55,0
DA:56,0
DA:57,0
DA:59,0
DA:60,0
DA:61,0
DA:62,0
DA:64,0
DA:65,0
DA:66,0
DA:69,0
DA:70,0
DA:71,0
DA:72,0
DA:73,0
DA:74,0
DA:75,0
DA:76,0
DA:77,0
DA:78,0
DA:79,0
DA:81,0
DA:82,0
DA:83,0
DA:84,0
DA:85,0
DA:86,0
DA:87,0
DA:88,0
DA:89,0
DA:90,0
DA:91,0
DA:93,0
DA:94,0
DA:95,0
DA:96,0
DA:97,0
DA:98,0
DA:99,0
DA:100,0
DA:101,0
DA:103,0
DA:104,0
DA:105,0
DA:106,0
DA:107,0
DA:108,0
DA:110,0
DA:111,0
DA:112,0
DA:113,0
DA:114,0
DA:115,0
DA:116,0
DA:117,0
DA:118,0
DA:119,0
DA:120,0
DA:122,0
DA:123,0
DA:124,0
DA:125,0
DA:126,0
DA:127,0
DA:128,0
DA:129,0
DA:130,0
DA:131,0
DA:132,0
DA:134,0
DA:135,0
DA:138,0
DA:139,0
DA:140,0
DA:142,0
DA:143,0
DA:145,0
DA:146,0
DA:147,0
DA:149,0
DA:152,0
DA:153,0
DA:154,0
DA:156,0
DA:161,0
DA:171,0
DA:172,0
DA:173,0
DA:176,0
DA:182,0
DA:192,0
DA:193,0
DA:194,0
DA:212,0
DA:241,0
DA:247,0
DA:248,0
DA:249,0
DA:251,0
DA:262,0
DA:263,0
DA:264,0
DA:265,0
DA:266,0
DA:287,0
DA:292,0
DA:293,0
DA:319,0
DA:325,0
DA:326,0
DA:340,0
DA:341,0
DA:352,0
DA:353,0
DA:354,0
DA:356,0
DA:357,0
DA:359,0
DA:363,0
DA:364,0
DA:365,0
DA:367,0
DA:368,0
DA:370,0
DA:374,0
DA:375,0
DA:376,0
DA:377,0
DA:378,0
DA:382,0
DA:383,0
DA:384,0
DA:385,0
DA:386,0
DA:390,0
DA:392,0
LF:158
LH:0
BRDA:29,0,0,0
BRDA:29,0,1,0
BRDA:29,0,2,0
BRDA:29,0,3,0
BRDA:29,0,4,0
BRDA:29,0,5,0
BRDA:29,0,6,0
BRDA:29,0,7,0
BRDA:29,0,8,0
BRDA:29,0,9,0
BRDA:29,0,10,0
BRDA:29,0,11,0
BRDA:29,0,12,0
BRDA:29,0,13,0
BRDA:29,0,14,0
BRDA:29,0,15,0
BRDA:29,0,16,0
BRDA:34,1,0,0
BRDA:34,1,1,0
BRDA:62,2,0,0
BRDA:62,2,1,0
BRDA:62,3,0,0
BRDA:62,3,1,0
BRDA:62,4,0,0
BRDA:62,4,1,0
BRDA:64,5,0,0
BRDA:64,5,1,0
BRDA:65,6,0,0
BRDA:65,6,1,0
BRDA:65,6,2,0
BRDA:66,7,0,0
BRDA:66,7,1,0
BRDA:70,8,0,0
BRDA:70,8,1,0
BRDA:70,9,0,0
BRDA:70,9,1,0
BRDA:71,10,0,0
BRDA:71,10,1,0
BRDA:74,11,0,0
BRDA:74,11,1,0
BRDA:74,12,0,0
BRDA:74,12,1,0
BRDA:74,13,0,0
BRDA:74,13,1,0
BRDA:75,14,0,0
BRDA:75,14,1,0
BRDA:82,15,0,0
BRDA:82,15,1,0
BRDA:82,16,0,0
BRDA:82,16,1,0
BRDA:83,17,0,0
BRDA:83,17,1,0
BRDA:86,18,0,0
BRDA:86,18,1,0
BRDA:86,19,0,0
BRDA:86,19,1,0
BRDA:86,20,0,0
BRDA:86,20,1,0
BRDA:86,21,0,0
BRDA:86,21,1,0
BRDA:87,22,0,0
BRDA:87,22,1,0
BRDA:94,23,0,0
BRDA:94,23,1,0
BRDA:94,24,0,0
BRDA:94,24,1,0
BRDA:95,25,0,0
BRDA:95,25,1,0
BRDA:98,26,0,0
BRDA:98,26,1,0
BRDA:99,27,0,0
BRDA:99,27,1,0
BRDA:99,28,0,0
BRDA:99,28,1,0
BRDA:101,29,0,0
BRDA:101,29,1,0
BRDA:104,30,0,0
BRDA:104,30,1,0
BRDA:105,31,0,0
BRDA:105,31,1,0
BRDA:111,32,0,0
BRDA:111,32,1,0
BRDA:111,33,0,0
BRDA:111,33,1,0
BRDA:112,34,0,0
BRDA:112,34,1,0
BRDA:116,35,0,0
BRDA:116,35,1,0
BRDA:123,36,0,0
BRDA:123,36,1,0
BRDA:123,37,0,0
BRDA:123,37,1,0
BRDA:124,38,0,0
BRDA:124,38,1,0
BRDA:128,39,0,0
BRDA:128,39,1,0
BRDA:139,40,0,0
BRDA:139,40,1,0
BRDA:143,41,0,0
BRDA:143,41,1,0
BRDA:143,42,0,0
BRDA:143,42,1,0
BRDA:145,43,0,0
BRDA:145,43,1,0
BRDA:146,44,0,0
BRDA:146,44,1,0
BRDA:154,45,0,0
BRDA:154,45,1,0
BRDA:167,46,0,0
BRDA:167,46,1,0
BRDA:167,47,0,0
BRDA:167,47,1,0
BRDA:169,48,0,0
BRDA:169,48,1,0
BRDA:169,48,2,0
BRDA:173,49,0,0
BRDA:173,49,1,0
BRDA:175,50,0,0
BRDA:175,50,1,0
BRDA:181,51,0,0
BRDA:181,51,1,0
BRDA:195,52,0,0
BRDA:195,52,1,0
BRDA:196,53,0,0
BRDA:196,53,1,0
BRDA:198,54,0,0
BRDA:198,54,1,0
BRDA:199,55,0,0
BRDA:199,55,1,0
BRDA:207,56,0,0
BRDA:207,56,1,0
BRDA:215,57,0,0
BRDA:215,57,1,0
BRDA:254,58,0,0
BRDA:254,58,1,0
BRDA:257,59,0,0
BRDA:257,59,1,0
BRDA:259,60,0,0
BRDA:259,60,1,0
BRDA:262,61,0,0
BRDA:262,61,1,0
BRDA:263,62,0,0
BRDA:263,62,1,0
BRDA:263,62,2,0
BRDA:264,63,0,0
BRDA:264,63,1,0
BRDA:264,64,0,0
BRDA:264,64,1,0
BRDA:265,65,0,0
BRDA:265,65,1,0
BRDA:265,66,0,0
BRDA:265,66,1,0
BRDA:265,67,0,0
BRDA:265,67,1,0
BRDA:272,68,0,0
BRDA:272,68,1,0
BRDA:278,69,0,0
BRDA:278,69,1,0
BRDA:279,70,0,0
BRDA:279,70,1,0
BRDA:282,71,0,0
BRDA:282,71,1,0
BRDA:286,72,0,0
BRDA:286,72,1,0
BRDA:288,73,0,0
BRDA:288,73,1,0
BRDA:288,74,0,0
BRDA:288,74,1,0
BRDA:289,75,0,0
BRDA:289,75,1,0
BRDA:292,76,0,0
BRDA:292,76,1,0
BRDA:292,77,0,0
BRDA:292,77,1,0
BRDA:292,78,0,0
BRDA:292,78,1,0
BRDA:293,79,0,0
BRDA:293,79,1,0
BRDA:308,80,0,0
BRDA:308,80,1,0
BRDA:310,81,0,0
BRDA:310,81,1,0
BRDA:336,82,0,0
BRDA:336,82,1,0
BRDA:340,83,0,0
BRDA:340,83,1,0
BRDA:341,84,0,0
BRDA:341,84,1,0
BRDA:351,85,0,0
BRDA:351,85,1,0
BRDA:362,86,0,0
BRDA:362,86,1,0
BRDA:373,87,0,0
BRDA:373,87,1,0
BRDA:381,88,0,0
BRDA:381,88,1,0
BRDA:389,89,0,0
BRDA:389,89,1,0
BRDA:389,89,2,0
BRDA:393,90,0,0
BRDA:393,90,1,0
BRDA:393,90,2,0
BRDA:393,91,0,0
BRDA:393,91,1,0
BRF:204
BRH:0
end_of_record
TN:
SF:src/features/inventory/useLosses.js
FN:6,useLosses
FN:9,(anonymous_1)
FN:17,(anonymous_2)
FN:22,(anonymous_3)
FN:27,(anonymous_4)
FN:32,(anonymous_5)
FN:34,(anonymous_6)
FN:34,(anonymous_7)
FNF:8
FNH:8
FNDA:19,useLosses
FNDA:10,(anonymous_1)
FNDA:5,(anonymous_2)
FNDA:3,(anonymous_3)
FNDA:1,(anonymous_4)
FNDA:2,(anonymous_5)
FNDA:1,(anonymous_6)
FNDA:1,(anonymous_7)
DA:7,19
DA:9,19
DA:10,10
DA:11,10
DA:12,9
DA:13,8
DA:14,6
DA:15,6
DA:16,10
DA:17,5
DA:18,5
DA:19,5
DA:22,19
DA:23,3
DA:24,2
DA:25,1
DA:26,3
DA:27,1
DA:28,1
DA:29,1
DA:32,19
DA:33,2
DA:34,1
DA:35,1
DA:36,1
DA:39,19
LF:26
LH:26
BRDA:11,0,0,1
BRDA:11,0,1,9
BRDA:12,1,0,1
BRDA:12,1,1,8
BRDA:12,2,0,9
BRDA:12,2,1,8
BRDA:13,3,0,2
BRDA:13,3,1,6
BRDA:13,4,0,8
BRDA:13,4,1,8
BRDA:15,5,0,6
BRDA:15,5,1,1
BRDA:16,6,0,1
BRDA:16,6,1,9
BRDA:23,7,0,1
BRDA:23,7,1,2
BRDA:23,8,0,3
BRDA:23,8,1,2
BRDA:24,9,0,1
BRDA:24,9,1,1
BRDA:24,10,0,2
BRDA:24,10,1,2
BRDA:25,11,0,1
BRDA:25,11,1,0
BRDA:26,12,0,0
BRDA:26,12,1,3
BRDA:33,13,0,1
BRDA:33,13,1,1
BRF:28
BRH:26
end_of_record
TN:
SF:src/features/inventory/useProducts.js
FN:6,useProducts
FN:9,(anonymous_1)
FN:19,(anonymous_2)
FN:24,(anonymous_3)
FN:28,(anonymous_4)
FN:33,(anonymous_5)
FN:35,(anonymous_6)
FN:35,(anonymous_7)
FN:40,(anonymous_8)
FN:41,(anonymous_9)
FN:46,(anonymous_10)
FNF:11
FNH:11
FNDA:25,useProducts
FNDA:11,(anonymous_1)
FNDA:7,(anonymous_2)
FNDA:2,(anonymous_3)
FNDA:1,(anonymous_4)
FNDA:1,(anonymous_5)
FNDA:1,(anonymous_6)
FNDA:1,(anonymous_7)
FNDA:4,(anonymous_8)
FNDA:3,(anonymous_9)
FNDA:3,(anonymous_10)
DA:7,25
DA:9,25
DA:10,11
DA:11,11
DA:12,10
DA:13,9
DA:14,8
DA:15,7
DA:16,7
DA:17,11
DA:18,11
DA:19,7
DA:20,7
DA:21,7
DA:24,25
DA:25,2
DA:26,1
DA:27,2
DA:28,1
DA:29,1
DA:30,1
DA:33,25
DA:34,1
DA:35,1
DA:36,1
DA:37,1
DA:40,25
DA:41,4
DA:42,4
DA:43,3
DA:44,4
DA:45,4
DA:46,3
DA:47,3
DA:48,3
DA:51,25
LF:36
LH:36
BRDA:11,0,0,1
BRDA:11,0,1,10
BRDA:12,1,0,1
BRDA:12,1,1,9
BRDA:12,2,0,10
BRDA:12,2,1,9
BRDA:13,3,0,1
BRDA:13,3,1,8
BRDA:13,4,0,9
BRDA:13,4,1,9
BRDA:14,5,0,1
BRDA:14,5,1,7
BRDA:14,6,0,8
BRDA:14,6,1,8
BRDA:16,7,0,7
BRDA:16,7,1,0
BRDA:16,8,0,7
BRDA:16,8,1,7
BRDA:17,9,0,11
BRDA:17,9,1,0
BRDA:17,10,0,11
BRDA:17,10,1,0
BRDA:18,11,0,0
BRDA:18,11,1,11
BRDA:25,12,0,1
BRDA:25,12,1,1
BRDA:25,13,0,2
BRDA:25,13,1,1
BRDA:26,14,0,1
BRDA:26,14,1,0
BRDA:26,15,0,2
BRDA:26,15,1,0
BRDA:26,16,0,1
BRDA:26,16,1,0
BRDA:26,17,0,2
BRDA:26,17,1,1
BRDA:27,18,0,0
BRDA:27,18,1,2
BRDA:34,19,0,0
BRDA:34,19,1,1
BRDA:42,20,0,1
BRDA:42,20,1,3
BRDA:43,21,0,3
BRDA:43,21,1,0
BRDA:45,22,0,0
BRDA:45,22,1,4
BRF:46
BRH:35
end_of_record
TN:
SF:src/features/landing/Landing.jsx
FN:19,(anonymous_0)
FN:22,useCountUp
FN:26,(anonymous_2)
FN:29,(anonymous_3)
FN:30,(anonymous_4)
FN:34,(anonymous_5)
FN:43,(anonymous_6)
FN:61,(anonymous_7)
FN:85,Landing
FN:89,(anonymous_9)
FN:90,(anonymous_10)
FN:92,(anonymous_11)
FN:109,(anonymous_12)
FN:109,(anonymous_13)
FN:175,(anonymous_14)
FN:214,(anonymous_15)
FN:279,(anonymous_16)
FN:305,(anonymous_17)
FN:332,(anonymous_18)
FN:350,(anonymous_19)
FN:393,(anonymous_20)
FN:394,(anonymous_21)
FN:401,(anonymous_22)
FN:433,(anonymous_23)
FN:457,(anonymous_24)
FN:497,(anonymous_25)
FN:522,(anonymous_26)
FN:540,(anonymous_27)
FN:544,onClick
FNF:29
FNH:0
FNDA:0,(anonymous_0)
FNDA:0,useCountUp
FNDA:0,(anonymous_2)
FNDA:0,(anonymous_3)
FNDA:0,(anonymous_4)
FNDA:0,(anonymous_5)
FNDA:0,(anonymous_6)
FNDA:0,(anonymous_7)
FNDA:0,Landing
FNDA:0,(anonymous_9)
FNDA:0,(anonymous_10)
FNDA:0,(anonymous_11)
FNDA:0,(anonymous_12)
FNDA:0,(anonymous_13)
FNDA:0,(anonymous_14)
FNDA:0,(anonymous_15)
FNDA:0,(anonymous_16)
FNDA:0,(anonymous_17)
FNDA:0,(anonymous_18)
FNDA:0,(anonymous_19)
FNDA:0,(anonymous_20)
FNDA:0,(anonymous_21)
FNDA:0,(anonymous_22)
FNDA:0,(anonymous_23)
FNDA:0,(anonymous_24)
FNDA:0,(anonymous_25)
FNDA:0,(anonymous_26)
FNDA:0,(anonymous_27)
FNDA:0,onClick
DA:6,0
DA:7,0
DA:8,0
DA:9,0
DA:10,0
DA:11,0
DA:12,0
DA:14,0
DA:15,0
DA:16,0
DA:17,0
DA:19,0
DA:23,0
DA:24,0
DA:25,0
DA:26,0
DA:27,0
DA:28,0
DA:29,0
DA:30,0
DA:31,0
DA:32,0
DA:33,0
DA:34,0
DA:35,0
DA:36,0
DA:37,0
DA:39,0
DA:42,0
DA:43,0
DA:44,0
DA:45,0
DA:48,0
DA:52,0
DA:61,0
DA:63,0
DA:71,0
DA:78,0
DA:86,0
DA:87,0
DA:89,0
DA:90,0
DA:91,0
DA:92,0
DA:95,0
DA:96,0
DA:97,0
DA:98,0
DA:99,0
DA:100,0
DA:101,0
DA:102,0
DA:104,0
DA:105,0
DA:108,0
DA:109,0
DA:111,0
DA:176,0
DA:215,0
DA:216,0
DA:280,0
DA:306,0
DA:333,0
DA:334,0
DA:335,0
DA:351,0
DA:352,0
DA:394,0
DA:395,0
DA:402,0
DA:434,0
DA:458,0
DA:459,0
DA:460,0
DA:461,0
DA:498,0
DA:499,0
DA:500,0
DA:507,0
DA:523,0
DA:541,0
DA:542,0
DA:544,0
LF:83
LH:0
BRDA:28,0,0,0
BRDA:28,0,1,0
BRDA:31,1,0,0
BRDA:31,1,1,0
BRDA:36,2,0,0
BRDA:36,2,1,0
BRDA:45,3,0,0
BRDA:45,3,1,0
BRDA:90,4,0,0
BRDA:90,4,1,0
BRDA:109,5,0,0
BRDA:109,5,1,0
BRDA:217,6,0,0
BRDA:217,6,1,0
BRDA:265,7,0,0
BRDA:265,7,1,0
BRDA:269,8,0,0
BRDA:269,8,1,0
BRDA:353,9,0,0
BRDA:353,9,1,0
BRDA:355,10,0,0
BRDA:355,10,1,0
BRDA:356,11,0,0
BRDA:356,11,1,0
BRDA:356,12,0,0
BRDA:356,12,1,0
BRDA:363,13,0,0
BRDA:363,13,1,0
BRDA:394,14,0,0
BRDA:394,14,1,0
BRDA:399,15,0,0
BRDA:399,15,1,0
BRDA:405,16,0,0
BRDA:405,16,1,0
BRDA:406,17,0,0
BRDA:406,17,1,0
BRDA:406,18,0,0
BRDA:406,18,1,0
BRDA:413,19,0,0
BRDA:413,19,1,0
BRDA:464,20,0,0
[...]
FN:3,PlanStatusCard
FN:14,(anonymous_1)
FN:26,(anonymous_2)
FN:33,(anonymous_3)
FNF:4
FNH:0
FNDA:0,PlanStatusCard
FNDA:0,(anonymous_1)
FNDA:0,(anonymous_2)
FNDA:0,(anonymous_3)
DA:4,0
DA:5,0
DA:15,0
DA:26,0
DA:34,0
DA:54,0
DA:55,0
DA:81,0
LF:8
LH:0
BRDA:4,0,0,0
BRDA:4,0,1,0
BRDA:16,1,0,0
BRDA:16,1,1,0
BRDA:16,2,0,0
BRDA:16,2,1,0
BRDA:22,3,0,0
BRDA:22,3,1,0
BRDA:47,4,0,0
BRDA:47,4,1,0
BRDA:54,5,0,0
BRDA:54,5,1,0
BRF:12
BRH:0
end_of_record
TN:
SF:src/shared/ui/SaleForm.jsx
FN:5,PSearch
FN:8,(anonymous_1)
FN:16,onChange
FN:17,onFocus
FN:18,onBlur
FN:18,(anonymous_5)
FN:25,(anonymous_6)
FN:27,onPointerDown
FN:43,CartRow
FN:48,onSelect
FN:48,onChange_2
FN:56,onChange_3
FN:57,onChange_4
FN:67,SaleForm
FN:73,(anonymous_14)
FN:75,(anonymous_15)
FN:76,(anonymous_16)
FN:76,(anonymous_17)
FN:78,(anonymous_18)
FN:79,(anonymous_19)
FN:79,(anonymous_20)
FN:81,(anonymous_21)
FN:82,(anonymous_22)
FN:93,(anonymous_23)
FN:121,(anonymous_24)
FN:124,(anonymous_25)
FN:124,(anonymous_26)
FN:124,(anonymous_27)
FN:129,onClick
FN:129,(anonymous_29)
FN:138,onChange_5
FN:139,onChange_6
FN:140,(anonymous_32)
FNF:33
FNH:0
FNDA:0,PSearch
FNDA:0,(anonymous_1)
FNDA:0,onChange
FNDA:0,onFocus
FNDA:0,onBlur
FNDA:0,(anonymous_5)
FNDA:0,(anonymous_6)
FNDA:0,onPointerDown
FNDA:0,CartRow
FNDA:0,onSelect
FNDA:0,onChange_2
FNDA:0,onChange_3
FNDA:0,onChange_4
FNDA:0,SaleForm
FNDA:0,(anonymous_14)
FNDA:0,(anonymous_15)
FNDA:0,(anonymous_16)
FNDA:0,(anonymous_17)
FNDA:0,(anonymous_18)
FNDA:0,(anonymous_19)
FNDA:0,(anonymous_20)
FNDA:0,(anonymous_21)
FNDA:0,(anonymous_22)
FNDA:0,(anonymous_23)
FNDA:0,(anonymous_24)
FNDA:0,(anonymous_25)
FNDA:0,(anonymous_26)
FNDA:0,(anonymous_27)
FNDA:0,onClick
FNDA:0,(anonymous_29)
FNDA:0,onChange_5
FNDA:0,onChange_6
FNDA:0,(anonymous_32)
DA:6,0
DA:7,0
DA:8,0
DA:10,0
DA:11,0
DA:12,0
DA:16,0
DA:17,0
DA:18,0
DA:26,0
DA:27,0
DA:44,0
DA:45,0
DA:48,0
DA:56,0
DA:57,0
DA:68,0
DA:69,0
DA:70,0
DA:71,0
DA:72,0
DA:73,0
DA:75,0
DA:76,0
DA:78,0
DA:79,0
DA:81,0
DA:82,0
DA:83,0
DA:84,0
DA:85,0
DA:87,0
DA:88,0
DA:89,0
DA:94,0
DA:104,0
DA:105,0
DA:108,0
DA:110,0
DA:122,0
DA:124,0
DA:129,0
DA:138,0
DA:139,0
DA:140,0
LF:45
LH:0
BRDA:7,0,0,0
BRDA:7,0,1,0
BRDA:11,1,0,0
BRDA:11,1,1,0
BRDA:19,2,0,0
BRDA:19,2,1,0
BRDA:19,3,0,0
BRDA:19,3,1,0
BRDA:23,4,0,0
BRDA:23,4,1,0
BRDA:23,4,2,0
BRDA:23,4,3,0
BRDA:29,5,0,0
BRDA:29,5,1,0
BRDA:31,6,0,0
BRDA:31,6,1,0
BRDA:31,7,0,0
BRDA:31,7,1,0
BRDA:31,8,0,0
BRDA:31,8,1,0
BRDA:44,9,0,0
BRDA:44,9,1,0
BRDA:44,10,0,0
BRDA:44,10,1,0
BRDA:49,11,0,0
BRDA:49,11,1,0
BRDA:57,12,0,0
BRDA:57,12,1,0
BRDA:57,13,0,0
BRDA:57,13,1,0
BRDA:57,13,2,0
BRDA:60,14,0,0
BRDA:60,14,1,0
BRDA:73,15,0,0
BRDA:73,15,1,0
BRDA:73,16,0,0
BRDA:73,16,1,0
BRDA:76,17,0,0
BRDA:76,17,1,0
BRDA:79,18,0,0
BRDA:79,18,1,0
BRDA:83,19,0,0
BRDA:83,19,1,0
BRDA:84,20,0,0
BRDA:84,20,1,0
BRDA:85,21,0,0
BRDA:85,21,1,0
BRDA:85,21,2,0
BRDA:87,22,0,0
BRDA:87,22,1,0
BRDA:87,23,0,0
BRDA:87,23,1,0
BRDA:92,24,0,0
BRDA:92,24,1,0
BRDA:96,25,0,0
BRDA:96,25,1,0
BRDA:97,26,0,0
BRDA:97,26,1,0
BRDA:104,27,0,0
BRDA:104,27,1,0
BRDA:124,28,0,0
BRDA:124,28,1,0
BRDA:147,29,0,0
BRDA:147,29,1,0
BRF:64
BRH:0
end_of_record
TN:
SF:src/shared/ui/Sidebar.jsx
FN:3,isValidUrl
FN:5,Sidebar
FN:9,(anonymous_2)
FN:10,(anonymous_3)
FN:11,(anonymous_4)
FN:14,(anonymous_5)
FN:16,(anonymous_6)
FN:17,(anonymous_7)
FN:18,(anonymous_8)
FN:20,NavBtn
FN:23,onClick
FNF:11
FNH:0
FNDA:0,isValidUrl
FNDA:0,Sidebar
FNDA:0,(anonymous_2)
FNDA:0,(anonymous_3)
FNDA:0,(anonymous_4)
FNDA:0,(anonymous_5)
FNDA:0,(anonymous_6)
FNDA:0,(anonymous_7)
FNDA:0,(anonymous_8)
FNDA:0,NavBtn
FNDA:0,onClick
DA:3,0
DA:6,0
DA:7,0
DA:8,0
DA:9,0
DA:10,0
DA:11,0
DA:12,0
DA:13,0
DA:14,0
DA:16,0
DA:17,0
DA:18,0
DA:21,0
DA:22,0
DA:23,0
DA:37,0
LF:17
LH:0
BRDA:3,0,0,0
BRDA:3,0,1,0
BRDA:3,1,0,0
BRDA:3,1,1,0
BRDA:16,2,0,0
BRDA:16,2,1,0
BRDA:24,3,0,0
BRDA:24,3,1,0
BRDA:25,4,0,0
BRDA:25,4,1,0
BRDA:26,5,0,0
BRDA:26,5,1,0
BRDA:27,6,0,0
BRDA:27,6,1,0
BRDA:29,7,0,0
BRDA:29,7,1,0
BRDA:30,8,0,0
BRDA:30,8,1,0
BRDA:39,9,0,0
BRDA:39,9,1,0
BRDA:41,10,0,0
BRDA:41,10,1,0
BRDA:42,11,0,0
BRDA:42,11,1,0
BRDA:45,12,0,0
BRDA:45,12,1,0
BRDA:48,13,0,0
BRDA:48,13,1,0
BRDA:52,14,0,0
BRDA:52,14,1,0
BRDA:62,15,0,0
BRDA:62,15,1,0
BRDA:66,16,0,0
BRDA:66,16,1,0
BRDA:66,17,0,0
BRDA:66,17,1,0
BRDA:67,18,0,0
BRDA:67,18,1,0
BRF:38
BRH:0
end_of_record
TN:
SF:src/shared/ui/StripeCheckout.jsx
FN:10,confirmLabel
FN:16,PaymentForm
FN:22,(anonymous_2)
FN:73,StripeCheckout
FN:126,onClick
FN:131,onClick_2
FNF:6
FNH:0
FNDA:0,confirmLabel
FNDA:0,PaymentForm
FNDA:0,(anonymous_2)
FNDA:0,StripeCheckout
FNDA:0,onClick
FNDA:0,onClick_2
DA:11,0
DA:12,0
DA:13,0
DA:17,0
DA:18,0
DA:19,0
DA:20,0
DA:22,0
DA:23,0
DA:24,0
DA:25,0
DA:26,0
DA:27,0
DA:28,0
DA:29,0
DA:30,0
DA:35,0
DA:36,0
DA:37,0
DA:38,0
DA:40,0
DA:41,0
DA:43,0
DA:45,0
DA:46,0
DA:48,0
DA:49,0
DA:53,0
DA:74,0
DA:75,0
DA:76,0
DA:78,0
DA:126,0
DA:131,0
LF:34
LH:0
BRDA:11,0,0,0
BRDA:11,0,1,0
BRDA:12,1,0,0
BRDA:12,1,1,0
BRDA:24,2,0,0
BRDA:24,2,1,0
BRDA:24,3,0,0
BRDA:24,3,1,0
BRDA:29,4,0,0
BRDA:29,4,1,0
BRDA:29,5,0,0
BRDA:29,5,1,0
BRDA:35,6,0,0
BRDA:35,6,1,0
BRDA:40,7,0,0
BRDA:40,7,1,0
BRDA:48,8,0,0
BRDA:48,8,1,0
BRDA:48,9,0,0
BRDA:48,9,1,0
BRDA:56,10,0,0
BRDA:56,10,1,0
BRDA:64,11,0,0
BRDA:64,11,1,0
BRDA:65,12,0,0
BRDA:65,12,1,0
BRDA:68,13,0,0
BRDA:68,13,1,0
BRDA:74,14,0,0
BRDA:74,14,1,0
BRDA:75,15,0,0
BRDA:75,15,1,0
BRDA:84,16,0,0
BRDA:84,16,1,0
BRDA:84,17,0,0
BRDA:84,17,1,0
BRDA:92,18,0,0
BRDA:92,18,1,0
BRDA:100,19,0,0
BRDA:100,19,1,0
BRDA:110,20,0,0
BRDA:110,20,1,0
BRDA:110,20,2,0
BRDA:110,20,3,0
BRDA:112,21,0,0
BRDA:112,21,1,0
BRDA:114,22,0,0
BRDA:114,22,1,0
BRDA:117,23,0,0
BRDA:117,23,1,0
BRDA:120,24,0,0
BRDA:120,24,1,0
BRDA:126,25,0,0
BRDA:126,25,1,0
BRDA:128,26,0,0
BRDA:128,26,1,0
BRDA:128,27,0,0
BRDA:128,27,1,0
BRDA:130,28,0,0
BRDA:130,28,1,0
BRDA:140,29,0,0
BRDA:140,29,1,0
BRDA:140,29,2,0
BRDA:140,29,3,0
BRDA:145,30,0,0
BRDA:145,30,1,0
BRDA:145,30,2,0
BRDA:145,30,3,0
BRF:68
BRH:0
end_of_record
TN:
SF:src/shared/ui/SyncBadge.jsx
FN:3,SyncBadge
FNF:1
FNH:0
FNDA:0,SyncBadge
DA:4,0
DA:5,0
DA:10,0
DA:11,0
DA:12,0
LF:5
LH:0
BRDA:4,0,0,0
BRDA:4,0,1,0
BRDA:11,1,0,0
BRDA:11,1,1,0
BRDA:14,2,0,0
BRDA:14,2,1,0
BRF:6
BRH:0
end_of_record
TN:
SF:src/shared/ui/ThemeToggle.jsx
FN:6,ThemeToggle
FNF:1
FNH:1
FNDA:4,ThemeToggle
DA:7,4
DA:8,4
DA:9,4
DA:13,4
DA:14,4
DA:15,4
DA:16,4
DA:20,4
LF:8
LH:8
BRDA:8,0,0,1
BRDA:8,0,1,3
BRDA:13,1,0,1
BRDA:13,1,1,3
BRDA:14,2,0,0
BRDA:14,2,1,4
BRDA:14,3,0,0
BRDA:14,3,1,0
BRDA:16,4,0,0
BRDA:16,4,1,4
BRDA:18,5,0,1
BRDA:18,5,1,3
BRDA:23,6,0,1
BRDA:23,6,1,3
BRF:14
BRH:10
end_of_record
TN:
SF:src/shared/ui/Toast.jsx
FN:15,Toast
FN:19,(anonymous_1)
FN:20,(anonymous_2)
FN:21,(anonymous_3)
FN:22,(anonymous_4)
FN:35,(anonymous_5)
FN:36,(anonymous_6)
FN:43,(anonymous_7)
FN:49,onClick
FNF:9
FNH:0
FNDA:0,Toast
FNDA:0,(anonymous_1)
FNDA:0,(anonymous_2)
FNDA:0,(anonymous_3)
FNDA:0,(anonymous_4)
FNDA:0,(anonymous_5)
FNDA:0,(anonymous_6)
FNDA:0,(anonymous_7)
FNDA:0,onClick
DA:3,0
DA:9,0
DA:16,0
DA:17,0
DA:19,0
DA:20,0
DA:21,0
DA:22,0
DA:23,0
DA:24,0
DA:25,0
DA:27,0
DA:31,0
DA:32,0
DA:33,0
DA:34,0
DA:35,0
DA:36,0
DA:37,0
DA:41,0
DA:44,0
DA:45,0
DA:46,0
DA:49,0
LF:24
LH:0
BRDA:27,0,0,0
BRDA:27,0,1,0
BRDA:31,1,0,0
BRDA:31,1,1,0
BRDA:31,2,0,0
BRDA:31,2,1,0
BRDA:31,2,2,0
BRDA:33,3,0,0
BRDA:33,3,1,0
BRDA:37,4,0,0
BRDA:37,4,1,0
BRDA:44,5,0,0
BRDA:44,5,1,0
BRDA:45,6,0,0
BRDA:45,6,1,0
BRDA:50,7,0,0
BRDA:50,7,1,0
BRF:17
BRH:0
end_of_record
TN:
SF:src/shared/ui/UpdateBanner.jsx
FN:4,UpdateBanner
FN:8,(anonymous_1)
FN:9,(anonymous_2)
FN:19,update
FNF:4
FNH:0
FNDA:0,UpdateBanner
FNDA:0,(anonymous_1)
FNDA:0,(anonymous_2)
FNDA:0,update
DA:5,0
DA:6,0
DA:8,0
DA:9,0
DA:10,0
DA:13,0
DA:15,0
DA:16,0
DA:17,0
DA:19,0
DA:21,0
LF:11
LH:0
BRDA:13,0,0,0
BRDA:13,0,1,0
BRDA:15,1,0,0
BRDA:15,1,1,0
BRDA:15,1,2,0
BRDA:17,2,0,0
BRDA:17,2,1,0
BRDA:17,3,0,0
BRDA:17,3,1,0
BRDA:32,4,0,0
BRDA:32,4,1,0
BRDA:35,5,0,0
BRDA:35,5,1,0
BRDA:44,6,0,0
BRDA:44,6,1,0
BRDA:48,7,0,0
BRDA:48,7,1,0
BRF:17
BRH:0
end_of_record
TN:
SF:src/shared/ui/UpdateCardModal.jsx
FN:11,CardFormInner
FN:17,(anonymous_1)
FN:76,CardFormView
FN:82,(anonymous_3)
FN:82,(anonymous_4)
FN:84,(anonymous_5)
FN:92,(anonymous_6)
FN:99,(anonymous_7)
FN:107,(anonymous_8)
FN:111,(anonymous_9)
FN:118,(anonymous_10)
FN:122,(anonymous_11)
FN:123,(anonymous_12)
FN:126,(anonymous_13)
FN:130,(anonymous_14)
FN:165,UpdateCardModal
FN:175,(anonymous_16)
FN:179,(anonymous_17)
FN:184,(anonymous_18)
FN:188,(anonymous_19)
FN:194,(anonymous_20)
FN:197,(anonymous_21)
FN:200,(anonymous_22)
FN:203,(anonymous_23)
FN:254,onClick
FN:257,onClick_2
FN:266,onClick_3
FN:280,(anonymous_27)
FNF:28
FNH:0
FNDA:0,CardFormInner
FNDA:0,(anonymous_1)
FNDA:0,CardFormView
FNDA:0,(anonymous_3)
FNDA:0,(anonymous_4)
FNDA:0,(anonymous_5)
FNDA:0,(anonymous_6)
FNDA:0,(anonymous_7)
FNDA:0,(anonymous_8)
FNDA:0,(anonymous_9)
FNDA:0,(anonymous_10)
FNDA:0,(anonymous_11)
FNDA:0,(anonymous_12)
FNDA:0,(anonymous_13)
FNDA:0,(anonymous_14)
FNDA:0,UpdateCardModal
FNDA:0,(anonymous_16)
FNDA:0,(anonymous_17)
FNDA:0,(anonymous_18)
FNDA:0,(anonymous_19)
FNDA:0,(anonymous_20)
FNDA:0,(anonymous_21)
FNDA:0,(anonymous_22)
FNDA:0,(anonymous_23)
FNDA:0,onClick
FNDA:0,onClick_2
FNDA:0,onClick_3
FNDA:0,(anonymous_27)
DA:12,0
DA:13,0
DA:14,0
DA:15,0
DA:17,0
DA:18,0
DA:19,0
DA:20,0
DA:21,0
DA:22,0
DA:23,0
DA:24,0
DA:26,0
DA:31,0
DA:32,0
DA:33,0
DA:34,0
DA:37,0
DA:38,0
DA:40,0
DA:41,0
DA:42,0
DA:43,0
DA:44,0
DA:45,0
DA:46,0
DA:48,0
DA:50,0
DA:51,0
DA:55,0
DA:77,0
DA:78,0
DA:79,0
DA:80,0
DA:81,0
DA:82,0
DA:84,0
DA:85,0
DA:86,0
DA:87,0
DA:88,0
DA:89,0
DA:90,0
DA:92,0
DA:93,0
DA:94,0
DA:95,0
DA:96,0
DA:97,0
DA:99,0
DA:100,0
DA:101,0
DA:102,0
DA:103,0
DA:104,0
DA:107,0
DA:108,0
DA:111,0
DA:112,0
DA:113,0
DA:114,0
DA:115,0
DA:117,0
DA:118,0
DA:119,0
DA:120,0
DA:121,0
DA:122,0
DA:124,0
DA:127,0
DA:130,0
DA:133,0
DA:135,0
DA:136,0
DA:144,0
DA:145,0
DA:155,0
DA:156,0
DA:162,0
DA:167,0
DA:168,0
DA:169,0
DA:170,0
DA:171,0
DA:172,0
DA:175,0
DA:176,0
DA:177,0
DA:178,0
DA:179,0
DA:180,0
DA:181,0
DA:182,0
DA:183,0
DA:184,0
DA:186,0
DA:187,0
DA:189,0
DA:190,0
DA:191,0
DA:192,0
DA:194,0
DA:197,0
DA:198,0
DA:199,0
DA:200,0
DA:203,0
DA:204,0
DA:205,0
DA:206,0
DA:207,0
DA:208,0
DA:209,0
DA:210,0
DA:211,0
DA:212,0
DA:214,0
DA:215,0
DA:216,0
DA:217,0
DA:218,0
DA:220,0
DA:221,0
DA:225,0
DA:254,0
DA:257,0
DA:266,0
DA:280,0
LF:128
LH:0
BRDA:19,0,0,0
BRDA:19,0,1,0
BRDA:19,1,0,0
BRDA:19,1,1,0
BRDA:24,2,0,0
BRDA:24,2,1,0
BRDA:24,3,0,0
BRDA:24,3,1,0
BRDA:31,4,0,0
BRDA:31,4,1,0
BRDA:37,5,0,0
BRDA:37,5,1,0
BRDA:37,6,0,0
BRDA:37,6,1,0
BRDA:38,7,0,0
BRDA:38,7,1,0
BRDA:41,8,0,0
BRDA:41,8,1,0
BRDA:41,9,0,0
BRDA:41,9,1,0
BRDA:42,10,0,0
BRDA:42,10,1,0
BRDA:42,11,0,0
BRDA:42,11,1,0
BRDA:50,12,0,0
BRDA:50,12,1,0
BRDA:50,13,0,0
BRDA:50,13,1,0
BRDA:58,14,0,0
BRDA:58,14,1,0
BRDA:66,15,0,0
BRDA:66,15,1,0
BRDA:67,16,0,0
BRDA:67,16,1,0
BRDA:93,17,0,0
BRDA:93,17,1,0
BRDA:93,18,0,0
BRDA:93,18,1,0
BRDA:95,19,0,0
BRDA:95,19,1,0
BRDA:100,20,0,0
BRDA:100,20,1,0
BRDA:100,21,0,0
BRDA:100,21,1,0
BRDA:102,22,0,0
BRDA:102,22,1,0
BRDA:112,23,0,0
BRDA:112,23,1,0
BRDA:112,24,0,0
BRDA:112,24,1,0
BRDA:113,25,0,0
BRDA:113,25,1,0
BRDA:119,26,0,0
BRDA:119,26,1,0
BRDA:119,27,0,0
BRDA:119,27,1,0
BRDA:120,28,0,0
BRDA:120,28,1,0
BRDA:120,29,0,0
BRDA:120,29,1,0
BRDA:121,30,0,0
BRDA:121,30,1,0
BRDA:121,31,0,0
BRDA:121,31,1,0
BRDA:130,32,0,0
BRDA:130,32,1,0
BRDA:133,33,0,0
BRDA:133,33,1,0
BRDA:135,34,0,0
BRDA:135,34,1,0
BRDA:144,35,0,0
BRDA:144,35,1,0
BRDA:155,36,0,0
BRDA:155,36,1,0
BRDA:155,37,0,0
BRDA:155,37,1,0
BRDA:180,38,0,0
BRDA:180,38,1,0
BRDA:181,39,0,0
BRDA:181,39,1,0
BRDA:181,40,0,0
BRDA:181,40,1,0
BRDA:182,41,0,0
BRDA:182,41,1,0
BRDA:182,42,0,0
BRDA:182,42,1,0
BRDA:183,43,0,0
BRDA:183,43,1,0
BRDA:183,44,0,0
BRDA:183,44,1,0
BRDA:184,45,0,0
BRDA:184,45,1,0
BRDA:189,46,0,0
BRDA:189,46,1,0
BRDA:192,47,0,0
BRDA:192,47,1,0
BRDA:198,48,0,0
BRDA:198,48,1,0
BRDA:199,49,0,0
BRDA:199,49,1,0
BRDA:207,50,0,0
BRDA:207,50,1,0
BRDA:207,51,0,0
BRDA:207,51,1,0
BRDA:208,52,0,0
BRDA:208,52,1,0
BRDA:208,53,0,0
BRDA:208,53,1,0
BRDA:210,54,0,0
BRDA:210,54,1,0
BRDA:214,55,0,0
BRDA:214,55,1,0
BRDA:215,56,0,0
BRDA:215,56,1,0
BRDA:220,57,0,0
BRDA:220,57,1,0
BRDA:220,58,0,0
BRDA:220,58,1,0
BRDA:220,59,0,0
BRDA:220,59,1,0
BRDA:232,60,0,0
BRDA:232,60,1,0
BRDA:241,61,0,0
BRDA:241,61,1,0
BRDA:248,62,0,0
BRDA:248,62,1,0
BRDA:251,63,0,0
BRDA:251,63,1,0
BRDA:252,64,0,0
BRDA:252,64,1,0
BRDA:262,65,0,0
BRDA:262,65,1,0
BRDA:271,66,0,0
BRDA:271,66,1,0
BRDA:279,67,0,0
BRDA:279,67,1,0
BRDA:280,68,0,0
BRDA:280,68,1,0
BRF:138
BRH:0
end_of_record
TN:
SF:src/shared/ui/UpgradeModal.jsx
FN:5,UpgradeModal
FN:7,(anonymous_1)
FN:10,(anonymous_2)
FN:41,(anonymous_3)
FN:54,(anonymous_4)
FN:63,onClick
FNF:6
FNH:0
FNDA:0,UpgradeModal
FNDA:0,(anonymous_1)
FNDA:0,(anonymous_2)
FNDA:0,(anonymous_3)
FNDA:0,(anonymous_4)
FNDA:0,onClick
DA:6,0
DA:7,0
DA:8,0
DA:10,0
DA:12,0
DA:13,0
DA:16,0
DA:42,0
DA:43,0
DA:44,0
DA:55,0
DA:63,0
LF:12
LH:0
BRDA:6,0,0,0
BRDA:6,0,1,0
BRDA:6,0,2,0
BRDA:12,1,0,0
BRDA:12,1,1,0
BRDA:13,2,0,0
BRDA:13,2,1,0
BRDA:25,3,0,0
BRDA:25,3,1,0
BRDA:28,4,0,0
BRDA:28,4,1,0
BRDA:29,5,0,0
BRDA:29,5,1,0
BRDA:45,6,0,0
BRDA:45,6,1,0
BRDA:45,7,0,0
BRDA:45,7,1,0
BRDA:49,8,0,0
BRDA:49,8,1,0
BRDA:65,9,0,0
BRDA:65,9,1,0
BRF:21
BRH:0
end_of_record
TN:
SF:src/shared/ui/UsageBar.jsx
FN:4,UsageBar
FN:31,KpiCard
FN:38,(anonymous_2)
FN:48,(anonymous_3)
FN:75,BarChartSVG
FN:77,(anonymous_5)
FN:82,(anonymous_6)
FN:87,(anonymous_7)
FN:88,(anonymous_8)
FN:89,(anonymous_9)
FN:95,(anonymous_10)
FNF:11
FNH:0
FNDA:0,UsageBar
FNDA:0,KpiCard
FNDA:0,(anonymous_2)
FNDA:0,(anonymous_3)
FNDA:0,BarChartSVG
FNDA:0,(anonymous_5)
FNDA:0,(anonymous_6)
FNDA:0,(anonymous_7)
FNDA:0,(anonymous_8)
FNDA:0,(anonymous_9)
FNDA:0,(anonymous_10)
DA:4,0
DA:5,0
DA:6,0
DA:7,0
DA:8,0
DA:9,0
DA:10,0
DA:11,0
DA:12,0
DA:31,0
DA:32,0
DA:33,0
DA:34,0
DA:35,0
DA:36,0
DA:37,0
DA:38,0
DA:39,0
DA:40,0
DA:43,0
DA:49,0
DA:75,0
DA:76,0
DA:77,0
DA:78,0
DA:79,0
DA:80,0
DA:82,0
DA:83,0
DA:84,0
DA:87,0
DA:88,0
DA:89,0
DA:91,0
DA:96,0
DA:97,0
DA:98,0
DA:99,0
LF:38
LH:0
BRDA:6,0,0,0
BRDA:6,0,1,0
BRDA:7,1,0,0
BRDA:7,1,1,0
BRDA:8,2,0,0
BRDA:8,2,1,0
BRDA:9,3,0,0
BRDA:9,3,1,0
BRDA:9,3,2,0
BRDA:10,4,0,0
BRDA:10,4,1,0
BRDA:10,5,0,0
BRDA:10,5,1,0
BRDA:11,6,0,0
BRDA:11,6,1,0
BRDA:11,7,0,0
BRDA:11,7,1,0
BRDA:18,8,0,0
BRDA:18,8,1,0
BRDA:21,9,0,0
BRDA:21,9,1,0
BRDA:33,10,0,0
BRDA:33,10,1,0
BRDA:34,11,0,0
BRDA:34,11,1,0
BRDA:35,12,0,0
BRDA:35,12,1,0
BRDA:36,13,0,0
BRDA:36,13,1,0
BRDA:36,14,0,0
BRDA:36,14,1,0
BRDA:39,15,0,0
BRDA:39,15,1,0
BRDA:40,16,0,0
BRDA:40,16,1,0
BRDA:40,17,0,0
BRDA:40,17,1,0
BRDA:44,18,0,0
BRDA:44,18,1,0
BRDA:45,19,0,0
BRDA:45,19,1,0
BRDA:46,20,0,0
BRDA:46,20,1,0
BRDA:47,21,0,0
BRDA:47,21,1,0
BRDA:48,22,0,0
BRDA:48,22,1,0
BRDA:49,23,0,0
BRDA:49,23,1,0
BRDA:49,24,0,0
BRDA:49,24,1,0
BRDA:54,25,0,0
BRDA:54,25,1,0
BRDA:57,26,0,0
BRDA:57,26,1,0
BRDA:57,26,2,0
BRDA:59,27,0,0
BRDA:59,27,1,0
BRDA:60,28,0,0
BRDA:60,28,1,0
BRDA:65,29,0,0
BRDA:65,29,1,0
BRDA:70,30,0,0
BRDA:70,30,1,0
BRDA:70,31,0,0
BRDA:70,31,1,0
BRDA:70,31,2,0
BRDA:70,31,3,0
BRDA:76,32,0,0
BRDA:76,32,1,0
BRDA:79,33,0,0
BRDA:79,33,1,0
BRDA:83,34,0,0
BRDA:83,34,1,0
BRDA:92,35,0,0
BRDA:92,35,1,0
BRDA:94,36,0,0
BRDA:94,36,1,0
BRDA:101,37,0,0
BRDA:101,37,1,0
BRDA:102,38,0,0
BRDA:102,38,1,0
BRF:82
BRH:0
end_of_record
TN:
SF:src/shared/ui/button.jsx
FN:32,Button
FNF:1
FNH:0
FNDA:0,Button
DA:6,1
DA:32,1
DA:33,0
DA:34,0
DA:42,1
LF:5
LH:3
BRDA:33,0,0,0
BRDA:33,0,1,0
BRF:2
BRH:0
end_of_record
TN:
SF:src/shared/ui/input.jsx
FN:4,Input
FNF:1
FNH:0
FNDA:0,Input
DA:4,1
DA:5,0
DA:17,1
LF:3
LH:2
BRF:0
BRH:0
end_of_record
TN:
SF:src/shared/ui/label.jsx
FN:10,Label
FNF:1
FNH:0
FNDA:0,Label
DA:6,1
DA:10,1
DA:11,0
DA:19,1
LF:4
LH:3
BRF:0
BRH:0
end_of_record
TN:
SF:src/shared/ui/spinner.jsx
FN:4,Spinner
FNF:1
FNH:0
FNDA:0,Spinner
DA:4,1
DA:5,0
DA:6,0
DA:18,1
LF:4
LH:2
BRDA:5,0,0,0
BRDA:5,0,1,0
BRDA:5,1,0,0
BRDA:5,1,1,0
BRF:4
BRH:0
end_of_record
TN:
SF:src/shared/ui/textarea.jsx
FN:4,Textarea
FNF:1
FNH:0
FNDA:0,Textarea
DA:4,1
DA:5,0
DA:16,1
LF:3
LH:2
BRF:0
BRH:0
end_of_record
TN:
SF:src/shared/ui/ui.jsx
FN:10,(anonymous_0)
FN:13,(anonymous_1)
FN:21,(anonymous_2)
FN:34,(anonymous_3)
FN:58,(anonymous_4)
FN:65,(anonymous_5)
FN:85,(anonymous_6)
FN:99,(anonymous_7)
FN:110,(anonymous_8)
FN:114,(anonymous_9)
FN:125,(anonymous_10)
FN:139,(anonymous_11)
FN:167,(anonymous_12)
FN:173,(anonymous_13)
FN:180,(anonymous_14)
FN:185,(anonymous_15)
FN:188,(anonymous_16)
FN:217,(anonymous_17)
FN:225,(anonymous_18)
FN:233,(anonymous_19)
FN:253,(anonymous_20)
FN:257,(anonymous_21)
FN:265,(anonymous_22)
FN:269,(anonymous_23)
FNF:24
FNH:3
FNDA:18,(anonymous_0)
FNDA:0,(anonymous_1)
FNDA:18,(anonymous_2)
FNDA:0,(anonymous_3)
FNDA:0,(anonymous_4)
FNDA:0,(anonymous_5)
FNDA:0,(anonymous_6)
FNDA:0,(anonymous_7)
FNDA:0,(anonymous_8)
FNDA:0,(anonymous_9)
FNDA:0,(anonymous_10)
FNDA:0,(anonymous_11)
FNDA:0,(anonymous_12)
FNDA:0,(anonymous_13)
FNDA:0,(anonymous_14)
FNDA:0,(anonymous_15)
FNDA:0,(anonymous_16)
FNDA:0,(anonymous_17)
FNDA:0,(anonymous_18)
FNDA:6,(anonymous_19)
FNDA:0,(anonymous_20)
FNDA:0,(anonymous_21)
FNDA:0,(anonymous_22)
FNDA:0,(anonymous_23)
DA:10,1
DA:11,18
DA:13,1
DA:14,0
DA:18,0
DA:21,1
DA:22,18
DA:23,18
DA:24,18
DA:25,18
DA:26,18
DA:34,1
DA:35,0
DA:36,0
DA:37,0
DA:58,1
DA:59,0
DA:60,0
DA:61,0
DA:62,0
DA:63,0
DA:65,0
DA:66,0
DA:67,0
DA:68,0
DA:71,0
DA:72,0
DA:73,0
DA:74,0
DA:76,0
DA:85,1
DA:86,0
DA:87,0
DA:88,0
DA:99,1
DA:100,0
DA:101,0
DA:102,0
DA:110,1
DA:111,0
DA:114,1
DA:115,0
DA:116,0
DA:117,0
DA:118,0
DA:125,1
DA:126,0
DA:127,0
DA:129,0
DA:139,1
DA:140,0
DA:167,1
DA:168,0
DA:169,0
DA:170,0
DA:171,0
DA:173,0
DA:174,0
DA:175,0
DA:176,0
DA:177,0
DA:178,0
DA:179,0
DA:180,0
DA:181,0
DA:182,0
DA:183,0
DA:185,0
DA:186,0
DA:187,0
DA:188,0
DA:189,0
DA:190,0
DA:191,0
DA:196,0
DA:217,1
DA:218,0
DA:225,1
DA:226,0
DA:233,1
DA:234,6
DA:235,6
DA:253,1
DA:254,0
DA:257,1
DA:258,0
DA:265,0
DA:269,0
LF:88
LH:25
BRDA:14,0,0,0
BRDA:14,0,1,0
BRDA:15,1,0,0
BRDA:15,1,1,0
BRDA:16,2,0,0
BRDA:16,2,1,0
BRDA:17,3,0,0
BRDA:17,3,1,0
BRDA:22,4,0,18
BRDA:22,4,1,0
BRDA:23,5,0,0
BRDA:23,5,1,18
BRDA:24,6,0,0
BRDA:24,6,1,18
BRDA:25,7,0,0
BRDA:25,7,1,18
BRDA:28,8,0,18
BRDA:28,8,1,0
BRDA:28,9,0,0
BRDA:28,9,1,0
BRDA:36,10,0,0
BRDA:36,10,1,0
BRDA:38,11,0,0
BRDA:38,11,1,0
BRDA:39,12,0,0
BRDA:39,12,1,0
BRDA:41,13,0,0
BRDA:41,13,1,0
BRDA:46,14,0,0
BRDA:46,14,1,0
BRDA:46,15,0,0
BRDA:46,15,1,0
BRDA:47,16,0,0
BRDA:47,16,1,0
BRDA:48,17,0,0
BRDA:48,17,1,0
BRDA:51,18,0,0
BRDA:51,18,1,0
BRDA:51,18,2,0
BRDA:52,19,0,0
BRDA:52,19,1,0
BRDA:52,20,0,0
BRDA:52,20,1,0
BRDA:52,21,0,0
BRDA:52,21,1,0
BRDA:60,22,0,0
BRDA:60,22,1,0
BRDA:60,23,0,0
BRDA:60,23,1,0
BRDA:68,24,0,0
BRDA:68,24,1,0
BRDA:74,25,0,0
BRDA:74,25,1,0
BRDA:74,26,0,0
BRDA:74,26,1,0
BRDA:78,27,0,0
BRDA:78,27,1,0
BRDA:87,28,0,0
BRDA:87,28,1,0
BRDA:89,29,0,0
BRDA:89,29,1,0
BRDA:90,30,0,0
BRDA:90,30,1,0
BRDA:101,31,0,0
BRDA:101,31,1,0
BRDA:103,32,0,0
BRDA:103,32,1,0
BRDA:104,33,0,0
BRDA:104,33,1,0
BRDA:111,34,0,0
BRDA:111,34,1,0
BRDA:115,35,0,0
BRDA:115,35,1,0
BRDA:115,36,0,0
BRDA:115,36,1,0
BRDA:115,37,0,0
BRDA:115,37,1,0
BRDA:116,38,0,0
BRDA:116,38,1,0
BRDA:117,39,0,0
BRDA:117,39,1,0
BRDA:119,40,0,0
BRDA:119,40,1,0
BRDA:120,41,0,0
BRDA:120,41,1,0
BRDA:120,42,0,0
BRDA:120,42,1,0
BRDA:120,43,0,0
BRDA:120,43,1,0
BRDA:126,44,0,0
BRDA:126,44,1,0
BRDA:132,45,0,0
BRDA:132,45,1,0
BRDA:132,46,0,0
BRDA:132,46,1,0
BRDA:143,47,0,0
BRDA:143,47,1,0
BRDA:143,48,0,0
BRDA:143,48,1,0
BRDA:143,48,2,0
BRDA:145,49,0,0
BRDA:145,49,1,0
BRDA:156,50,0,0
BRDA:156,50,1,0
BRDA:159,51,0,0
BRDA:159,51,1,0
BRDA:168,52,0,0
BRDA:168,52,1,0
BRDA:176,53,0,0
BRDA:176,53,1,0
BRDA:181,54,0,0
BRDA:181,54,1,0
BRDA:182,55,0,0
BRDA:182,55,1,0
BRDA:182,56,0,0
BRDA:182,56,1,0
BRDA:183,57,0,0
BRDA:183,57,1,0
BRDA:183,58,0,0
BRDA:183,58,1,0
BRDA:185,59,0,0
BRDA:185,59,1,0
BRDA:198,60,0,0
BRDA:198,60,1,0
BRDA:209,61,0,0
BRDA:209,61,1,0
BRDA:209,62,0,0
BRDA:209,62,1,0
BRDA:234,63,0,6
BRDA:234,63,1,6
BRDA:238,64,0,6
BRDA:238,64,1,6
BRDA:245,65,0,6
BRDA:245,65,1,6
BRDA:248,66,0,6
BRDA:248,66,1,0
BRDA:254,67,0,0
BRDA:254,67,1,0
BRDA:254,68,0,0
BRDA:254,68,1,0
BRDA:254,69,0,0
BRDA:254,69,1,0
BRDA:254,70,0,0
BRDA:254,70,1,0
BRF:144
BRH:12
end_of_record
